 brew deps --tree curl
curl
├── brotli
├── libidn2
│   ├── gettext
│   │   └── ncurses
│   └── libunistring
├── libmetalink
│   └── expat
│       └── libbsd
├── libssh2
│   ├── openssl@1.1
│   └── zlib
├── nghttp2
│   ├── c-ares
│   ├── jansson
│   ├── jemalloc
│   ├── libev
│   ├── libevent
│   │   └── openssl@1.1
│   ├── openssl@1.1
│   ├── libxml2
│   │   ├── python@3.9
│   │   │   ├── gdbm
│   │   │   ├── openssl@1.1
│   │   │   ├── readline
│   │   │   │   └── ncurses
│   │   │   ├── sqlite
│   │   │   │   ├── readline
│   │   │   │   │   └── ncurses
│   │   │   │   └── zlib
│   │   │   ├── xz
│   │   │   ├── bzip2
│   │   │   ├── libffi
│   │   │   ├── ncurses
│   │   │   ├── unzip
│   │   │   │   └── bzip2
│   │   │   └── zlib
│   │   ├── readline
│   │   │   └── ncurses
│   │   └── zlib
│   └── zlib
├── openldap
│   ├── openssl@1.1
│   └── util-linux
│       ├── ncurses
│       └── zlib
├── openssl@1.1
├── rtmpdump
│   ├── openssl@1.1
│   └── zlib
├── zstd
│   └── zlib
└── zlib