2020/04/02 12:25:53:["s:on_text_document_did_close()",1]
2020/04/02 12:25:53:["lsp#register_server","server registered","clangd"]
2020/04/02 12:25:53:["s:on_text_document_did_open()",2,"c","C:\\Users\\<username>","file:///C:/Users/<username>/tmp/test.c"]
2020/04/02 12:25:53:["Starting server","clangd",["C:\\Program Files\\LLVM\\bin\\clangd.exe","--background-index","-j=4"]]
2020/04/02 12:25:53:[{"response":{"data":{"__data__":"vim-lsp","lsp_id":3,"server_name":"clangd"},"message":"started lsp server successfully"}}]
2020/04/02 12:25:53:["--->",3,"clangd",{"method":"initialize","params":{"rootUri":"file:///C:/Users/<username>","initializationOptions":null,"capabilities":{"workspace":{"configuration":true,"applyEdit":true},"textDocument":{"implementation":{"linkSupport":true},"documentSymbol":{"symbolKind":{"valueSet":[10,11,12,13,14,15,16,17,18,19,20,21,22,23,24,25,26,1,2,3,4,5,6,7,8,9]},"hierarchicalDocumentSymbolSupport":false},"semanticHighlightingCapabilities":{"semanticHighlighting":false},"codeAction":{"codeActionLiteralSupport":{"codeActionKind":{"valueSet":["","quickfix","refactor","refactor.extract","refactor.inline","refactor.rewrite","source","source.organizeImports"]}},"dynamicRegistration":false},"completion":{"completionItem":{"snippetSupport":true,"documentationFormat":["plaintext"]},"completionItemKind":{"valueSet":[10,11,12,13,14,15,16,17,18,19,20,21,22,23,24,25,1,2,3,4,5,6,7,8,9]}},"foldingRange":{"lineFoldingOnly":true},"typeDefinition":{"linkSupport":true},"typeHierarchy":false,"declaration":{"linkSupport":true},"definition":{"linkSupport":true}}},"rootPath":"C:\\Users\\<username>","processId":15752,"trace":"off"}}]
2020/04/02 12:25:53:[{"response":{"data":{"__data__":"vim-lsp","server_name":"efm-langserver"},"message":"server already started"}}]
2020/04/02 12:25:53:[{"response":{"data":{"__data__":"vim-lsp","init_result":{"id":1,"result":{"capabilities":{"hoverProvider":true,"documentFormattingProvider":true,"codeActionProvider":true,"workspace":{"workspaceFolders":{"changeNotifications":true,"supported":true}},"definitionProvider":true,"textDocumentSync":1}},"jsonrpc":"2.0"},"server_name":"efm-langserver"},"message":"lsp server already initialized"}}]
2020/04/02 12:25:53:[{"response":{"data":{"__data__":"vim-lsp","server_name":"efm-langserver"},"message":"configuration sent"}}]
2020/04/02 12:25:53:["s:update_file_content()",2]
2020/04/02 12:25:53:["--->",2,"efm-langserver",{"method":"textDocument/didOpen","params":{"textDocument":{"uri":"file:///C:/Users/<username>/tmp/test.c","version":1,"languageId":"c","text":"#include <stdio.h>\n\nint\nmain(int argc, char* argv[]) {\n  // int a;\n  printf();\n  return 0;\n}\n"}}}]
2020/04/02 12:25:53:[{"response":{"data":{"path":"file:///C:/Users/<username>/tmp/test.c","__data__":"vim-lsp","filetype":"c","server_name":"efm-langserver"},"message":"textDocument/open sent"}}]
2020/04/02 12:25:53:[{"response":{"data":{"path":"file:///C:/Users/<username>/tmp/test.c","__data__":"vim-lsp","server_name":"efm-langserver"},"message":"not dirty"}}]
2020/04/02 12:25:53:["<---",3,"clangd",{"response":{"id":1,"jsonrpc":"2.0","result":{"capabilities":{"executeCommandProvider":{"commands":["clangd.applyFix","clangd.applyTweak"]},"documentHighlightProvider":true,"hoverProvider":true,"workspaceSymbolProvider":true,"referencesProvider":true,"documentRangeFormattingProvider":true,"signatureHelpProvider":{"triggerCharacters":["(",","]},"codeActionProvider":{"codeActionKinds":["quickfix","refactor","info"]},"textDocumentSync":2,"documentLinkProvider":{"resolveProvider":false},"declarationProvider":true,"documentOnTypeFormattingProvider":{"moreTriggerCharacter":[],"firstTriggerCharacter":"\n"},"definitionProvider":true,"selectionRangeProvider":true,"typeHierarchyProvider":true,"documentFormattingProvider":true,"documentSymbolProvider":true,"renameProvider":true,"completionProvider":{"resolveProvider":false,"triggerCharacters":[".",">",":"]}}}},"request":{"id":1,"jsonrpc":"2.0","method":"initialize","params":{"rootUri":"file:///C:/Users/<username>","initializationOptions":null,"capabilities":{"workspace":{"configuration":true,"applyEdit":true},"textDocument":{"implementation":{"linkSupport":true},"documentSymbol":{"symbolKind":{"valueSet":[10,11,12,13,14,15,16,17,18,19,20,21,22,23,24,25,26,1,2,3,4,5,6,7,8,9]},"hierarchicalDocumentSymbolSupport":false},"semanticHighlightingCapabilities":{"semanticHighlighting":false},"codeAction":{"codeActionLiteralSupport":{"codeActionKind":{"valueSet":["","quickfix","refactor","refactor.extract","refactor.inline","refactor.rewrite","source","source.organizeImports"]}},"dynamicRegistration":false},"completion":{"completionItem":{"snippetSupport":true,"documentationFormat":["plaintext"]},"completionItemKind":{"valueSet":[10,11,12,13,14,15,16,17,18,19,20,21,22,23,24,25,1,2,3,4,5,6,7,8,9]}},"foldingRange":{"lineFoldingOnly":true},"typeDefinition":{"linkSupport":true},"typeHierarchy":false,"declaration":{"linkSupport":true},"definition":{"linkSupport":true}}},"rootPath":"C:\\Users\\<username>","processId":15752,"trace":"off"}}}]
2020/04/02 12:25:53:["--->",3,"clangd",{"method":"initialized","params":{}}]
2020/04/02 12:25:53:["--->",3,"clangd",{"method":"workspace/didChangeConfiguration","params":{"settings":{}}}]
2020/04/02 12:25:53:[{"response":{"data":{"__data__":"vim-lsp","server_name":"clangd"},"message":"configuration sent"}}]
2020/04/02 12:25:53:["s:update_file_content()",2]
2020/04/02 12:25:53:["--->",3,"clangd",{"method":"textDocument/didOpen","params":{"textDocument":{"uri":"file:///C:/Users/<username>/tmp/test.c","version":1,"languageId":"c","text":"#include <stdio.h>\n\nint\nmain(int argc, char* argv[]) {\n  // int a;\n  printf();\n  return 0;\n}\n"}}}]
2020/04/02 12:25:53:[{"response":{"data":{"path":"file:///C:/Users/<username>/tmp/test.c","__data__":"vim-lsp","filetype":"c","server_name":"clangd"},"message":"textDocument/open sent"}}]
2020/04/02 12:25:53:[{"response":{"data":{"path":"file:///C:/Users/<username>/tmp/test.c","__data__":"vim-lsp","server_name":"clangd"},"message":"not dirty"}}]
2020/04/02 12:25:53:["s:on_stdout client option on_notification() error","Vim(call):E20: マークは設定されていません"]
2020/04/02 12:25:53:["<---(stderr)",3,"clangd",["I[12:25:53.899] clangd version 10.0.0 \r","I[12:25:53.901] Working directory: C:\\Users\\<username>\r","I[12:25:53.901] argv[0]: C:\\Program Files\\LLVM\\bin\\clangd.exe\r","I[12:25:53.901] argv[1]: --background-index\r","I[12:25:53.901] argv[2]: -j=4\r","I[12:25:53.901] Starting LSP over stdin/stdout\r","I[12:25:53.901] <-- initialize(1)\r","I[12:25:53.910] --> reply:initialize(1) 8 ms\r",""]]
2020/04/02 12:25:53:["<---(stderr)",3,"clangd",["I[12:25:53.950] <-- initialized\r","I[12:25:53.950] unhandled notification initialized\r","I[12:25:53.950] <-- workspace/didChangeConfiguration\r","I[12:25:53.954] <-- textDocument/didOpen\r",""]]
2020/04/02 12:25:54:["<---(stderr)",3,"clangd",["I[12:25:53.996] Failed to find compilation database for C:\\Users\\<username>\\tmp\\test.c\r","I[12:25:53.996] Updating file C:\\Users\\<username>\\tmp\\test.c with command clangd fallback\r","[C:\\Users\\<username>\\tmp]\r","C:\\Program Files\\LLVM\\bin\\clang C:\\Users\\<username>\\tmp\\test.c -fsyntax-only -resource-dir=C:\\Program Files\\LLVM\\lib\\clang\\10.0.0\r",""]]
2020/04/02 12:25:54:["<---",3,"clangd",{"response":{"method":"textDocument/publishDiagnostics","jsonrpc":"2.0","params":{"diagnostics":[{"source":"clang","range":{"end":{"character":10,"line":5},"start":{"character":9,"line":5}},"code":"typecheck_call_too_few_args_at_least_one","message":"Too few arguments to function call, at least argument '_Format' must be specified","severity":1}],"uri":"file:///C:/Users/<username>/tmp/test.c"}}}]
2020/04/02 12:25:54:["add signs",1]
2020/04/02 12:25:54:["<---(stderr)",3,"clangd",["I[12:25:54.324] --> textDocument/publishDiagnostics\r",""]]
2020/04/02 12:25:54:["<---",2,"efm-langserver",{"response":{"method":"window/logMessage","jsonrpc":"2.0","params":{"message":"command exit with zero. probably you forgot to specify `lint-ignore-exit-code: true`.","type":1}}}]
2020/04/02 12:25:54:["<---",2,"efm-langserver",{"response":{"method":"textDocument/publishDiagnostics","jsonrpc":"2.0","params":{"uri":"file:///C:/Users/<username>/tmp/test.c","diagnostics":[]}}}]
2020/04/02 12:26:05:["s:on_text_document_did_close()",2]
2020/04/02 12:26:07:["s:on_text_document_did_change()",2]
2020/04/02 12:26:07:["s:send_didchange_queue() will be triggered"]
2020/04/02 12:26:07:["s:on_text_document_did_change()",2]
2020/04/02 12:26:08:["s:send_event_queue()"]
2020/04/02 12:26:08:[{"response":{"data":{"__data__":"vim-lsp","server_name":"clangd"},"message":"server already started"}}]
2020/04/02 12:26:08:[{"response":{"data":{"__data__":"vim-lsp","init_result":{"id":1,"jsonrpc":"2.0","result":{"capabilities":{"executeCommandProvider":{"commands":["clangd.applyFix","clangd.applyTweak"]},"documentHighlightProvider":true,"hoverProvider":true,"workspaceSymbolProvider":true,"referencesProvider":true,"documentRangeFormattingProvider":true,"signatureHelpProvider":{"triggerCharacters":["(",","]},"codeActionProvider":{"codeActionKinds":["quickfix","refactor","info"]},"textDocumentSync":2,"documentLinkProvider":{"resolveProvider":false},"declarationProvider":true,"documentOnTypeFormattingProvider":{"moreTriggerCharacter":[],"firstTriggerCharacter":"\n"},"definitionProvider":true,"selectionRangeProvider":true,"typeHierarchyProvider":true,"documentFormattingProvider":true,"documentSymbolProvider":true,"renameProvider":true,"completionProvider":{"resolveProvider":false,"triggerCharacters":[".",">",":"]}}}},"server_name":"clangd"},"message":"lsp server already initialized"}}]
2020/04/02 12:26:08:["--->",3,"clangd",{"method":"workspace/didChangeConfiguration","params":{"settings":{}}}]
2020/04/02 12:26:08:[{"response":{"data":{"__data__":"vim-lsp","server_name":"clangd"},"message":"configuration sent"}}]
2020/04/02 12:26:08:[{"response":{"data":{"path":"file:///C:/Users/<username>/tmp/test.c","__data__":"vim-lsp","server_name":"clangd"},"message":"already opened"}}]
2020/04/02 12:26:08:["s:update_file_content()",2]
2020/04/02 12:26:08:["--->",3,"clangd",{"method":"textDocument/didChange","params":{"contentChanges":[{"range":{"end":{"character":0,"line":6},"start":{"character":0,"line":6}},"text":"\n","rangeLength":0}],"textDocument":{"uri":"file:///C:/Users/<username>/tmp/test.c","version":2}}}]
2020/04/02 12:26:08:[{"response":{"data":{"path":"file:///C:/Users/<username>/tmp/test.c","__data__":"vim-lsp","server_name":"clangd"},"message":"textDocument/didChange sent"}}]
2020/04/02 12:26:08:[{"response":{"data":{"__data__":"vim-lsp","server_name":"efm-langserver"},"message":"server already started"}}]
2020/04/02 12:26:08:[{"response":{"data":{"__data__":"vim-lsp","init_result":{"id":1,"result":{"capabilities":{"hoverProvider":true,"documentFormattingProvider":true,"codeActionProvider":true,"workspace":{"workspaceFolders":{"changeNotifications":true,"supported":true}},"definitionProvider":true,"textDocumentSync":1}},"jsonrpc":"2.0"},"server_name":"efm-langserver"},"message":"lsp server already initialized"}}]
2020/04/02 12:26:08:[{"response":{"data":{"__data__":"vim-lsp","server_name":"efm-langserver"},"message":"configuration sent"}}]
2020/04/02 12:26:08:[{"response":{"data":{"path":"file:///C:/Users/<username>/tmp/test.c","__data__":"vim-lsp","server_name":"efm-langserver"},"message":"already opened"}}]
2020/04/02 12:26:08:["s:update_file_content()",2]
2020/04/02 12:26:08:["--->",2,"efm-langserver",{"method":"textDocument/didChange","params":{"contentChanges":[{"text":"#include <stdio.h>\n\nint\nmain(int argc, char* argv[]) {\n  // int a;\n  printf();\n\n  return 0;\n}\n"}],"textDocument":{"uri":"file:///C:/Users/<username>/tmp/test.c","version":2}}}]
2020/04/02 12:26:08:[{"response":{"data":{"path":"file:///C:/Users/<username>/tmp/test.c","__data__":"vim-lsp","server_name":"efm-langserver"},"message":"textDocument/didChange sent"}}]
2020/04/02 12:26:08:["<---(stderr)",3,"clangd",["I[12:26:08.525] <-- workspace/didChangeConfiguration\r","I[12:26:08.537] <-- textDocument/didChange\r",""]]
2020/04/02 12:26:08:["<---",2,"efm-langserver",{"response":{"method":"window/logMessage","jsonrpc":"2.0","params":{"message":"command exit with zero. probably you forgot to specify `lint-ignore-exit-code: true`.","type":1}}}]
2020/04/02 12:26:08:["<---",2,"efm-langserver",{"response":{"method":"textDocument/publishDiagnostics","jsonrpc":"2.0","params":{"uri":"file:///C:/Users/<username>/tmp/test.c","diagnostics":[]}}}]
2020/04/02 12:26:09:["<---",3,"clangd",{"response":{"method":"textDocument/publishDiagnostics","jsonrpc":"2.0","params":{"diagnostics":[{"source":"clang","range":{"end":{"character":10,"line":5},"start":{"character":9,"line":5}},"code":"typecheck_call_too_few_args_at_least_one","message":"Too few arguments to function call, at least argument '_Format' must be specified","severity":1}],"uri":"file:///C:/Users/<username>/tmp/test.c"}}}]
2020/04/02 12:26:09:["add signs",1]
2020/04/02 12:26:09:["<---(stderr)",3,"clangd",["I[12:26:09.039] Failed to find compilation database for C:\\Users\\<username>\\tmp\\test.c\r","I[12:26:09.039] Updating file C:\\Users\\<username>\\tmp\\test.c with command clangd fallback\r","[C:\\Users\\<username>\\tmp]\r","C:\\Program Files\\LLVM\\bin\\clang C:\\Users\\<username>\\tmp\\test.c -fsyntax-only -resource-dir=C:\\Program Files\\LLVM\\lib\\clang\\10.0.0\r","I[12:26:09.056] --> textDocument/publishDiagnostics\r",""]]
2020/04/02 12:26:21:["s:on_text_document_did_change()",2]
2020/04/02 12:26:21:["s:send_didchange_queue() will be triggered"]
2020/04/02 12:26:22:["s:send_event_queue()"]
2020/04/02 12:26:22:[{"response":{"data":{"__data__":"vim-lsp","server_name":"clangd"},"message":"server already started"}}]
2020/04/02 12:26:22:[{"response":{"data":{"__data__":"vim-lsp","init_result":{"id":1,"jsonrpc":"2.0","result":{"capabilities":{"executeCommandProvider":{"commands":["clangd.applyFix","clangd.applyTweak"]},"documentHighlightProvider":true,"hoverProvider":true,"workspaceSymbolProvider":true,"referencesProvider":true,"documentRangeFormattingProvider":true,"signatureHelpProvider":{"triggerCharacters":["(",","]},"codeActionProvider":{"codeActionKinds":["quickfix","refactor","info"]},"textDocumentSync":2,"documentLinkProvider":{"resolveProvider":false},"declarationProvider":true,"documentOnTypeFormattingProvider":{"moreTriggerCharacter":[],"firstTriggerCharacter":"\n"},"definitionProvider":true,"selectionRangeProvider":true,"typeHierarchyProvider":true,"documentFormattingProvider":true,"documentSymbolProvider":true,"renameProvider":true,"completionProvider":{"resolveProvider":false,"triggerCharacters":[".",">",":"]}}}},"server_name":"clangd"},"message":"lsp server already initialized"}}]
2020/04/02 12:26:22:["--->",3,"clangd",{"method":"workspace/didChangeConfiguration","params":{"settings":{}}}]
2020/04/02 12:26:22:[{"response":{"data":{"__data__":"vim-lsp","server_name":"clangd"},"message":"configuration sent"}}]
2020/04/02 12:26:22:[{"response":{"data":{"path":"file:///C:/Users/<username>/tmp/test.c","__data__":"vim-lsp","server_name":"clangd"},"message":"already opened"}}]
2020/04/02 12:26:22:["s:update_file_content()",2]
2020/04/02 12:26:22:["--->",3,"clangd",{"method":"textDocument/didChange","params":{"contentChanges":[{"range":{"end":{"character":0,"line":6},"start":{"character":0,"line":6}},"text":"  printf()","rangeLength":0}],"textDocument":{"uri":"file:///C:/Users/<username>/tmp/test.c","version":3}}}]
2020/04/02 12:26:22:[{"response":{"data":{"path":"file:///C:/Users/<username>/tmp/test.c","__data__":"vim-lsp","server_name":"clangd"},"message":"textDocument/didChange sent"}}]
2020/04/02 12:26:22:[{"response":{"data":{"__data__":"vim-lsp","server_name":"efm-langserver"},"message":"server already started"}}]
2020/04/02 12:26:22:[{"response":{"data":{"__data__":"vim-lsp","init_result":{"id":1,"result":{"capabilities":{"hoverProvider":true,"documentFormattingProvider":true,"codeActionProvider":true,"workspace":{"workspaceFolders":{"changeNotifications":true,"supported":true}},"definitionProvider":true,"textDocumentSync":1}},"jsonrpc":"2.0"},"server_name":"efm-langserver"},"message":"lsp server already initialized"}}]
2020/04/02 12:26:22:[{"response":{"data":{"__data__":"vim-lsp","server_name":"efm-langserver"},"message":"configuration sent"}}]
2020/04/02 12:26:22:[{"response":{"data":{"path":"file:///C:/Users/<username>/tmp/test.c","__data__":"vim-lsp","server_name":"efm-langserver"},"message":"already opened"}}]
2020/04/02 12:26:22:["s:update_file_content()",2]
2020/04/02 12:26:22:["--->",2,"efm-langserver",{"method":"textDocument/didChange","params":{"contentChanges":[{"text":"#include <stdio.h>\n\nint\nmain(int argc, char* argv[]) {\n  // int a;\n  printf();\n  printf()\n  return 0;\n}\n"}],"textDocument":{"uri":"file:///C:/Users/<username>/tmp/test.c","version":3}}}]
2020/04/02 12:26:22:[{"response":{"data":{"path":"file:///C:/Users/<username>/tmp/test.c","__data__":"vim-lsp","server_name":"efm-langserver"},"message":"textDocument/didChange sent"}}]
2020/04/02 12:26:22:["<---(stderr)",3,"clangd",["I[12:26:22.865] <-- workspace/didChangeConfiguration\r","I[12:26:22.871] <-- textDocument/didChange\r",""]]
2020/04/02 12:26:23:["<---",2,"efm-langserver",{"response":{"method":"window/logMessage","jsonrpc":"2.0","params":{"message":"command exit with zero. probably you forgot to specify `lint-ignore-exit-code: true`.","type":1}}}]
2020/04/02 12:26:23:["<---",2,"efm-langserver",{"response":{"method":"textDocument/publishDiagnostics","jsonrpc":"2.0","params":{"uri":"file:///C:/Users/<username>/tmp/test.c","diagnostics":[]}}}]
2020/04/02 12:26:23:["<---",3,"clangd",{"response":{"method":"textDocument/publishDiagnostics","jsonrpc":"2.0","params":{"diagnostics":[{"source":"clang","range":{"end":{"character":10,"line":5},"start":{"character":9,"line":5}},"code":"typecheck_call_too_few_args_at_least_one","message":"Too few arguments to function call, at least argument '_Format' must be specified","severity":1},{"source":"clang","range":{"end":{"character":10,"line":6},"start":{"character":9,"line":6}},"code":"typecheck_call_too_few_args_at_least_one","message":"Too few arguments to function call, at least argument '_Format' must be specified","severity":1}],"uri":"file:///C:/Users/<username>/tmp/test.c"}}}]
2020/04/02 12:26:23:["add signs",1]
2020/04/02 12:26:23:["add signs",2]
2020/04/02 12:26:23:["<---(stderr)",3,"clangd",["I[12:26:23.372] Failed to find compilation database for C:\\Users\\<username>\\tmp\\test.c\r","I[12:26:23.372] Updating file C:\\Users\\<username>\\tmp\\test.c with command clangd fallback\r","[C:\\Users\\<username>\\tmp]\r","C:\\Program Files\\LLVM\\bin\\clang C:\\Users\\<username>\\tmp\\test.c -fsyntax-only -resource-dir=C:\\Program Files\\LLVM\\lib\\clang\\10.0.0\r","I[12:26:23.387] --> textDocument/publishDiagnostics\r",""]]
2020/04/02 12:26:24:["s:on_text_document_did_change()",2]
2020/04/02 12:26:24:["s:send_didchange_queue() will be triggered"]
2020/04/02 12:26:24:["s:on_text_document_did_close()",2]
2020/04/02 12:26:25:["s:on_text_document_did_save()",2]
2020/04/02 12:26:25:[{"response":{"data":{"__data__":"vim-lsp","server_name":"clangd"},"message":"server already started"}}]
2020/04/02 12:26:25:[{"response":{"data":{"__data__":"vim-lsp","init_result":{"id":1,"jsonrpc":"2.0","result":{"capabilities":{"executeCommandProvider":{"commands":["clangd.applyFix","clangd.applyTweak"]},"documentHighlightProvider":true,"hoverProvider":true,"workspaceSymbolProvider":true,"referencesProvider":true,"documentRangeFormattingProvider":true,"signatureHelpProvider":{"triggerCharacters":["(",","]},"codeActionProvider":{"codeActionKinds":["quickfix","refactor","info"]},"textDocumentSync":2,"documentLinkProvider":{"resolveProvider":false},"declarationProvider":true,"documentOnTypeFormattingProvider":{"moreTriggerCharacter":[],"firstTriggerCharacter":"\n"},"definitionProvider":true,"selectionRangeProvider":true,"typeHierarchyProvider":true,"documentFormattingProvider":true,"documentSymbolProvider":true,"renameProvider":true,"completionProvider":{"resolveProvider":false,"triggerCharacters":[".",">",":"]}}}},"server_name":"clangd"},"message":"lsp server already initialized"}}]
2020/04/02 12:26:25:["--->",3,"clangd",{"method":"workspace/didChangeConfiguration","params":{"settings":{}}}]
2020/04/02 12:26:25:[{"response":{"data":{"__data__":"vim-lsp","server_name":"clangd"},"message":"configuration sent"}}]
2020/04/02 12:26:25:[{"response":{"data":{"path":"file:///C:/Users/<username>/tmp/test.c","__data__":"vim-lsp","server_name":"clangd"},"message":"already opened"}}]
2020/04/02 12:26:25:["s:update_file_content()",2]
2020/04/02 12:26:25:["--->",3,"clangd",{"method":"textDocument/didChange","params":{"contentChanges":[{"range":{"end":{"character":10,"line":6},"start":{"character":10,"line":6}},"text":";","rangeLength":0}],"textDocument":{"uri":"file:///C:/Users/<username>/tmp/test.c","version":4}}}]
2020/04/02 12:26:25:[{"response":{"data":{"path":"file:///C:/Users/<username>/tmp/test.c","__data__":"vim-lsp","server_name":"clangd"},"message":"textDocument/didChange sent"}}]
2020/04/02 12:26:25:["s:update_file_content()",2]
2020/04/02 12:26:25:["--->",3,"clangd",{"method":"textDocument/didSave","params":{"textDocument":{"uri":"file:///C:/Users/<username>/tmp/test.c"}}}]
2020/04/02 12:26:25:[{"response":{"data":{"path":"file:///C:/Users/<username>/tmp/test.c","__data__":"vim-lsp","server_name":"clangd"},"message":"textDocument/didSave sent"}}]
2020/04/02 12:26:25:[{"response":{"data":{"__data__":"vim-lsp","server_name":"efm-langserver"},"message":"server already started"}}]
2020/04/02 12:26:25:[{"response":{"data":{"__data__":"vim-lsp","init_result":{"id":1,"result":{"capabilities":{"hoverProvider":true,"documentFormattingProvider":true,"codeActionProvider":true,"workspace":{"workspaceFolders":{"changeNotifications":true,"supported":true}},"definitionProvider":true,"textDocumentSync":1}},"jsonrpc":"2.0"},"server_name":"efm-langserver"},"message":"lsp server already initialized"}}]
2020/04/02 12:26:25:[{"response":{"data":{"__data__":"vim-lsp","server_name":"efm-langserver"},"message":"configuration sent"}}]
2020/04/02 12:26:25:[{"response":{"data":{"path":"file:///C:/Users/<username>/tmp/test.c","__data__":"vim-lsp","server_name":"efm-langserver"},"message":"already opened"}}]
2020/04/02 12:26:25:["s:update_file_content()",2]
2020/04/02 12:26:25:["--->",2,"efm-langserver",{"method":"textDocument/didChange","params":{"contentChanges":[{"text":"#include <stdio.h>\n\nint\nmain(int argc, char* argv[]) {\n  // int a;\n  printf();\n  printf();\n  return 0;\n}\n"}],"textDocument":{"uri":"file:///C:/Users/<username>/tmp/test.c","version":4}}}]
2020/04/02 12:26:25:[{"response":{"data":{"path":"file:///C:/Users/<username>/tmp/test.c","__data__":"vim-lsp","server_name":"efm-langserver"},"message":"textDocument/didChange sent"}}]
2020/04/02 12:26:25:["s:update_file_content()",2]
2020/04/02 12:26:25:["--->",2,"efm-langserver",{"method":"textDocument/didSave","params":{"textDocument":{"uri":"file:///C:/Users/<username>/tmp/test.c"}}}]
2020/04/02 12:26:25:[{"response":{"data":{"path":"file:///C:/Users/<username>/tmp/test.c","__data__":"vim-lsp","server_name":"efm-langserver"},"message":"textDocument/didSave sent"}}]
2020/04/02 12:26:25:["<---(stderr)",3,"clangd",["I[12:26:25.165] <-- workspace/didChangeConfiguration\r","I[12:26:25.173] <-- textDocument/didChange\r","I[12:26:25.177] <-- textDocument/didSave\r","I[12:26:25.177] unhandled notification textDocument/didSave\r",""]]
2020/04/02 12:26:25:["<---",2,"efm-langserver",{"response":{"method":"window/logMessage","jsonrpc":"2.0","params":{"message":"command exit with zero. probably you forgot to specify `lint-ignore-exit-code: true`.","type":1}}}]
2020/04/02 12:26:25:["<---",2,"efm-langserver",{"response":{"method":"textDocument/publishDiagnostics","jsonrpc":"2.0","params":{"uri":"file:///C:/Users/<username>/tmp/test.c","diagnostics":[]}}}]
2020/04/02 12:26:25:["s:send_event_queue()"]
2020/04/02 12:26:25:[{"response":{"data":{"__data__":"vim-lsp","server_name":"clangd"},"message":"server already started"}}]
2020/04/02 12:26:25:[{"response":{"data":{"__data__":"vim-lsp","init_result":{"id":1,"jsonrpc":"2.0","result":{"capabilities":{"executeCommandProvider":{"commands":["clangd.applyFix","clangd.applyTweak"]},"documentHighlightProvider":true,"hoverProvider":true,"workspaceSymbolProvider":true,"referencesProvider":true,"documentRangeFormattingProvider":true,"signatureHelpProvider":{"triggerCharacters":["(",","]},"codeActionProvider":{"codeActionKinds":["quickfix","refactor","info"]},"textDocumentSync":2,"documentLinkProvider":{"resolveProvider":false},"declarationProvider":true,"documentOnTypeFormattingProvider":{"moreTriggerCharacter":[],"firstTriggerCharacter":"\n"},"definitionProvider":true,"selectionRangeProvider":true,"typeHierarchyProvider":true,"documentFormattingProvider":true,"documentSymbolProvider":true,"renameProvider":true,"completionProvider":{"resolveProvider":false,"triggerCharacters":[".",">",":"]}}}},"server_name":"clangd"},"message":"lsp server already initialized"}}]
2020/04/02 12:26:25:["--->",3,"clangd",{"method":"workspace/didChangeConfiguration","params":{"settings":{}}}]
2020/04/02 12:26:25:[{"response":{"data":{"__data__":"vim-lsp","server_name":"clangd"},"message":"configuration sent"}}]
2020/04/02 12:26:25:[{"response":{"data":{"path":"file:///C:/Users/<username>/tmp/test.c","__data__":"vim-lsp","server_name":"clangd"},"message":"already opened"}}]
2020/04/02 12:26:25:[{"response":{"data":{"path":"file:///C:/Users/<username>/tmp/test.c","__data__":"vim-lsp","server_name":"clangd"},"message":"not dirty"}}]
2020/04/02 12:26:25:[{"response":{"data":{"__data__":"vim-lsp","server_name":"efm-langserver"},"message":"server already started"}}]
2020/04/02 12:26:25:[{"response":{"data":{"__data__":"vim-lsp","init_result":{"id":1,"result":{"capabilities":{"hoverProvider":true,"documentFormattingProvider":true,"codeActionProvider":true,"workspace":{"workspaceFolders":{"changeNotifications":true,"supported":true}},"definitionProvider":true,"textDocumentSync":1}},"jsonrpc":"2.0"},"server_name":"efm-langserver"},"message":"lsp server already initialized"}}]
2020/04/02 12:26:25:[{"response":{"data":{"__data__":"vim-lsp","server_name":"efm-langserver"},"message":"configuration sent"}}]
2020/04/02 12:26:25:[{"response":{"data":{"path":"file:///C:/Users/<username>/tmp/test.c","__data__":"vim-lsp","server_name":"efm-langserver"},"message":"already opened"}}]
2020/04/02 12:26:25:[{"response":{"data":{"path":"file:///C:/Users/<username>/tmp/test.c","__data__":"vim-lsp","server_name":"efm-langserver"},"message":"not dirty"}}]
2020/04/02 12:26:25:["<---(stderr)",3,"clangd",["I[12:26:25.399] <-- workspace/didChangeConfiguration\r",""]]
2020/04/02 12:26:25:["<---",2,"efm-langserver",{"response":{"method":"window/logMessage","jsonrpc":"2.0","params":{"message":"command exit with zero. probably you forgot to specify `lint-ignore-exit-code: true`.","type":1}}}]
2020/04/02 12:26:25:["<---",2,"efm-langserver",{"response":{"method":"textDocument/publishDiagnostics","jsonrpc":"2.0","params":{"uri":"file:///C:/Users/<username>/tmp/test.c","diagnostics":[]}}}]
2020/04/02 12:26:25:["<---(stderr)",3,"clangd",["I[12:26:25.674] Failed to find compilation database for C:\\Users\\<username>\\tmp\\test.c\r","I[12:26:25.674] Updating file C:\\Users\\<username>\\tmp\\test.c with command clangd fallback\r","[C:\\Users\\<username>\\tmp]\r","C:\\Program Files\\LLVM\\bin\\clang C:\\Users\\<username>\\tmp\\test.c -fsyntax-only -resource-dir=C:\\Program Files\\LLVM\\lib\\clang\\10.0.0\r",""]]
2020/04/02 12:26:25:["<---",3,"clangd",{"response":{"method":"textDocument/publishDiagnostics","jsonrpc":"2.0","params":{"diagnostics":[{"source":"clang","range":{"end":{"character":10,"line":5},"start":{"character":9,"line":5}},"code":"typecheck_call_too_few_args_at_least_one","message":"Too few arguments to function call, at least argument '_Format' must be specified","severity":1},{"source":"clang","range":{"end":{"character":10,"line":6},"start":{"character":9,"line":6}},"code":"typecheck_call_too_few_args_at_least_one","message":"Too few arguments to function call, at least argument '_Format' must be specified","severity":1}],"uri":"file:///C:/Users/<username>/tmp/test.c"}}}]
2020/04/02 12:26:25:["add signs",1]
2020/04/02 12:26:25:["add signs",2]
2020/04/02 12:26:25:["<---(stderr)",3,"clangd",["I[12:26:25.688] --> textDocument/publishDiagnostics\r",""]]
2020/04/02 12:26:30:["s:on_text_document_did_change()",5]
2020/04/02 12:26:30:["s:send_didchange_queue() will be triggered"]
2020/04/02 12:26:31:["s:send_event_queue()"]
2020/04/02 12:26:46:["s:on_text_document_did_save()",5]
2020/04/02 12:26:48:["s:on_text_document_did_close()",5]
2020/04/02 12:26:48:["s:on_text_document_did_close()",5]
