$ asdf install lua 5.3.5
  % Total    % Received % Xferd  Average Speed   Time    Time     Time  Current
                                 Dload  Upload   Total   Spent    Left  Speed
100  296k  100  296k    0     0  60818      0  0:00:04  0:00:04 --:--:-- 73693
x lua-5.3.5/
x lua-5.3.5/Makefile
x lua-5.3.5/doc/
x lua-5.3.5/doc/luac.1
x lua-5.3.5/doc/manual.html
x lua-5.3.5/doc/manual.css
x lua-5.3.5/doc/contents.html
x lua-5.3.5/doc/lua.css
x lua-5.3.5/doc/osi-certified-72x60.png
x lua-5.3.5/doc/logo.gif
x lua-5.3.5/doc/lua.1
x lua-5.3.5/doc/index.css
x lua-5.3.5/doc/readme.html
x lua-5.3.5/src/
x lua-5.3.5/src/ldblib.c
x lua-5.3.5/src/lmathlib.c
x lua-5.3.5/src/loslib.c
x lua-5.3.5/src/lvm.c
x lua-5.3.5/src/ldo.h
x lua-5.3.5/src/lua.h
x lua-5.3.5/src/lgc.h
x lua-5.3.5/src/ltm.h
x lua-5.3.5/src/loadlib.c
x lua-5.3.5/src/lmem.c
x lua-5.3.5/src/lstate.h
x lua-5.3.5/src/Makefile
x lua-5.3.5/src/lzio.h
x lua-5.3.5/src/luaconf.h
x lua-5.3.5/src/lopcodes.c
x lua-5.3.5/src/lua.c
x lua-5.3.5/src/lundump.h
x lua-5.3.5/src/lbaselib.c
x lua-5.3.5/src/ltable.c
x lua-5.3.5/src/ldump.c
x lua-5.3.5/src/liolib.c
x lua-5.3.5/src/llimits.h
x lua-5.3.5/src/lfunc.h
x lua-5.3.5/src/lualib.h
x lua-5.3.5/src/lzio.c
x lua-5.3.5/src/lctype.c
x lua-5.3.5/src/lmem.h
x lua-5.3.5/src/llex.h
x lua-5.3.5/src/ltable.h
x lua-5.3.5/src/lstring.c
x lua-5.3.5/src/ldebug.h
x lua-5.3.5/src/lbitlib.c
x lua-5.3.5/src/lprefix.h
x lua-5.3.5/src/llex.c
x lua-5.3.5/src/linit.c
x lua-5.3.5/src/lobject.h
x lua-5.3.5/src/lapi.h
x lua-5.3.5/src/ldebug.c
x lua-5.3.5/src/ldo.c
x lua-5.3.5/src/lvm.h
x lua-5.3.5/src/lauxlib.c
x lua-5.3.5/src/luac.c
x lua-5.3.5/src/lctype.h
x lua-5.3.5/src/lstring.h
x lua-5.3.5/src/lcorolib.c
x lua-5.3.5/src/lutf8lib.c
x lua-5.3.5/src/lgc.c
x lua-5.3.5/src/lstate.c
x lua-5.3.5/src/lundump.c
x lua-5.3.5/src/ltablib.c
x lua-5.3.5/src/lauxlib.h
x lua-5.3.5/src/ltm.c
x lua-5.3.5/src/lparser.c
x lua-5.3.5/src/lcode.h
x lua-5.3.5/src/lobject.c
x lua-5.3.5/src/lcode.c
x lua-5.3.5/src/lopcodes.h
x lua-5.3.5/src/lfunc.c
x lua-5.3.5/src/lapi.c
x lua-5.3.5/src/lparser.h
x lua-5.3.5/src/lua.hpp
x lua-5.3.5/src/lstrlib.c
x lua-5.3.5/README
cd src && /Library/Developer/CommandLineTools/usr/bin/make macosx
/Library/Developer/CommandLineTools/usr/bin/make all SYSCFLAGS="-DLUA_USE_MACOSX" SYSLIBS="-lreadline"
gcc -std=gnu99 -O2 -Wall -Wextra -DLUA_COMPAT_5_2 -DLUA_USE_MACOSX    -c -o lapi.o lapi.c
gcc -std=gnu99 -O2 -Wall -Wextra -DLUA_COMPAT_5_2 -DLUA_USE_MACOSX    -c -o lcode.o lcode.c
gcc -std=gnu99 -O2 -Wall -Wextra -DLUA_COMPAT_5_2 -DLUA_USE_MACOSX    -c -o lctype.o lctype.c
gcc -std=gnu99 -O2 -Wall -Wextra -DLUA_COMPAT_5_2 -DLUA_USE_MACOSX    -c -o ldebug.o ldebug.c
gcc -std=gnu99 -O2 -Wall -Wextra -DLUA_COMPAT_5_2 -DLUA_USE_MACOSX    -c -o ldo.o ldo.c
gcc -std=gnu99 -O2 -Wall -Wextra -DLUA_COMPAT_5_2 -DLUA_USE_MACOSX    -c -o ldump.o ldump.c
gcc -std=gnu99 -O2 -Wall -Wextra -DLUA_COMPAT_5_2 -DLUA_USE_MACOSX    -c -o lfunc.o lfunc.c
gcc -std=gnu99 -O2 -Wall -Wextra -DLUA_COMPAT_5_2 -DLUA_USE_MACOSX    -c -o lgc.o lgc.c
gcc -std=gnu99 -O2 -Wall -Wextra -DLUA_COMPAT_5_2 -DLUA_USE_MACOSX    -c -o llex.o llex.c
gcc -std=gnu99 -O2 -Wall -Wextra -DLUA_COMPAT_5_2 -DLUA_USE_MACOSX    -c -o lmem.o lmem.c
gcc -std=gnu99 -O2 -Wall -Wextra -DLUA_COMPAT_5_2 -DLUA_USE_MACOSX    -c -o lobject.o lobject.c
gcc -std=gnu99 -O2 -Wall -Wextra -DLUA_COMPAT_5_2 -DLUA_USE_MACOSX    -c -o lopcodes.o lopcodes.c
gcc -std=gnu99 -O2 -Wall -Wextra -DLUA_COMPAT_5_2 -DLUA_USE_MACOSX    -c -o lparser.o lparser.c
gcc -std=gnu99 -O2 -Wall -Wextra -DLUA_COMPAT_5_2 -DLUA_USE_MACOSX    -c -o lstate.o lstate.c
gcc -std=gnu99 -O2 -Wall -Wextra -DLUA_COMPAT_5_2 -DLUA_USE_MACOSX    -c -o lstring.o lstring.c
gcc -std=gnu99 -O2 -Wall -Wextra -DLUA_COMPAT_5_2 -DLUA_USE_MACOSX    -c -o ltable.o ltable.c
gcc -std=gnu99 -O2 -Wall -Wextra -DLUA_COMPAT_5_2 -DLUA_USE_MACOSX    -c -o ltm.o ltm.c
gcc -std=gnu99 -O2 -Wall -Wextra -DLUA_COMPAT_5_2 -DLUA_USE_MACOSX    -c -o lundump.o lundump.c
gcc -std=gnu99 -O2 -Wall -Wextra -DLUA_COMPAT_5_2 -DLUA_USE_MACOSX    -c -o lvm.o lvm.c
gcc -std=gnu99 -O2 -Wall -Wextra -DLUA_COMPAT_5_2 -DLUA_USE_MACOSX    -c -o lzio.o lzio.c
gcc -std=gnu99 -O2 -Wall -Wextra -DLUA_COMPAT_5_2 -DLUA_USE_MACOSX    -c -o lauxlib.o lauxlib.c
gcc -std=gnu99 -O2 -Wall -Wextra -DLUA_COMPAT_5_2 -DLUA_USE_MACOSX    -c -o lbaselib.o lbaselib.c
gcc -std=gnu99 -O2 -Wall -Wextra -DLUA_COMPAT_5_2 -DLUA_USE_MACOSX    -c -o lbitlib.o lbitlib.c
gcc -std=gnu99 -O2 -Wall -Wextra -DLUA_COMPAT_5_2 -DLUA_USE_MACOSX    -c -o lcorolib.o lcorolib.c
gcc -std=gnu99 -O2 -Wall -Wextra -DLUA_COMPAT_5_2 -DLUA_USE_MACOSX    -c -o ldblib.o ldblib.c
gcc -std=gnu99 -O2 -Wall -Wextra -DLUA_COMPAT_5_2 -DLUA_USE_MACOSX    -c -o liolib.o liolib.c
gcc -std=gnu99 -O2 -Wall -Wextra -DLUA_COMPAT_5_2 -DLUA_USE_MACOSX    -c -o lmathlib.o lmathlib.c
gcc -std=gnu99 -O2 -Wall -Wextra -DLUA_COMPAT_5_2 -DLUA_USE_MACOSX    -c -o loslib.o loslib.c
gcc -std=gnu99 -O2 -Wall -Wextra -DLUA_COMPAT_5_2 -DLUA_USE_MACOSX    -c -o lstrlib.o lstrlib.c
gcc -std=gnu99 -O2 -Wall -Wextra -DLUA_COMPAT_5_2 -DLUA_USE_MACOSX    -c -o ltablib.o ltablib.c
gcc -std=gnu99 -O2 -Wall -Wextra -DLUA_COMPAT_5_2 -DLUA_USE_MACOSX    -c -o lutf8lib.o lutf8lib.c
gcc -std=gnu99 -O2 -Wall -Wextra -DLUA_COMPAT_5_2 -DLUA_USE_MACOSX    -c -o loadlib.o loadlib.c
gcc -std=gnu99 -O2 -Wall -Wextra -DLUA_COMPAT_5_2 -DLUA_USE_MACOSX    -c -o linit.o linit.c
ar rcu liblua.a lapi.o lcode.o lctype.o ldebug.o ldo.o ldump.o lfunc.o lgc.o llex.o lmem.o lobject.o lopcodes.o lparser.o lstate.o lstring.o ltable.o ltm.o lundump.o lvm.o lzio.o lauxlib.o lbaselib.o lbitlib.o lcorolib.o ldblib.o liolib.o lmathlib.o loslib.o lstrlib.o ltablib.o lutf8lib.o loadlib.o linit.o
ranlib liblua.a
gcc -std=gnu99 -O2 -Wall -Wextra -DLUA_COMPAT_5_2 -DLUA_USE_MACOSX    -c -o lua.o lua.c
gcc -std=gnu99 -o lua   lua.o liblua.a -lm -lreadline
gcc -std=gnu99 -O2 -Wall -Wextra -DLUA_COMPAT_5_2 -DLUA_USE_MACOSX    -c -o luac.o luac.c
gcc -std=gnu99 -o luac   luac.o liblua.a -lm -lreadline
src/lua -v
Lua 5.3.5  Copyright (C) 1994-2018 Lua.org, PUC-Rio
/Library/Developer/CommandLineTools/usr/bin/make install INSTALL_TOP=../install
cd src && mkdir -p ../install/bin ../install/include ../install/lib ../install/man/man1 ../install/share/lua/5.3 ../install/lib/lua/5.3
cd src && install -p -m 0755 lua luac ../install/bin
cd src && install -p -m 0644 lua.h luaconf.h lualib.h lauxlib.h lua.hpp ../install/include
cd src && install -p -m 0644 liblua.a ../install/lib
cd doc && install -p -m 0644 lua.1 luac.1 ../install/man/man1
Installing LuaRocks...
  % Total    % Received % Xferd  Average Speed   Time    Time     Time  Current
                                 Dload  Upload   Total   Spent    Left  Speed
100   167  100   167    0     0    243      0 --:--:-- --:--:-- --:--:--   243
100  213k  100  213k    0     0   189k      0  0:00:01  0:00:01 --:--:--  487k

Configuring LuaRocks version 3.1.3...

Lua version detected: 5.3
Lua interpreter found: /Users/ippachi/.asdf/installs/lua/5.3.5/bin/lua
lua.h found: /Users/ippachi/.asdf/installs/lua/5.3.5/include/lua.h
unzip found in PATH: /usr/bin

Done configuring.

LuaRocks will be installed at......: /Users/ippachi/.asdf/installs/lua/5.3.5/luarocks
LuaRocks will install rocks at.....: /Users/ippachi/.asdf/installs/lua/5.3.5/luarocks
LuaRocks configuration directory...: /Users/ippachi/.asdf/installs/lua/5.3.5/luarocks/etc/luarocks
Using Lua from.....................: /Users/ippachi/.asdf/installs/lua/5.3.5
Lua include directory..............: /Users/ippachi/.asdf/installs/lua/5.3.5/include
Lua lib directory..................: /Users/ippachi/.asdf/installs/lua/5.3.5/lib

* Type make and make install:
  to install to /Users/ippachi/.asdf/installs/lua/5.3.5/luarocks as usual.
* Type make bootstrap:
  to install LuaRocks into /Users/ippachi/.asdf/installs/lua/5.3.5/luarocks as a rock.

mkdir -p "build"
rm -f src/luarocks/core/hardcoded.lua
echo "#!/bin/sh" > luarocks
echo "unset LUA_PATH LUA_PATH_5_2 LUA_PATH_5_3 LUA_PATH_5_4" >> luarocks
echo 'LUAROCKS_SYSCONFDIR="/Users/ippachi/.asdf/installs/lua/5.3.5/luarocks/etc/luarocks" LUA_PATH="/private/var/folders/22/sz2g8hwx7vsf2m37436kq1mm0000gn/T/lua-5.3.5/luarocks-3.1.3/src/?.lua;;" exec "/Users/ippachi/.asdf/installs/lua/5.3.5/bin/lua" "/private/var/folders/22/sz2g8hwx7vsf2m37436kq1mm0000gn/T/lua-5.3.5/luarocks-3.1.3/src/bin/luarocks" --project-tree="/private/var/folders/22/sz2g8hwx7vsf2m37436kq1mm0000gn/T/lua-5.3.5/luarocks-3.1.3/lua_modules" "$@"' >> luarocks
chmod +rx ./luarocks
./luarocks init

Initializing project 'luarocks-3.1.3' for Lua 5.3 ...
-----------------------------------------------------

Checking your Lua installation ...
Adding entries to .gitignore ...
Preparing ./.luarocks/ ...
Wrote .luarocks/config-5.3.lua
Preparing ./lua_modules/ ...
./luarocks already exists. Not overwriting it!
Preparing ./lua for version 5.3...
cp ./build/config-5.3.lua .luarocks/config-5.3.lua
mkdir -p "/Users/ippachi/.asdf/installs/lua/5.3.5/luarocks/etc/luarocks"
install -m 644 "build/config-5.3.lua" "/Users/ippachi/.asdf/installs/lua/5.3.5/luarocks/etc/luarocks/config-5.3.lua"
./luarocks make --tree="/Users/ippachi/.asdf/installs/lua/5.3.5/luarocks"

No existing manifest. Attempting to rebuild...
luarocks 3.1.3-1 is now installed in /Users/ippachi/.asdf/installs/lua/5.3.5/luarocks (license: MIT)