[zdelta@0delta-pc test]$ vi dockerfile
[zdelta@0delta-pc test]$ docker build .
Sending build context to Docker daemon  2.048kB
Step 1/3 : FROM php:7.2-fpm-alpine
7.2-fpm-alpine: Pulling from library/php
c9b1b535fdd9: Pull complete 
c1c0a1817bec: Pull complete 
cdd5b3ea1fc3: Pull complete 
db87396003bd: Pull complete 
db643d2e4e63: Pull complete 
83eb4b60c677: Pull complete 
c3ac10d2c282: Pull complete 
29e023b6ec70: Pull complete 
ec8569d8544e: Pull complete 
0a9f5b9997c6: Pull complete 
Digest: sha256:b4178d9e03569a7456b91c7625f0b7a704e8ecee3206ba49dda2a51d20256630
Status: Downloaded newer image for php:7.2-fpm-alpine
 ---> 2485f06183bf
Step 2/3 : RUN apk --update add --no-cache build-base autoconf freetype-dev libpng-dev libjpeg-turbo-dev
 ---> Running in 62d19c200708
fetch http://dl-cdn.alpinelinux.org/alpine/v3.11/main/x86_64/APKINDEX.tar.gz
fetch http://dl-cdn.alpinelinux.org/alpine/v3.11/community/x86_64/APKINDEX.tar.gz
(1/31) Upgrading musl (1.1.24-r1 -> 1.1.24-r2)
(2/31) Installing m4 (1.4.18-r1)
(3/31) Installing libbz2 (1.0.8-r1)
(4/31) Installing perl (5.30.1-r0)
(5/31) Installing autoconf (2.69-r2)
(6/31) Installing libgcc (9.2.0-r4)
(7/31) Installing libstdc++ (9.2.0-r4)
(8/31) Installing binutils (2.33.1-r0)
(9/31) Installing libmagic (5.37-r1)
(10/31) Installing file (5.37-r1)
(11/31) Installing gmp (6.1.2-r1)
(12/31) Installing isl (0.18-r0)
(13/31) Installing libgomp (9.2.0-r4)
(14/31) Installing libatomic (9.2.0-r4)
(15/31) Installing mpfr4 (4.0.2-r1)
(16/31) Installing mpc1 (1.1.0-r1)
(17/31) Installing gcc (9.2.0-r4)
(18/31) Installing musl-dev (1.1.24-r2)
(19/31) Installing libc-dev (0.7.2-r0)
(20/31) Installing g++ (9.2.0-r4)
(21/31) Installing make (4.2.1-r2)
(22/31) Installing fortify-headers (1.1-r0)
(23/31) Installing build-base (0.5-r1)
(24/31) Installing libpng (1.6.37-r1)
(25/31) Installing freetype (2.10.1-r0)
(26/31) Installing pkgconf (1.6.3-r0)
(27/31) Installing zlib-dev (1.2.11-r3)
(28/31) Installing libpng-dev (1.6.37-r1)
(29/31) Installing freetype-dev (2.10.1-r0)
(30/31) Installing libjpeg-turbo (2.0.4-r0)
(31/31) Installing libjpeg-turbo-dev (2.0.4-r0)
Executing busybox-1.31.1-r9.trigger
OK: 226 MiB in 60 packages
Removing intermediate container 62d19c200708
 ---> 1c26488e9447
Step 3/3 : RUN docker-php-ext-configure gd --with-freetype-dir=/usr/include/ --with-jpeg-dir=/usr/include/     && docker-php-ext-install -j$(nproc) gd mysqli pdo_mysql
 ---> Running in 82420a89f322
fetch http://dl-cdn.alpinelinux.org/alpine/v3.11/main/x86_64/APKINDEX.tar.gz
fetch http://dl-cdn.alpinelinux.org/alpine/v3.11/community/x86_64/APKINDEX.tar.gz
(1/4) Installing dpkg-dev (1.19.7-r1)
(2/4) Installing dpkg (1.19.7-r1)
(3/4) Installing re2c (1.3-r0)
(4/4) Installing .phpize-deps-configure (20200323.012944)
Executing busybox-1.31.1-r9.trigger
OK: 229 MiB in 64 packages
Configuring for:
PHP Api Version:         20170718
Zend Module Api No:      20170718
Zend Extension Api No:   320170718
checking for grep that handles long lines and -e... /bin/grep
checking for egrep... /bin/grep -E
checking for a sed that does not truncate output... /bin/sed
checking for cc... cc
checking whether the C compiler works... yes
checking for C compiler default output file name... a.out
checking for suffix of executables... 
checking whether we are cross compiling... no
checking for suffix of object files... o
checking whether we are using the GNU C compiler... yes
checking whether cc accepts -g... yes
checking for cc option to accept ISO C89... none needed
checking how to run the C preprocessor... cc -E
checking for icc... no
checking for suncc... no
checking whether cc understands -c and -o together... yes
checking for system library directory... lib
checking if compiler supports -R... no
checking if compiler supports -Wl,-rpath,... yes
checking build system type... x86_64-pc-linux-musl
checking host system type... x86_64-pc-linux-musl
checking target system type... x86_64-pc-linux-musl
checking for PHP prefix... /usr/local
checking for PHP includes... -I/usr/local/include/php -I/usr/local/include/php/main -I/usr/local/include/php/TSRM -I/usr/local/include/php/Zend -I/usr/local/include/php/ext -I/usr/local/include/php/ext/date/lib
checking for PHP extension directory... /usr/local/lib/php/extensions/no-debug-non-zts-20170718
checking for PHP installed headers prefix... /usr/local/include/php
checking if debug is enabled... no
checking if zts is enabled... no
checking for re2c... re2c
checking for re2c version... 1.3 (ok)
checking for gawk... no
checking for nawk... no
checking for awk... awk
checking if awk is broken... no
checking for GD support... yes, shared
checking for the location of libwebp... no
checking for the location of libjpeg... /usr/include/
checking for the location of libpng... no
checking for the location of libz... no
checking for the location of libXpm... no
checking for FreeType 2... /usr/include/
checking whether to enable JIS-mapped Japanese font support in GD... no
If configure fails try --with-webp-dir=<DIR>
checking for jpeg_read_header in -ljpeg... yes
checking for png_write_image in -lpng... yes
If configure fails try --with-xpm-dir=<DIR>
checking for fabsf... yes
checking for floorf... yes
checking for ld used by cc... /usr/x86_64-alpine-linux-musl/bin/ld
checking if the linker (/usr/x86_64-alpine-linux-musl/bin/ld) is GNU ld... yes
checking for /usr/x86_64-alpine-linux-musl/bin/ld option to reload object files... -r
checking for BSD-compatible nm... /usr/bin/nm -B
checking whether ln -s works... yes
checking how to recognize dependent libraries... pass_all
checking for ANSI C header files... yes
checking for sys/types.h... yes
checking for sys/stat.h... yes
checking for stdlib.h... yes
checking for string.h... yes
checking for memory.h... yes
checking for strings.h... yes
checking for inttypes.h... yes
checking for stdint.h... yes
checking for unistd.h... yes
checking dlfcn.h usability... yes
checking dlfcn.h presence... yes
checking for dlfcn.h... yes
checking the maximum length of command line arguments... 98304
checking command to parse /usr/bin/nm -B output from cc object... ok
checking for objdir... .libs
checking for ar... ar
checking for ranlib... ranlib
checking for strip... strip
checking if cc supports -fno-rtti -fno-exceptions... no
checking for cc option to produce PIC... -fPIC
checking if cc PIC flag -fPIC works... yes
checking if cc static flag -static works... yes
checking if cc supports -c -o file.o... yes
checking whether the cc linker (/usr/x86_64-alpine-linux-musl/bin/ld -m elf_x86_64) supports shared libraries... yes
checking whether -lc should be explicitly linked in... no
checking dynamic linker characteristics... GNU/Linux ld.so
checking how to hardcode library paths into programs... immediate
checking whether stripping libraries is possible... yes
checking if libtool supports shared libraries... yes
checking whether to build shared libraries... yes
checking whether to build static libraries... no

creating libtool
appending configuration tag "CXX" to libtool
configure: creating ./config.status
config.status: creating config.h
/bin/sh /usr/src/php/ext/gd/libtool --mode=compile cc -I/usr/src/php/ext/gd/libgd -DHAVE_LIBPNG -DHAVE_LIBJPEG -DHAVE_LIBFREETYPE -DENABLE_GD_TTF -I. -I/usr/src/php/ext/gd -DPHP_ATOM_INC -I/usr/src/php/ext/gd/include -I/usr/src/php/ext/gd/main -I/usr/src/php/ext/gd -I/usr/local/include/php -I/usr/local/include/php/main -I/usr/local/include/php/TSRM -I/usr/local/include/php/Zend -I/usr/local/include/php/ext -I/usr/local/include/php/ext/date/lib -I/usr/include/freetype2 -I/usr/include/libpng16  -fstack-protector-strong -fpic -fpie -O2 -D_LARGEFILE_SOURCE -D_FILE_OFFSET_BITS=64 -DHAVE_CONFIG_H  -fstack-protector-strong -fpic -fpie -O2 -D_LARGEFILE_SOURCE -D_FILE_OFFSET_BITS=64   -c /usr/src/php/ext/gd/gd.c -o gd.lo 
/bin/sh /usr/src/php/ext/gd/libtool --mode=compile cc -I/usr/src/php/ext/gd/libgd -DHAVE_LIBPNG -DHAVE_LIBJPEG -DHAVE_LIBFREETYPE -DENABLE_GD_TTF -I. -I/usr/src/php/ext/gd -DPHP_ATOM_INC -I/usr/src/php/ext/gd/include -I/usr/src/php/ext/gd/main -I/usr/src/php/ext/gd -I/usr/local/include/php -I/usr/local/include/php/main -I/usr/local/include/php/TSRM -I/usr/local/include/php/Zend -I/usr/local/include/php/ext -I/usr/local/include/php/ext/date/lib -I/usr/include/freetype2 -I/usr/include/libpng16  -fstack-protector-strong -fpic -fpie -O2 -D_LARGEFILE_SOURCE -D_FILE_OFFSET_BITS=64 -DHAVE_CONFIG_H  -fstack-protector-strong -fpic -fpie -O2 -D_LARGEFILE_SOURCE -D_FILE_OFFSET_BITS=64   -c /usr/src/php/ext/gd/libgd/gd.c -o libgd/gd.lo 
/bin/sh /usr/src/php/ext/gd/libtool --mode=compile cc -I/usr/src/php/ext/gd/libgd -DHAVE_LIBPNG -DHAVE_LIBJPEG -DHAVE_LIBFREETYPE -DENABLE_GD_TTF -I. -I/usr/src/php/ext/gd -DPHP_ATOM_INC -I/usr/src/php/ext/gd/include -I/usr/src/php/ext/gd/main -I/usr/src/php/ext/gd -I/usr/local/include/php -I/usr/local/include/php/main -I/usr/local/include/php/TSRM -I/usr/local/include/php/Zend -I/usr/local/include/php/ext -I/usr/local/include/php/ext/date/lib -I/usr/include/freetype2 -I/usr/include/libpng16  -fstack-protector-strong -fpic -fpie -O2 -D_LARGEFILE_SOURCE -D_FILE_OFFSET_BITS=64 -DHAVE_CONFIG_H  -fstack-protector-strong -fpic -fpie -O2 -D_LARGEFILE_SOURCE -D_FILE_OFFSET_BITS=64   -c /usr/src/php/ext/gd/libgd/gd_gd.c -o libgd/gd_gd.lo 
mkdir libgd/.libs
 cc -I/usr/src/php/ext/gd/libgd -DHAVE_LIBPNG -DHAVE_LIBJPEG -DHAVE_LIBFREETYPE -DENABLE_GD_TTF -I. -I/usr/src/php/ext/gd -DPHP_ATOM_INC -I/usr/src/php/ext/gd/include -I/usr/src/php/ext/gd/main -I/usr/src/php/ext/gd -I/usr/local/include/php -I/usr/local/include/php/main -I/usr/local/include/php/TSRM -I/usr/local/include/php/Zend -I/usr/local/include/php/ext -I/usr/local/include/php/ext/date/lib -I/usr/include/freetype2 -I/usr/include/libpng16 -fstack-protector-strong -fpic -fpie -O2 -D_LARGEFILE_SOURCE -D_FILE_OFFSET_BITS=64 -DHAVE_CONFIG_H -fstack-protector-strong -fpic -fpie -O2 -D_LARGEFILE_SOURCE -D_FILE_OFFSET_BITS=64 -c /usr/src/php/ext/gd/libgd/gd.c  -fPIC -DPIC -o libgd/.libs/gd.o
mkdir .libs
 cc -I/usr/src/php/ext/gd/libgd -DHAVE_LIBPNG -DHAVE_LIBJPEG -DHAVE_LIBFREETYPE -DENABLE_GD_TTF -I. -I/usr/src/php/ext/gd -DPHP_ATOM_INC -I/usr/src/php/ext/gd/include -I/usr/src/php/ext/gd/main -I/usr/src/php/ext/gd -I/usr/local/include/php -I/usr/local/include/php/main -I/usr/local/include/php/TSRM -I/usr/local/include/php/Zend -I/usr/local/include/php/ext -I/usr/local/include/php/ext/date/lib -I/usr/include/freetype2 -I/usr/include/libpng16 -fstack-protector-strong -fpic -fpie -O2 -D_LARGEFILE_SOURCE -D_FILE_OFFSET_BITS=64 -DHAVE_CONFIG_H -fstack-protector-strong -fpic -fpie -O2 -D_LARGEFILE_SOURCE -D_FILE_OFFSET_BITS=64 -c /usr/src/php/ext/gd/gd.c  -fPIC -DPIC -o .libs/gd.o
 cc -I/usr/src/php/ext/gd/libgd -DHAVE_LIBPNG -DHAVE_LIBJPEG -DHAVE_LIBFREETYPE -DENABLE_GD_TTF -I. -I/usr/src/php/ext/gd -DPHP_ATOM_INC -I/usr/src/php/ext/gd/include -I/usr/src/php/ext/gd/main -I/usr/src/php/ext/gd -I/usr/local/include/php -I/usr/local/include/php/main -I/usr/local/include/php/TSRM -I/usr/local/include/php/Zend -I/usr/local/include/php/ext -I/usr/local/include/php/ext/date/lib -I/usr/include/freetype2 -I/usr/include/libpng16 -fstack-protector-strong -fpic -fpie -O2 -D_LARGEFILE_SOURCE -D_FILE_OFFSET_BITS=64 -DHAVE_CONFIG_H -fstack-protector-strong -fpic -fpie -O2 -D_LARGEFILE_SOURCE -D_FILE_OFFSET_BITS=64 -c /usr/src/php/ext/gd/libgd/gd_gd.c  -fPIC -DPIC -o libgd/.libs/gd_gd.o
/bin/sh /usr/src/php/ext/gd/libtool --mode=compile cc -I/usr/src/php/ext/gd/libgd -DHAVE_LIBPNG -DHAVE_LIBJPEG -DHAVE_LIBFREETYPE -DENABLE_GD_TTF -I. -I/usr/src/php/ext/gd -DPHP_ATOM_INC -I/usr/src/php/ext/gd/include -I/usr/src/php/ext/gd/main -I/usr/src/php/ext/gd -I/usr/local/include/php -I/usr/local/include/php/main -I/usr/local/include/php/TSRM -I/usr/local/include/php/Zend -I/usr/local/include/php/ext -I/usr/local/include/php/ext/date/lib -I/usr/include/freetype2 -I/usr/include/libpng16  -fstack-protector-strong -fpic -fpie -O2 -D_LARGEFILE_SOURCE -D_FILE_OFFSET_BITS=64 -DHAVE_CONFIG_H  -fstack-protector-strong -fpic -fpie -O2 -D_LARGEFILE_SOURCE -D_FILE_OFFSET_BITS=64   -c /usr/src/php/ext/gd/libgd/gd_gd2.c -o libgd/gd_gd2.lo 
 cc -I/usr/src/php/ext/gd/libgd -DHAVE_LIBPNG -DHAVE_LIBJPEG -DHAVE_LIBFREETYPE -DENABLE_GD_TTF -I. -I/usr/src/php/ext/gd -DPHP_ATOM_INC -I/usr/src/php/ext/gd/include -I/usr/src/php/ext/gd/main -I/usr/src/php/ext/gd -I/usr/local/include/php -I/usr/local/include/php/main -I/usr/local/include/php/TSRM -I/usr/local/include/php/Zend -I/usr/local/include/php/ext -I/usr/local/include/php/ext/date/lib -I/usr/include/freetype2 -I/usr/include/libpng16 -fstack-protector-strong -fpic -fpie -O2 -D_LARGEFILE_SOURCE -D_FILE_OFFSET_BITS=64 -DHAVE_CONFIG_H -fstack-protector-strong -fpic -fpie -O2 -D_LARGEFILE_SOURCE -D_FILE_OFFSET_BITS=64 -c /usr/src/php/ext/gd/libgd/gd_gd2.c  -fPIC -DPIC -o libgd/.libs/gd_gd2.o
/bin/sh /usr/src/php/ext/gd/libtool --mode=compile cc -I/usr/src/php/ext/gd/libgd -DHAVE_LIBPNG -DHAVE_LIBJPEG -DHAVE_LIBFREETYPE -DENABLE_GD_TTF -I. -I/usr/src/php/ext/gd -DPHP_ATOM_INC -I/usr/src/php/ext/gd/include -I/usr/src/php/ext/gd/main -I/usr/src/php/ext/gd -I/usr/local/include/php -I/usr/local/include/php/main -I/usr/local/include/php/TSRM -I/usr/local/include/php/Zend -I/usr/local/include/php/ext -I/usr/local/include/php/ext/date/lib -I/usr/include/freetype2 -I/usr/include/libpng16  -fstack-protector-strong -fpic -fpie -O2 -D_LARGEFILE_SOURCE -D_FILE_OFFSET_BITS=64 -DHAVE_CONFIG_H  -fstack-protector-strong -fpic -fpie -O2 -D_LARGEFILE_SOURCE -D_FILE_OFFSET_BITS=64   -c /usr/src/php/ext/gd/libgd/gd_io.c -o libgd/gd_io.lo 
 cc -I/usr/src/php/ext/gd/libgd -DHAVE_LIBPNG -DHAVE_LIBJPEG -DHAVE_LIBFREETYPE -DENABLE_GD_TTF -I. -I/usr/src/php/ext/gd -DPHP_ATOM_INC -I/usr/src/php/ext/gd/include -I/usr/src/php/ext/gd/main -I/usr/src/php/ext/gd -I/usr/local/include/php -I/usr/local/include/php/main -I/usr/local/include/php/TSRM -I/usr/local/include/php/Zend -I/usr/local/include/php/ext -I/usr/local/include/php/ext/date/lib -I/usr/include/freetype2 -I/usr/include/libpng16 -fstack-protector-strong -fpic -fpie -O2 -D_LARGEFILE_SOURCE -D_FILE_OFFSET_BITS=64 -DHAVE_CONFIG_H -fstack-protector-strong -fpic -fpie -O2 -D_LARGEFILE_SOURCE -D_FILE_OFFSET_BITS=64 -c /usr/src/php/ext/gd/libgd/gd_io.c  -fPIC -DPIC -o libgd/.libs/gd_io.o
/bin/sh /usr/src/php/ext/gd/libtool --mode=compile cc -I/usr/src/php/ext/gd/libgd -DHAVE_LIBPNG -DHAVE_LIBJPEG -DHAVE_LIBFREETYPE -DENABLE_GD_TTF -I. -I/usr/src/php/ext/gd -DPHP_ATOM_INC -I/usr/src/php/ext/gd/include -I/usr/src/php/ext/gd/main -I/usr/src/php/ext/gd -I/usr/local/include/php -I/usr/local/include/php/main -I/usr/local/include/php/TSRM -I/usr/local/include/php/Zend -I/usr/local/include/php/ext -I/usr/local/include/php/ext/date/lib -I/usr/include/freetype2 -I/usr/include/libpng16  -fstack-protector-strong -fpic -fpie -O2 -D_LARGEFILE_SOURCE -D_FILE_OFFSET_BITS=64 -DHAVE_CONFIG_H  -fstack-protector-strong -fpic -fpie -O2 -D_LARGEFILE_SOURCE -D_FILE_OFFSET_BITS=64   -c /usr/src/php/ext/gd/libgd/gd_io_dp.c -o libgd/gd_io_dp.lo 
/bin/sh /usr/src/php/ext/gd/libtool --mode=compile cc -I/usr/src/php/ext/gd/libgd -DHAVE_LIBPNG -DHAVE_LIBJPEG -DHAVE_LIBFREETYPE -DENABLE_GD_TTF -I. -I/usr/src/php/ext/gd -DPHP_ATOM_INC -I/usr/src/php/ext/gd/include -I/usr/src/php/ext/gd/main -I/usr/src/php/ext/gd -I/usr/local/include/php -I/usr/local/include/php/main -I/usr/local/include/php/TSRM -I/usr/local/include/php/Zend -I/usr/local/include/php/ext -I/usr/local/include/php/ext/date/lib -I/usr/include/freetype2 -I/usr/include/libpng16  -fstack-protector-strong -fpic -fpie -O2 -D_LARGEFILE_SOURCE -D_FILE_OFFSET_BITS=64 -DHAVE_CONFIG_H  -fstack-protector-strong -fpic -fpie -O2 -D_LARGEFILE_SOURCE -D_FILE_OFFSET_BITS=64   -c /usr/src/php/ext/gd/libgd/gd_io_file.c -o libgd/gd_io_file.lo 
 cc -I/usr/src/php/ext/gd/libgd -DHAVE_LIBPNG -DHAVE_LIBJPEG -DHAVE_LIBFREETYPE -DENABLE_GD_TTF -I. -I/usr/src/php/ext/gd -DPHP_ATOM_INC -I/usr/src/php/ext/gd/include -I/usr/src/php/ext/gd/main -I/usr/src/php/ext/gd -I/usr/local/include/php -I/usr/local/include/php/main -I/usr/local/include/php/TSRM -I/usr/local/include/php/Zend -I/usr/local/include/php/ext -I/usr/local/include/php/ext/date/lib -I/usr/include/freetype2 -I/usr/include/libpng16 -fstack-protector-strong -fpic -fpie -O2 -D_LARGEFILE_SOURCE -D_FILE_OFFSET_BITS=64 -DHAVE_CONFIG_H -fstack-protector-strong -fpic -fpie -O2 -D_LARGEFILE_SOURCE -D_FILE_OFFSET_BITS=64 -c /usr/src/php/ext/gd/libgd/gd_io_dp.c  -fPIC -DPIC -o libgd/.libs/gd_io_dp.o
/bin/sh /usr/src/php/ext/gd/libtool --mode=compile cc -I/usr/src/php/ext/gd/libgd -DHAVE_LIBPNG -DHAVE_LIBJPEG -DHAVE_LIBFREETYPE -DENABLE_GD_TTF -I. -I/usr/src/php/ext/gd -DPHP_ATOM_INC -I/usr/src/php/ext/gd/include -I/usr/src/php/ext/gd/main -I/usr/src/php/ext/gd -I/usr/local/include/php -I/usr/local/include/php/main -I/usr/local/include/php/TSRM -I/usr/local/include/php/Zend -I/usr/local/include/php/ext -I/usr/local/include/php/ext/date/lib -I/usr/include/freetype2 -I/usr/include/libpng16  -fstack-protector-strong -fpic -fpie -O2 -D_LARGEFILE_SOURCE -D_FILE_OFFSET_BITS=64 -DHAVE_CONFIG_H  -fstack-protector-strong -fpic -fpie -O2 -D_LARGEFILE_SOURCE -D_FILE_OFFSET_BITS=64   -c /usr/src/php/ext/gd/libgd/gd_ss.c -o libgd/gd_ss.lo 
 cc -I/usr/src/php/ext/gd/libgd -DHAVE_LIBPNG -DHAVE_LIBJPEG -DHAVE_LIBFREETYPE -DENABLE_GD_TTF -I. -I/usr/src/php/ext/gd -DPHP_ATOM_INC -I/usr/src/php/ext/gd/include -I/usr/src/php/ext/gd/main -I/usr/src/php/ext/gd -I/usr/local/include/php -I/usr/local/include/php/main -I/usr/local/include/php/TSRM -I/usr/local/include/php/Zend -I/usr/local/include/php/ext -I/usr/local/include/php/ext/date/lib -I/usr/include/freetype2 -I/usr/include/libpng16 -fstack-protector-strong -fpic -fpie -O2 -D_LARGEFILE_SOURCE -D_FILE_OFFSET_BITS=64 -DHAVE_CONFIG_H -fstack-protector-strong -fpic -fpie -O2 -D_LARGEFILE_SOURCE -D_FILE_OFFSET_BITS=64 -c /usr/src/php/ext/gd/libgd/gd_io_file.c  -fPIC -DPIC -o libgd/.libs/gd_io_file.o
/bin/sh /usr/src/php/ext/gd/libtool --mode=compile cc -I/usr/src/php/ext/gd/libgd -DHAVE_LIBPNG -DHAVE_LIBJPEG -DHAVE_LIBFREETYPE -DENABLE_GD_TTF -I. -I/usr/src/php/ext/gd -DPHP_ATOM_INC -I/usr/src/php/ext/gd/include -I/usr/src/php/ext/gd/main -I/usr/src/php/ext/gd -I/usr/local/include/php -I/usr/local/include/php/main -I/usr/local/include/php/TSRM -I/usr/local/include/php/Zend -I/usr/local/include/php/ext -I/usr/local/include/php/ext/date/lib -I/usr/include/freetype2 -I/usr/include/libpng16  -fstack-protector-strong -fpic -fpie -O2 -D_LARGEFILE_SOURCE -D_FILE_OFFSET_BITS=64 -DHAVE_CONFIG_H  -fstack-protector-strong -fpic -fpie -O2 -D_LARGEFILE_SOURCE -D_FILE_OFFSET_BITS=64   -c /usr/src/php/ext/gd/libgd/gd_io_ss.c -o libgd/gd_io_ss.lo 
 cc -I/usr/src/php/ext/gd/libgd -DHAVE_LIBPNG -DHAVE_LIBJPEG -DHAVE_LIBFREETYPE -DENABLE_GD_TTF -I. -I/usr/src/php/ext/gd -DPHP_ATOM_INC -I/usr/src/php/ext/gd/include -I/usr/src/php/ext/gd/main -I/usr/src/php/ext/gd -I/usr/local/include/php -I/usr/local/include/php/main -I/usr/local/include/php/TSRM -I/usr/local/include/php/Zend -I/usr/local/include/php/ext -I/usr/local/include/php/ext/date/lib -I/usr/include/freetype2 -I/usr/include/libpng16 -fstack-protector-strong -fpic -fpie -O2 -D_LARGEFILE_SOURCE -D_FILE_OFFSET_BITS=64 -DHAVE_CONFIG_H -fstack-protector-strong -fpic -fpie -O2 -D_LARGEFILE_SOURCE -D_FILE_OFFSET_BITS=64 -c /usr/src/php/ext/gd/libgd/gd_ss.c  -fPIC -DPIC -o libgd/.libs/gd_ss.o
/bin/sh /usr/src/php/ext/gd/libtool --mode=compile cc -I/usr/src/php/ext/gd/libgd -DHAVE_LIBPNG -DHAVE_LIBJPEG -DHAVE_LIBFREETYPE -DENABLE_GD_TTF -I. -I/usr/src/php/ext/gd -DPHP_ATOM_INC -I/usr/src/php/ext/gd/include -I/usr/src/php/ext/gd/main -I/usr/src/php/ext/gd -I/usr/local/include/php -I/usr/local/include/php/main -I/usr/local/include/php/TSRM -I/usr/local/include/php/Zend -I/usr/local/include/php/ext -I/usr/local/include/php/ext/date/lib -I/usr/include/freetype2 -I/usr/include/libpng16  -fstack-protector-strong -fpic -fpie -O2 -D_LARGEFILE_SOURCE -D_FILE_OFFSET_BITS=64 -DHAVE_CONFIG_H  -fstack-protector-strong -fpic -fpie -O2 -D_LARGEFILE_SOURCE -D_FILE_OFFSET_BITS=64   -c /usr/src/php/ext/gd/libgd/gd_webp.c -o libgd/gd_webp.lo 
/bin/sh /usr/src/php/ext/gd/libtool --mode=compile cc -I/usr/src/php/ext/gd/libgd -DHAVE_LIBPNG -DHAVE_LIBJPEG -DHAVE_LIBFREETYPE -DENABLE_GD_TTF -I. -I/usr/src/php/ext/gd -DPHP_ATOM_INC -I/usr/src/php/ext/gd/include -I/usr/src/php/ext/gd/main -I/usr/src/php/ext/gd -I/usr/local/include/php -I/usr/local/include/php/main -I/usr/local/include/php/TSRM -I/usr/local/include/php/Zend -I/usr/local/include/php/ext -I/usr/local/include/php/ext/date/lib -I/usr/include/freetype2 -I/usr/include/libpng16  -fstack-protector-strong -fpic -fpie -O2 -D_LARGEFILE_SOURCE -D_FILE_OFFSET_BITS=64 -DHAVE_CONFIG_H  -fstack-protector-strong -fpic -fpie -O2 -D_LARGEFILE_SOURCE -D_FILE_OFFSET_BITS=64   -c /usr/src/php/ext/gd/libgd/gd_png.c -o libgd/gd_png.lo 
 cc -I/usr/src/php/ext/gd/libgd -DHAVE_LIBPNG -DHAVE_LIBJPEG -DHAVE_LIBFREETYPE -DENABLE_GD_TTF -I. -I/usr/src/php/ext/gd -DPHP_ATOM_INC -I/usr/src/php/ext/gd/include -I/usr/src/php/ext/gd/main -I/usr/src/php/ext/gd -I/usr/local/include/php -I/usr/local/include/php/main -I/usr/local/include/php/TSRM -I/usr/local/include/php/Zend -I/usr/local/include/php/ext -I/usr/local/include/php/ext/date/lib -I/usr/include/freetype2 -I/usr/include/libpng16 -fstack-protector-strong -fpic -fpie -O2 -D_LARGEFILE_SOURCE -D_FILE_OFFSET_BITS=64 -DHAVE_CONFIG_H -fstack-protector-strong -fpic -fpie -O2 -D_LARGEFILE_SOURCE -D_FILE_OFFSET_BITS=64 -c /usr/src/php/ext/gd/libgd/gd_io_ss.c  -fPIC -DPIC -o libgd/.libs/gd_io_ss.o
 cc -I/usr/src/php/ext/gd/libgd -DHAVE_LIBPNG -DHAVE_LIBJPEG -DHAVE_LIBFREETYPE -DENABLE_GD_TTF -I. -I/usr/src/php/ext/gd -DPHP_ATOM_INC -I/usr/src/php/ext/gd/include -I/usr/src/php/ext/gd/main -I/usr/src/php/ext/gd -I/usr/local/include/php -I/usr/local/include/php/main -I/usr/local/include/php/TSRM -I/usr/local/include/php/Zend -I/usr/local/include/php/ext -I/usr/local/include/php/ext/date/lib -I/usr/include/freetype2 -I/usr/include/libpng16 -fstack-protector-strong -fpic -fpie -O2 -D_LARGEFILE_SOURCE -D_FILE_OFFSET_BITS=64 -DHAVE_CONFIG_H -fstack-protector-strong -fpic -fpie -O2 -D_LARGEFILE_SOURCE -D_FILE_OFFSET_BITS=64 -c /usr/src/php/ext/gd/libgd/gd_png.c  -fPIC -DPIC -o libgd/.libs/gd_png.o
/bin/sh /usr/src/php/ext/gd/libtool --mode=compile cc -I/usr/src/php/ext/gd/libgd -DHAVE_LIBPNG -DHAVE_LIBJPEG -DHAVE_LIBFREETYPE -DENABLE_GD_TTF -I. -I/usr/src/php/ext/gd -DPHP_ATOM_INC -I/usr/src/php/ext/gd/include -I/usr/src/php/ext/gd/main -I/usr/src/php/ext/gd -I/usr/local/include/php -I/usr/local/include/php/main -I/usr/local/include/php/TSRM -I/usr/local/include/php/Zend -I/usr/local/include/php/ext -I/usr/local/include/php/ext/date/lib -I/usr/include/freetype2 -I/usr/include/libpng16  -fstack-protector-strong -fpic -fpie -O2 -D_LARGEFILE_SOURCE -D_FILE_OFFSET_BITS=64 -DHAVE_CONFIG_H  -fstack-protector-strong -fpic -fpie -O2 -D_LARGEFILE_SOURCE -D_FILE_OFFSET_BITS=64   -c /usr/src/php/ext/gd/libgd/gd_jpeg.c -o libgd/gd_jpeg.lo 
 cc -I/usr/src/php/ext/gd/libgd -DHAVE_LIBPNG -DHAVE_LIBJPEG -DHAVE_LIBFREETYPE -DENABLE_GD_TTF -I. -I/usr/src/php/ext/gd -DPHP_ATOM_INC -I/usr/src/php/ext/gd/include -I/usr/src/php/ext/gd/main -I/usr/src/php/ext/gd -I/usr/local/include/php -I/usr/local/include/php/main -I/usr/local/include/php/TSRM -I/usr/local/include/php/Zend -I/usr/local/include/php/ext -I/usr/local/include/php/ext/date/lib -I/usr/include/freetype2 -I/usr/include/libpng16 -fstack-protector-strong -fpic -fpie -O2 -D_LARGEFILE_SOURCE -D_FILE_OFFSET_BITS=64 -DHAVE_CONFIG_H -fstack-protector-strong -fpic -fpie -O2 -D_LARGEFILE_SOURCE -D_FILE_OFFSET_BITS=64 -c /usr/src/php/ext/gd/libgd/gd_webp.c  -fPIC -DPIC -o libgd/.libs/gd_webp.o
/bin/sh /usr/src/php/ext/gd/libtool --mode=compile cc -I/usr/src/php/ext/gd/libgd -DHAVE_LIBPNG -DHAVE_LIBJPEG -DHAVE_LIBFREETYPE -DENABLE_GD_TTF -I. -I/usr/src/php/ext/gd -DPHP_ATOM_INC -I/usr/src/php/ext/gd/include -I/usr/src/php/ext/gd/main -I/usr/src/php/ext/gd -I/usr/local/include/php -I/usr/local/include/php/main -I/usr/local/include/php/TSRM -I/usr/local/include/php/Zend -I/usr/local/include/php/ext -I/usr/local/include/php/ext/date/lib -I/usr/include/freetype2 -I/usr/include/libpng16  -fstack-protector-strong -fpic -fpie -O2 -D_LARGEFILE_SOURCE -D_FILE_OFFSET_BITS=64 -DHAVE_CONFIG_H  -fstack-protector-strong -fpic -fpie -O2 -D_LARGEFILE_SOURCE -D_FILE_OFFSET_BITS=64   -c /usr/src/php/ext/gd/libgd/gdxpm.c -o libgd/gdxpm.lo 
 cc -I/usr/src/php/ext/gd/libgd -DHAVE_LIBPNG -DHAVE_LIBJPEG -DHAVE_LIBFREETYPE -DENABLE_GD_TTF -I. -I/usr/src/php/ext/gd -DPHP_ATOM_INC -I/usr/src/php/ext/gd/include -I/usr/src/php/ext/gd/main -I/usr/src/php/ext/gd -I/usr/local/include/php -I/usr/local/include/php/main -I/usr/local/include/php/TSRM -I/usr/local/include/php/Zend -I/usr/local/include/php/ext -I/usr/local/include/php/ext/date/lib -I/usr/include/freetype2 -I/usr/include/libpng16 -fstack-protector-strong -fpic -fpie -O2 -D_LARGEFILE_SOURCE -D_FILE_OFFSET_BITS=64 -DHAVE_CONFIG_H -fstack-protector-strong -fpic -fpie -O2 -D_LARGEFILE_SOURCE -D_FILE_OFFSET_BITS=64 -c /usr/src/php/ext/gd/libgd/gd_jpeg.c  -fPIC -DPIC -o libgd/.libs/gd_jpeg.o
 cc -I/usr/src/php/ext/gd/libgd -DHAVE_LIBPNG -DHAVE_LIBJPEG -DHAVE_LIBFREETYPE -DENABLE_GD_TTF -I. -I/usr/src/php/ext/gd -DPHP_ATOM_INC -I/usr/src/php/ext/gd/include -I/usr/src/php/ext/gd/main -I/usr/src/php/ext/gd -I/usr/local/include/php -I/usr/local/include/php/main -I/usr/local/include/php/TSRM -I/usr/local/include/php/Zend -I/usr/local/include/php/ext -I/usr/local/include/php/ext/date/lib -I/usr/include/freetype2 -I/usr/include/libpng16 -fstack-protector-strong -fpic -fpie -O2 -D_LARGEFILE_SOURCE -D_FILE_OFFSET_BITS=64 -DHAVE_CONFIG_H -fstack-protector-strong -fpic -fpie -O2 -D_LARGEFILE_SOURCE -D_FILE_OFFSET_BITS=64 -c /usr/src/php/ext/gd/libgd/gdxpm.c  -fPIC -DPIC -o libgd/.libs/gdxpm.o
/bin/sh /usr/src/php/ext/gd/libtool --mode=compile cc -I/usr/src/php/ext/gd/libgd -DHAVE_LIBPNG -DHAVE_LIBJPEG -DHAVE_LIBFREETYPE -DENABLE_GD_TTF -I. -I/usr/src/php/ext/gd -DPHP_ATOM_INC -I/usr/src/php/ext/gd/include -I/usr/src/php/ext/gd/main -I/usr/src/php/ext/gd -I/usr/local/include/php -I/usr/local/include/php/main -I/usr/local/include/php/TSRM -I/usr/local/include/php/Zend -I/usr/local/include/php/ext -I/usr/local/include/php/ext/date/lib -I/usr/include/freetype2 -I/usr/include/libpng16  -fstack-protector-strong -fpic -fpie -O2 -D_LARGEFILE_SOURCE -D_FILE_OFFSET_BITS=64 -DHAVE_CONFIG_H  -fstack-protector-strong -fpic -fpie -O2 -D_LARGEFILE_SOURCE -D_FILE_OFFSET_BITS=64   -c /usr/src/php/ext/gd/libgd/gdfontt.c -o libgd/gdfontt.lo 
/bin/sh /usr/src/php/ext/gd/libtool --mode=compile cc -I/usr/src/php/ext/gd/libgd -DHAVE_LIBPNG -DHAVE_LIBJPEG -DHAVE_LIBFREETYPE -DENABLE_GD_TTF -I. -I/usr/src/php/ext/gd -DPHP_ATOM_INC -I/usr/src/php/ext/gd/include -I/usr/src/php/ext/gd/main -I/usr/src/php/ext/gd -I/usr/local/include/php -I/usr/local/include/php/main -I/usr/local/include/php/TSRM -I/usr/local/include/php/Zend -I/usr/local/include/php/ext -I/usr/local/include/php/ext/date/lib -I/usr/include/freetype2 -I/usr/include/libpng16  -fstack-protector-strong -fpic -fpie -O2 -D_LARGEFILE_SOURCE -D_FILE_OFFSET_BITS=64 -DHAVE_CONFIG_H  -fstack-protector-strong -fpic -fpie -O2 -D_LARGEFILE_SOURCE -D_FILE_OFFSET_BITS=64   -c /usr/src/php/ext/gd/libgd/gdfonts.c -o libgd/gdfonts.lo 
/bin/sh /usr/src/php/ext/gd/libtool --mode=compile cc -I/usr/src/php/ext/gd/libgd -DHAVE_LIBPNG -DHAVE_LIBJPEG -DHAVE_LIBFREETYPE -DENABLE_GD_TTF -I. -I/usr/src/php/ext/gd -DPHP_ATOM_INC -I/usr/src/php/ext/gd/include -I/usr/src/php/ext/gd/main -I/usr/src/php/ext/gd -I/usr/local/include/php -I/usr/local/include/php/main -I/usr/local/include/php/TSRM -I/usr/local/include/php/Zend -I/usr/local/include/php/ext -I/usr/local/include/php/ext/date/lib -I/usr/include/freetype2 -I/usr/include/libpng16  -fstack-protector-strong -fpic -fpie -O2 -D_LARGEFILE_SOURCE -D_FILE_OFFSET_BITS=64 -DHAVE_CONFIG_H  -fstack-protector-strong -fpic -fpie -O2 -D_LARGEFILE_SOURCE -D_FILE_OFFSET_BITS=64   -c /usr/src/php/ext/gd/libgd/gdfontmb.c -o libgd/gdfontmb.lo 
 cc -I/usr/src/php/ext/gd/libgd -DHAVE_LIBPNG -DHAVE_LIBJPEG -DHAVE_LIBFREETYPE -DENABLE_GD_TTF -I. -I/usr/src/php/ext/gd -DPHP_ATOM_INC -I/usr/src/php/ext/gd/include -I/usr/src/php/ext/gd/main -I/usr/src/php/ext/gd -I/usr/local/include/php -I/usr/local/include/php/main -I/usr/local/include/php/TSRM -I/usr/local/include/php/Zend -I/usr/local/include/php/ext -I/usr/local/include/php/ext/date/lib -I/usr/include/freetype2 -I/usr/include/libpng16 -fstack-protector-strong -fpic -fpie -O2 -D_LARGEFILE_SOURCE -D_FILE_OFFSET_BITS=64 -DHAVE_CONFIG_H -fstack-protector-strong -fpic -fpie -O2 -D_LARGEFILE_SOURCE -D_FILE_OFFSET_BITS=64 -c /usr/src/php/ext/gd/libgd/gdfontt.c  -fPIC -DPIC -o libgd/.libs/gdfontt.o
 cc -I/usr/src/php/ext/gd/libgd -DHAVE_LIBPNG -DHAVE_LIBJPEG -DHAVE_LIBFREETYPE -DENABLE_GD_TTF -I. -I/usr/src/php/ext/gd -DPHP_ATOM_INC -I/usr/src/php/ext/gd/include -I/usr/src/php/ext/gd/main -I/usr/src/php/ext/gd -I/usr/local/include/php -I/usr/local/include/php/main -I/usr/local/include/php/TSRM -I/usr/local/include/php/Zend -I/usr/local/include/php/ext -I/usr/local/include/php/ext/date/lib -I/usr/include/freetype2 -I/usr/include/libpng16 -fstack-protector-strong -fpic -fpie -O2 -D_LARGEFILE_SOURCE -D_FILE_OFFSET_BITS=64 -DHAVE_CONFIG_H -fstack-protector-strong -fpic -fpie -O2 -D_LARGEFILE_SOURCE -D_FILE_OFFSET_BITS=64 -c /usr/src/php/ext/gd/libgd/gdfonts.c  -fPIC -DPIC -o libgd/.libs/gdfonts.o
/bin/sh /usr/src/php/ext/gd/libtool --mode=compile cc -I/usr/src/php/ext/gd/libgd -DHAVE_LIBPNG -DHAVE_LIBJPEG -DHAVE_LIBFREETYPE -DENABLE_GD_TTF -I. -I/usr/src/php/ext/gd -DPHP_ATOM_INC -I/usr/src/php/ext/gd/include -I/usr/src/php/ext/gd/main -I/usr/src/php/ext/gd -I/usr/local/include/php -I/usr/local/include/php/main -I/usr/local/include/php/TSRM -I/usr/local/include/php/Zend -I/usr/local/include/php/ext -I/usr/local/include/php/ext/date/lib -I/usr/include/freetype2 -I/usr/include/libpng16  -fstack-protector-strong -fpic -fpie -O2 -D_LARGEFILE_SOURCE -D_FILE_OFFSET_BITS=64 -DHAVE_CONFIG_H  -fstack-protector-strong -fpic -fpie -O2 -D_LARGEFILE_SOURCE -D_FILE_OFFSET_BITS=64   -c /usr/src/php/ext/gd/libgd/gdfontl.c -o libgd/gdfontl.lo 
 cc -I/usr/src/php/ext/gd/libgd -DHAVE_LIBPNG -DHAVE_LIBJPEG -DHAVE_LIBFREETYPE -DENABLE_GD_TTF -I. -I/usr/src/php/ext/gd -DPHP_ATOM_INC -I/usr/src/php/ext/gd/include -I/usr/src/php/ext/gd/main -I/usr/src/php/ext/gd -I/usr/local/include/php -I/usr/local/include/php/main -I/usr/local/include/php/TSRM -I/usr/local/include/php/Zend -I/usr/local/include/php/ext -I/usr/local/include/php/ext/date/lib -I/usr/include/freetype2 -I/usr/include/libpng16 -fstack-protector-strong -fpic -fpie -O2 -D_LARGEFILE_SOURCE -D_FILE_OFFSET_BITS=64 -DHAVE_CONFIG_H -fstack-protector-strong -fpic -fpie -O2 -D_LARGEFILE_SOURCE -D_FILE_OFFSET_BITS=64 -c /usr/src/php/ext/gd/libgd/gdfontmb.c  -fPIC -DPIC -o libgd/.libs/gdfontmb.o
 cc -I/usr/src/php/ext/gd/libgd -DHAVE_LIBPNG -DHAVE_LIBJPEG -DHAVE_LIBFREETYPE -DENABLE_GD_TTF -I. -I/usr/src/php/ext/gd -DPHP_ATOM_INC -I/usr/src/php/ext/gd/include -I/usr/src/php/ext/gd/main -I/usr/src/php/ext/gd -I/usr/local/include/php -I/usr/local/include/php/main -I/usr/local/include/php/TSRM -I/usr/local/include/php/Zend -I/usr/local/include/php/ext -I/usr/local/include/php/ext/date/lib -I/usr/include/freetype2 -I/usr/include/libpng16 -fstack-protector-strong -fpic -fpie -O2 -D_LARGEFILE_SOURCE -D_FILE_OFFSET_BITS=64 -DHAVE_CONFIG_H -fstack-protector-strong -fpic -fpie -O2 -D_LARGEFILE_SOURCE -D_FILE_OFFSET_BITS=64 -c /usr/src/php/ext/gd/libgd/gdfontl.c  -fPIC -DPIC -o libgd/.libs/gdfontl.o
/bin/sh /usr/src/php/ext/gd/libtool --mode=compile cc -I/usr/src/php/ext/gd/libgd -DHAVE_LIBPNG -DHAVE_LIBJPEG -DHAVE_LIBFREETYPE -DENABLE_GD_TTF -I. -I/usr/src/php/ext/gd -DPHP_ATOM_INC -I/usr/src/php/ext/gd/include -I/usr/src/php/ext/gd/main -I/usr/src/php/ext/gd -I/usr/local/include/php -I/usr/local/include/php/main -I/usr/local/include/php/TSRM -I/usr/local/include/php/Zend -I/usr/local/include/php/ext -I/usr/local/include/php/ext/date/lib -I/usr/include/freetype2 -I/usr/include/libpng16  -fstack-protector-strong -fpic -fpie -O2 -D_LARGEFILE_SOURCE -D_FILE_OFFSET_BITS=64 -DHAVE_CONFIG_H  -fstack-protector-strong -fpic -fpie -O2 -D_LARGEFILE_SOURCE -D_FILE_OFFSET_BITS=64   -c /usr/src/php/ext/gd/libgd/gdfontg.c -o libgd/gdfontg.lo 
/bin/sh /usr/src/php/ext/gd/libtool --mode=compile cc -I/usr/src/php/ext/gd/libgd -DHAVE_LIBPNG -DHAVE_LIBJPEG -DHAVE_LIBFREETYPE -DENABLE_GD_TTF -I. -I/usr/src/php/ext/gd -DPHP_ATOM_INC -I/usr/src/php/ext/gd/include -I/usr/src/php/ext/gd/main -I/usr/src/php/ext/gd -I/usr/local/include/php -I/usr/local/include/php/main -I/usr/local/include/php/TSRM -I/usr/local/include/php/Zend -I/usr/local/include/php/ext -I/usr/local/include/php/ext/date/lib -I/usr/include/freetype2 -I/usr/include/libpng16  -fstack-protector-strong -fpic -fpie -O2 -D_LARGEFILE_SOURCE -D_FILE_OFFSET_BITS=64 -DHAVE_CONFIG_H  -fstack-protector-strong -fpic -fpie -O2 -D_LARGEFILE_SOURCE -D_FILE_OFFSET_BITS=64   -c /usr/src/php/ext/gd/libgd/gdtables.c -o libgd/gdtables.lo 
/bin/sh /usr/src/php/ext/gd/libtool --mode=compile cc -I/usr/src/php/ext/gd/libgd -DHAVE_LIBPNG -DHAVE_LIBJPEG -DHAVE_LIBFREETYPE -DENABLE_GD_TTF -I. -I/usr/src/php/ext/gd -DPHP_ATOM_INC -I/usr/src/php/ext/gd/include -I/usr/src/php/ext/gd/main -I/usr/src/php/ext/gd -I/usr/local/include/php -I/usr/local/include/php/main -I/usr/local/include/php/TSRM -I/usr/local/include/php/Zend -I/usr/local/include/php/ext -I/usr/local/include/php/ext/date/lib -I/usr/include/freetype2 -I/usr/include/libpng16  -fstack-protector-strong -fpic -fpie -O2 -D_LARGEFILE_SOURCE -D_FILE_OFFSET_BITS=64 -DHAVE_CONFIG_H  -fstack-protector-strong -fpic -fpie -O2 -D_LARGEFILE_SOURCE -D_FILE_OFFSET_BITS=64   -c /usr/src/php/ext/gd/libgd/gdft.c -o libgd/gdft.lo 
 cc -I/usr/src/php/ext/gd/libgd -DHAVE_LIBPNG -DHAVE_LIBJPEG -DHAVE_LIBFREETYPE -DENABLE_GD_TTF -I. -I/usr/src/php/ext/gd -DPHP_ATOM_INC -I/usr/src/php/ext/gd/include -I/usr/src/php/ext/gd/main -I/usr/src/php/ext/gd -I/usr/local/include/php -I/usr/local/include/php/main -I/usr/local/include/php/TSRM -I/usr/local/include/php/Zend -I/usr/local/include/php/ext -I/usr/local/include/php/ext/date/lib -I/usr/include/freetype2 -I/usr/include/libpng16 -fstack-protector-strong -fpic -fpie -O2 -D_LARGEFILE_SOURCE -D_FILE_OFFSET_BITS=64 -DHAVE_CONFIG_H -fstack-protector-strong -fpic -fpie -O2 -D_LARGEFILE_SOURCE -D_FILE_OFFSET_BITS=64 -c /usr/src/php/ext/gd/libgd/gdfontg.c  -fPIC -DPIC -o libgd/.libs/gdfontg.o
 cc -I/usr/src/php/ext/gd/libgd -DHAVE_LIBPNG -DHAVE_LIBJPEG -DHAVE_LIBFREETYPE -DENABLE_GD_TTF -I. -I/usr/src/php/ext/gd -DPHP_ATOM_INC -I/usr/src/php/ext/gd/include -I/usr/src/php/ext/gd/main -I/usr/src/php/ext/gd -I/usr/local/include/php -I/usr/local/include/php/main -I/usr/local/include/php/TSRM -I/usr/local/include/php/Zend -I/usr/local/include/php/ext -I/usr/local/include/php/ext/date/lib -I/usr/include/freetype2 -I/usr/include/libpng16 -fstack-protector-strong -fpic -fpie -O2 -D_LARGEFILE_SOURCE -D_FILE_OFFSET_BITS=64 -DHAVE_CONFIG_H -fstack-protector-strong -fpic -fpie -O2 -D_LARGEFILE_SOURCE -D_FILE_OFFSET_BITS=64 -c /usr/src/php/ext/gd/libgd/gdtables.c  -fPIC -DPIC -o libgd/.libs/gdtables.o
/bin/sh /usr/src/php/ext/gd/libtool --mode=compile cc -I/usr/src/php/ext/gd/libgd -DHAVE_LIBPNG -DHAVE_LIBJPEG -DHAVE_LIBFREETYPE -DENABLE_GD_TTF -I. -I/usr/src/php/ext/gd -DPHP_ATOM_INC -I/usr/src/php/ext/gd/include -I/usr/src/php/ext/gd/main -I/usr/src/php/ext/gd -I/usr/local/include/php -I/usr/local/include/php/main -I/usr/local/include/php/TSRM -I/usr/local/include/php/Zend -I/usr/local/include/php/ext -I/usr/local/include/php/ext/date/lib -I/usr/include/freetype2 -I/usr/include/libpng16  -fstack-protector-strong -fpic -fpie -O2 -D_LARGEFILE_SOURCE -D_FILE_OFFSET_BITS=64 -DHAVE_CONFIG_H  -fstack-protector-strong -fpic -fpie -O2 -D_LARGEFILE_SOURCE -D_FILE_OFFSET_BITS=64   -c /usr/src/php/ext/gd/libgd/gdcache.c -o libgd/gdcache.lo 
/bin/sh /usr/src/php/ext/gd/libtool --mode=compile cc -I/usr/src/php/ext/gd/libgd -DHAVE_LIBPNG -DHAVE_LIBJPEG -DHAVE_LIBFREETYPE -DENABLE_GD_TTF -I. -I/usr/src/php/ext/gd -DPHP_ATOM_INC -I/usr/src/php/ext/gd/include -I/usr/src/php/ext/gd/main -I/usr/src/php/ext/gd -I/usr/local/include/php -I/usr/local/include/php/main -I/usr/local/include/php/TSRM -I/usr/local/include/php/Zend -I/usr/local/include/php/ext -I/usr/local/include/php/ext/date/lib -I/usr/include/freetype2 -I/usr/include/libpng16  -fstack-protector-strong -fpic -fpie -O2 -D_LARGEFILE_SOURCE -D_FILE_OFFSET_BITS=64 -DHAVE_CONFIG_H  -fstack-protector-strong -fpic -fpie -O2 -D_LARGEFILE_SOURCE -D_FILE_OFFSET_BITS=64   -c /usr/src/php/ext/gd/libgd/gdkanji.c -o libgd/gdkanji.lo 
 cc -I/usr/src/php/ext/gd/libgd -DHAVE_LIBPNG -DHAVE_LIBJPEG -DHAVE_LIBFREETYPE -DENABLE_GD_TTF -I. -I/usr/src/php/ext/gd -DPHP_ATOM_INC -I/usr/src/php/ext/gd/include -I/usr/src/php/ext/gd/main -I/usr/src/php/ext/gd -I/usr/local/include/php -I/usr/local/include/php/main -I/usr/local/include/php/TSRM -I/usr/local/include/php/Zend -I/usr/local/include/php/ext -I/usr/local/include/php/ext/date/lib -I/usr/include/freetype2 -I/usr/include/libpng16 -fstack-protector-strong -fpic -fpie -O2 -D_LARGEFILE_SOURCE -D_FILE_OFFSET_BITS=64 -DHAVE_CONFIG_H -fstack-protector-strong -fpic -fpie -O2 -D_LARGEFILE_SOURCE -D_FILE_OFFSET_BITS=64 -c /usr/src/php/ext/gd/libgd/gdft.c  -fPIC -DPIC -o libgd/.libs/gdft.o
 cc -I/usr/src/php/ext/gd/libgd -DHAVE_LIBPNG -DHAVE_LIBJPEG -DHAVE_LIBFREETYPE -DENABLE_GD_TTF -I. -I/usr/src/php/ext/gd -DPHP_ATOM_INC -I/usr/src/php/ext/gd/include -I/usr/src/php/ext/gd/main -I/usr/src/php/ext/gd -I/usr/local/include/php -I/usr/local/include/php/main -I/usr/local/include/php/TSRM -I/usr/local/include/php/Zend -I/usr/local/include/php/ext -I/usr/local/include/php/ext/date/lib -I/usr/include/freetype2 -I/usr/include/libpng16 -fstack-protector-strong -fpic -fpie -O2 -D_LARGEFILE_SOURCE -D_FILE_OFFSET_BITS=64 -DHAVE_CONFIG_H -fstack-protector-strong -fpic -fpie -O2 -D_LARGEFILE_SOURCE -D_FILE_OFFSET_BITS=64 -c /usr/src/php/ext/gd/libgd/gdkanji.c  -fPIC -DPIC -o libgd/.libs/gdkanji.o
 cc -I/usr/src/php/ext/gd/libgd -DHAVE_LIBPNG -DHAVE_LIBJPEG -DHAVE_LIBFREETYPE -DENABLE_GD_TTF -I. -I/usr/src/php/ext/gd -DPHP_ATOM_INC -I/usr/src/php/ext/gd/include -I/usr/src/php/ext/gd/main -I/usr/src/php/ext/gd -I/usr/local/include/php -I/usr/local/include/php/main -I/usr/local/include/php/TSRM -I/usr/local/include/php/Zend -I/usr/local/include/php/ext -I/usr/local/include/php/ext/date/lib -I/usr/include/freetype2 -I/usr/include/libpng16 -fstack-protector-strong -fpic -fpie -O2 -D_LARGEFILE_SOURCE -D_FILE_OFFSET_BITS=64 -DHAVE_CONFIG_H -fstack-protector-strong -fpic -fpie -O2 -D_LARGEFILE_SOURCE -D_FILE_OFFSET_BITS=64 -c /usr/src/php/ext/gd/libgd/gdcache.c  -fPIC -DPIC -o libgd/.libs/gdcache.o
/bin/sh /usr/src/php/ext/gd/libtool --mode=compile cc -I/usr/src/php/ext/gd/libgd -DHAVE_LIBPNG -DHAVE_LIBJPEG -DHAVE_LIBFREETYPE -DENABLE_GD_TTF -I. -I/usr/src/php/ext/gd -DPHP_ATOM_INC -I/usr/src/php/ext/gd/include -I/usr/src/php/ext/gd/main -I/usr/src/php/ext/gd -I/usr/local/include/php -I/usr/local/include/php/main -I/usr/local/include/php/TSRM -I/usr/local/include/php/Zend -I/usr/local/include/php/ext -I/usr/local/include/php/ext/date/lib -I/usr/include/freetype2 -I/usr/include/libpng16  -fstack-protector-strong -fpic -fpie -O2 -D_LARGEFILE_SOURCE -D_FILE_OFFSET_BITS=64 -DHAVE_CONFIG_H  -fstack-protector-strong -fpic -fpie -O2 -D_LARGEFILE_SOURCE -D_FILE_OFFSET_BITS=64   -c /usr/src/php/ext/gd/libgd/wbmp.c -o libgd/wbmp.lo 
/bin/sh /usr/src/php/ext/gd/libtool --mode=compile cc -I/usr/src/php/ext/gd/libgd -DHAVE_LIBPNG -DHAVE_LIBJPEG -DHAVE_LIBFREETYPE -DENABLE_GD_TTF -I. -I/usr/src/php/ext/gd -DPHP_ATOM_INC -I/usr/src/php/ext/gd/include -I/usr/src/php/ext/gd/main -I/usr/src/php/ext/gd -I/usr/local/include/php -I/usr/local/include/php/main -I/usr/local/include/php/TSRM -I/usr/local/include/php/Zend -I/usr/local/include/php/ext -I/usr/local/include/php/ext/date/lib -I/usr/include/freetype2 -I/usr/include/libpng16  -fstack-protector-strong -fpic -fpie -O2 -D_LARGEFILE_SOURCE -D_FILE_OFFSET_BITS=64 -DHAVE_CONFIG_H  -fstack-protector-strong -fpic -fpie -O2 -D_LARGEFILE_SOURCE -D_FILE_OFFSET_BITS=64   -c /usr/src/php/ext/gd/libgd/gd_wbmp.c -o libgd/gd_wbmp.lo 
/bin/sh /usr/src/php/ext/gd/libtool --mode=compile cc -I/usr/src/php/ext/gd/libgd -DHAVE_LIBPNG -DHAVE_LIBJPEG -DHAVE_LIBFREETYPE -DENABLE_GD_TTF -I. -I/usr/src/php/ext/gd -DPHP_ATOM_INC -I/usr/src/php/ext/gd/include -I/usr/src/php/ext/gd/main -I/usr/src/php/ext/gd -I/usr/local/include/php -I/usr/local/include/php/main -I/usr/local/include/php/TSRM -I/usr/local/include/php/Zend -I/usr/local/include/php/ext -I/usr/local/include/php/ext/date/lib -I/usr/include/freetype2 -I/usr/include/libpng16  -fstack-protector-strong -fpic -fpie -O2 -D_LARGEFILE_SOURCE -D_FILE_OFFSET_BITS=64 -DHAVE_CONFIG_H  -fstack-protector-strong -fpic -fpie -O2 -D_LARGEFILE_SOURCE -D_FILE_OFFSET_BITS=64   -c /usr/src/php/ext/gd/libgd/gdhelpers.c -o libgd/gdhelpers.lo 
 cc -I/usr/src/php/ext/gd/libgd -DHAVE_LIBPNG -DHAVE_LIBJPEG -DHAVE_LIBFREETYPE -DENABLE_GD_TTF -I. -I/usr/src/php/ext/gd -DPHP_ATOM_INC -I/usr/src/php/ext/gd/include -I/usr/src/php/ext/gd/main -I/usr/src/php/ext/gd -I/usr/local/include/php -I/usr/local/include/php/main -I/usr/local/include/php/TSRM -I/usr/local/include/php/Zend -I/usr/local/include/php/ext -I/usr/local/include/php/ext/date/lib -I/usr/include/freetype2 -I/usr/include/libpng16 -fstack-protector-strong -fpic -fpie -O2 -D_LARGEFILE_SOURCE -D_FILE_OFFSET_BITS=64 -DHAVE_CONFIG_H -fstack-protector-strong -fpic -fpie -O2 -D_LARGEFILE_SOURCE -D_FILE_OFFSET_BITS=64 -c /usr/src/php/ext/gd/libgd/wbmp.c  -fPIC -DPIC -o libgd/.libs/wbmp.o
 cc -I/usr/src/php/ext/gd/libgd -DHAVE_LIBPNG -DHAVE_LIBJPEG -DHAVE_LIBFREETYPE -DENABLE_GD_TTF -I. -I/usr/src/php/ext/gd -DPHP_ATOM_INC -I/usr/src/php/ext/gd/include -I/usr/src/php/ext/gd/main -I/usr/src/php/ext/gd -I/usr/local/include/php -I/usr/local/include/php/main -I/usr/local/include/php/TSRM -I/usr/local/include/php/Zend -I/usr/local/include/php/ext -I/usr/local/include/php/ext/date/lib -I/usr/include/freetype2 -I/usr/include/libpng16 -fstack-protector-strong -fpic -fpie -O2 -D_LARGEFILE_SOURCE -D_FILE_OFFSET_BITS=64 -DHAVE_CONFIG_H -fstack-protector-strong -fpic -fpie -O2 -D_LARGEFILE_SOURCE -D_FILE_OFFSET_BITS=64 -c /usr/src/php/ext/gd/libgd/gd_wbmp.c  -fPIC -DPIC -o libgd/.libs/gd_wbmp.o
 cc -I/usr/src/php/ext/gd/libgd -DHAVE_LIBPNG -DHAVE_LIBJPEG -DHAVE_LIBFREETYPE -DENABLE_GD_TTF -I. -I/usr/src/php/ext/gd -DPHP_ATOM_INC -I/usr/src/php/ext/gd/include -I/usr/src/php/ext/gd/main -I/usr/src/php/ext/gd -I/usr/local/include/php -I/usr/local/include/php/main -I/usr/local/include/php/TSRM -I/usr/local/include/php/Zend -I/usr/local/include/php/ext -I/usr/local/include/php/ext/date/lib -I/usr/include/freetype2 -I/usr/include/libpng16 -fstack-protector-strong -fpic -fpie -O2 -D_LARGEFILE_SOURCE -D_FILE_OFFSET_BITS=64 -DHAVE_CONFIG_H -fstack-protector-strong -fpic -fpie -O2 -D_LARGEFILE_SOURCE -D_FILE_OFFSET_BITS=64 -c /usr/src/php/ext/gd/libgd/gdhelpers.c  -fPIC -DPIC -o libgd/.libs/gdhelpers.o
/bin/sh /usr/src/php/ext/gd/libtool --mode=compile cc -I/usr/src/php/ext/gd/libgd -DHAVE_LIBPNG -DHAVE_LIBJPEG -DHAVE_LIBFREETYPE -DENABLE_GD_TTF -I. -I/usr/src/php/ext/gd -DPHP_ATOM_INC -I/usr/src/php/ext/gd/include -I/usr/src/php/ext/gd/main -I/usr/src/php/ext/gd -I/usr/local/include/php -I/usr/local/include/php/main -I/usr/local/include/php/TSRM -I/usr/local/include/php/Zend -I/usr/local/include/php/ext -I/usr/local/include/php/ext/date/lib -I/usr/include/freetype2 -I/usr/include/libpng16  -fstack-protector-strong -fpic -fpie -O2 -D_LARGEFILE_SOURCE -D_FILE_OFFSET_BITS=64 -DHAVE_CONFIG_H  -fstack-protector-strong -fpic -fpie -O2 -D_LARGEFILE_SOURCE -D_FILE_OFFSET_BITS=64   -c /usr/src/php/ext/gd/libgd/gd_topal.c -o libgd/gd_topal.lo 
/bin/sh /usr/src/php/ext/gd/libtool --mode=compile cc -I/usr/src/php/ext/gd/libgd -DHAVE_LIBPNG -DHAVE_LIBJPEG -DHAVE_LIBFREETYPE -DENABLE_GD_TTF -I. -I/usr/src/php/ext/gd -DPHP_ATOM_INC -I/usr/src/php/ext/gd/include -I/usr/src/php/ext/gd/main -I/usr/src/php/ext/gd -I/usr/local/include/php -I/usr/local/include/php/main -I/usr/local/include/php/TSRM -I/usr/local/include/php/Zend -I/usr/local/include/php/ext -I/usr/local/include/php/ext/date/lib -I/usr/include/freetype2 -I/usr/include/libpng16  -fstack-protector-strong -fpic -fpie -O2 -D_LARGEFILE_SOURCE -D_FILE_OFFSET_BITS=64 -DHAVE_CONFIG_H  -fstack-protector-strong -fpic -fpie -O2 -D_LARGEFILE_SOURCE -D_FILE_OFFSET_BITS=64   -c /usr/src/php/ext/gd/libgd/gd_gif_in.c -o libgd/gd_gif_in.lo 
/bin/sh /usr/src/php/ext/gd/libtool --mode=compile cc -I/usr/src/php/ext/gd/libgd -DHAVE_LIBPNG -DHAVE_LIBJPEG -DHAVE_LIBFREETYPE -DENABLE_GD_TTF -I. -I/usr/src/php/ext/gd -DPHP_ATOM_INC -I/usr/src/php/ext/gd/include -I/usr/src/php/ext/gd/main -I/usr/src/php/ext/gd -I/usr/local/include/php -I/usr/local/include/php/main -I/usr/local/include/php/TSRM -I/usr/local/include/php/Zend -I/usr/local/include/php/ext -I/usr/local/include/php/ext/date/lib -I/usr/include/freetype2 -I/usr/include/libpng16  -fstack-protector-strong -fpic -fpie -O2 -D_LARGEFILE_SOURCE -D_FILE_OFFSET_BITS=64 -DHAVE_CONFIG_H  -fstack-protector-strong -fpic -fpie -O2 -D_LARGEFILE_SOURCE -D_FILE_OFFSET_BITS=64   -c /usr/src/php/ext/gd/libgd/gd_xbm.c -o libgd/gd_xbm.lo 
 cc -I/usr/src/php/ext/gd/libgd -DHAVE_LIBPNG -DHAVE_LIBJPEG -DHAVE_LIBFREETYPE -DENABLE_GD_TTF -I. -I/usr/src/php/ext/gd -DPHP_ATOM_INC -I/usr/src/php/ext/gd/include -I/usr/src/php/ext/gd/main -I/usr/src/php/ext/gd -I/usr/local/include/php -I/usr/local/include/php/main -I/usr/local/include/php/TSRM -I/usr/local/include/php/Zend -I/usr/local/include/php/ext -I/usr/local/include/php/ext/date/lib -I/usr/include/freetype2 -I/usr/include/libpng16 -fstack-protector-strong -fpic -fpie -O2 -D_LARGEFILE_SOURCE -D_FILE_OFFSET_BITS=64 -DHAVE_CONFIG_H -fstack-protector-strong -fpic -fpie -O2 -D_LARGEFILE_SOURCE -D_FILE_OFFSET_BITS=64 -c /usr/src/php/ext/gd/libgd/gd_topal.c  -fPIC -DPIC -o libgd/.libs/gd_topal.o
 cc -I/usr/src/php/ext/gd/libgd -DHAVE_LIBPNG -DHAVE_LIBJPEG -DHAVE_LIBFREETYPE -DENABLE_GD_TTF -I. -I/usr/src/php/ext/gd -DPHP_ATOM_INC -I/usr/src/php/ext/gd/include -I/usr/src/php/ext/gd/main -I/usr/src/php/ext/gd -I/usr/local/include/php -I/usr/local/include/php/main -I/usr/local/include/php/TSRM -I/usr/local/include/php/Zend -I/usr/local/include/php/ext -I/usr/local/include/php/ext/date/lib -I/usr/include/freetype2 -I/usr/include/libpng16 -fstack-protector-strong -fpic -fpie -O2 -D_LARGEFILE_SOURCE -D_FILE_OFFSET_BITS=64 -DHAVE_CONFIG_H -fstack-protector-strong -fpic -fpie -O2 -D_LARGEFILE_SOURCE -D_FILE_OFFSET_BITS=64 -c /usr/src/php/ext/gd/libgd/gd_gif_in.c  -fPIC -DPIC -o libgd/.libs/gd_gif_in.o
/bin/sh /usr/src/php/ext/gd/libtool --mode=compile cc -I/usr/src/php/ext/gd/libgd -DHAVE_LIBPNG -DHAVE_LIBJPEG -DHAVE_LIBFREETYPE -DENABLE_GD_TTF -I. -I/usr/src/php/ext/gd -DPHP_ATOM_INC -I/usr/src/php/ext/gd/include -I/usr/src/php/ext/gd/main -I/usr/src/php/ext/gd -I/usr/local/include/php -I/usr/local/include/php/main -I/usr/local/include/php/TSRM -I/usr/local/include/php/Zend -I/usr/local/include/php/ext -I/usr/local/include/php/ext/date/lib -I/usr/include/freetype2 -I/usr/include/libpng16  -fstack-protector-strong -fpic -fpie -O2 -D_LARGEFILE_SOURCE -D_FILE_OFFSET_BITS=64 -DHAVE_CONFIG_H  -fstack-protector-strong -fpic -fpie -O2 -D_LARGEFILE_SOURCE -D_FILE_OFFSET_BITS=64   -c /usr/src/php/ext/gd/libgd/gd_gif_out.c -o libgd/gd_gif_out.lo 
 cc -I/usr/src/php/ext/gd/libgd -DHAVE_LIBPNG -DHAVE_LIBJPEG -DHAVE_LIBFREETYPE -DENABLE_GD_TTF -I. -I/usr/src/php/ext/gd -DPHP_ATOM_INC -I/usr/src/php/ext/gd/include -I/usr/src/php/ext/gd/main -I/usr/src/php/ext/gd -I/usr/local/include/php -I/usr/local/include/php/main -I/usr/local/include/php/TSRM -I/usr/local/include/php/Zend -I/usr/local/include/php/ext -I/usr/local/include/php/ext/date/lib -I/usr/include/freetype2 -I/usr/include/libpng16 -fstack-protector-strong -fpic -fpie -O2 -D_LARGEFILE_SOURCE -D_FILE_OFFSET_BITS=64 -DHAVE_CONFIG_H -fstack-protector-strong -fpic -fpie -O2 -D_LARGEFILE_SOURCE -D_FILE_OFFSET_BITS=64 -c /usr/src/php/ext/gd/libgd/gd_xbm.c  -fPIC -DPIC -o libgd/.libs/gd_xbm.o
/bin/sh /usr/src/php/ext/gd/libtool --mode=compile cc -I/usr/src/php/ext/gd/libgd -DHAVE_LIBPNG -DHAVE_LIBJPEG -DHAVE_LIBFREETYPE -DENABLE_GD_TTF -I. -I/usr/src/php/ext/gd -DPHP_ATOM_INC -I/usr/src/php/ext/gd/include -I/usr/src/php/ext/gd/main -I/usr/src/php/ext/gd -I/usr/local/include/php -I/usr/local/include/php/main -I/usr/local/include/php/TSRM -I/usr/local/include/php/Zend -I/usr/local/include/php/ext -I/usr/local/include/php/ext/date/lib -I/usr/include/freetype2 -I/usr/include/libpng16  -fstack-protector-strong -fpic -fpie -O2 -D_LARGEFILE_SOURCE -D_FILE_OFFSET_BITS=64 -DHAVE_CONFIG_H  -fstack-protector-strong -fpic -fpie -O2 -D_LARGEFILE_SOURCE -D_FILE_OFFSET_BITS=64   -c /usr/src/php/ext/gd/libgd/gd_security.c -o libgd/gd_security.lo 
 cc -I/usr/src/php/ext/gd/libgd -DHAVE_LIBPNG -DHAVE_LIBJPEG -DHAVE_LIBFREETYPE -DENABLE_GD_TTF -I. -I/usr/src/php/ext/gd -DPHP_ATOM_INC -I/usr/src/php/ext/gd/include -I/usr/src/php/ext/gd/main -I/usr/src/php/ext/gd -I/usr/local/include/php -I/usr/local/include/php/main -I/usr/local/include/php/TSRM -I/usr/local/include/php/Zend -I/usr/local/include/php/ext -I/usr/local/include/php/ext/date/lib -I/usr/include/freetype2 -I/usr/include/libpng16 -fstack-protector-strong -fpic -fpie -O2 -D_LARGEFILE_SOURCE -D_FILE_OFFSET_BITS=64 -DHAVE_CONFIG_H -fstack-protector-strong -fpic -fpie -O2 -D_LARGEFILE_SOURCE -D_FILE_OFFSET_BITS=64 -c /usr/src/php/ext/gd/libgd/gd_gif_out.c  -fPIC -DPIC -o libgd/.libs/gd_gif_out.o
/bin/sh /usr/src/php/ext/gd/libtool --mode=compile cc -I/usr/src/php/ext/gd/libgd -DHAVE_LIBPNG -DHAVE_LIBJPEG -DHAVE_LIBFREETYPE -DENABLE_GD_TTF -I. -I/usr/src/php/ext/gd -DPHP_ATOM_INC -I/usr/src/php/ext/gd/include -I/usr/src/php/ext/gd/main -I/usr/src/php/ext/gd -I/usr/local/include/php -I/usr/local/include/php/main -I/usr/local/include/php/TSRM -I/usr/local/include/php/Zend -I/usr/local/include/php/ext -I/usr/local/include/php/ext/date/lib -I/usr/include/freetype2 -I/usr/include/libpng16  -fstack-protector-strong -fpic -fpie -O2 -D_LARGEFILE_SOURCE -D_FILE_OFFSET_BITS=64 -DHAVE_CONFIG_H  -fstack-protector-strong -fpic -fpie -O2 -D_LARGEFILE_SOURCE -D_FILE_OFFSET_BITS=64   -c /usr/src/php/ext/gd/libgd/gd_filter.c -o libgd/gd_filter.lo 
 cc -I/usr/src/php/ext/gd/libgd -DHAVE_LIBPNG -DHAVE_LIBJPEG -DHAVE_LIBFREETYPE -DENABLE_GD_TTF -I. -I/usr/src/php/ext/gd -DPHP_ATOM_INC -I/usr/src/php/ext/gd/include -I/usr/src/php/ext/gd/main -I/usr/src/php/ext/gd -I/usr/local/include/php -I/usr/local/include/php/main -I/usr/local/include/php/TSRM -I/usr/local/include/php/Zend -I/usr/local/include/php/ext -I/usr/local/include/php/ext/date/lib -I/usr/include/freetype2 -I/usr/include/libpng16 -fstack-protector-strong -fpic -fpie -O2 -D_LARGEFILE_SOURCE -D_FILE_OFFSET_BITS=64 -DHAVE_CONFIG_H -fstack-protector-strong -fpic -fpie -O2 -D_LARGEFILE_SOURCE -D_FILE_OFFSET_BITS=64 -c /usr/src/php/ext/gd/libgd/gd_filter.c  -fPIC -DPIC -o libgd/.libs/gd_filter.o
/bin/sh /usr/src/php/ext/gd/libtool --mode=compile cc -I/usr/src/php/ext/gd/libgd -DHAVE_LIBPNG -DHAVE_LIBJPEG -DHAVE_LIBFREETYPE -DENABLE_GD_TTF -I. -I/usr/src/php/ext/gd -DPHP_ATOM_INC -I/usr/src/php/ext/gd/include -I/usr/src/php/ext/gd/main -I/usr/src/php/ext/gd -I/usr/local/include/php -I/usr/local/include/php/main -I/usr/local/include/php/TSRM -I/usr/local/include/php/Zend -I/usr/local/include/php/ext -I/usr/local/include/php/ext/date/lib -I/usr/include/freetype2 -I/usr/include/libpng16  -fstack-protector-strong -fpic -fpie -O2 -D_LARGEFILE_SOURCE -D_FILE_OFFSET_BITS=64 -DHAVE_CONFIG_H  -fstack-protector-strong -fpic -fpie -O2 -D_LARGEFILE_SOURCE -D_FILE_OFFSET_BITS=64   -c /usr/src/php/ext/gd/libgd/gd_pixelate.c -o libgd/gd_pixelate.lo 
 cc -I/usr/src/php/ext/gd/libgd -DHAVE_LIBPNG -DHAVE_LIBJPEG -DHAVE_LIBFREETYPE -DENABLE_GD_TTF -I. -I/usr/src/php/ext/gd -DPHP_ATOM_INC -I/usr/src/php/ext/gd/include -I/usr/src/php/ext/gd/main -I/usr/src/php/ext/gd -I/usr/local/include/php -I/usr/local/include/php/main -I/usr/local/include/php/TSRM -I/usr/local/include/php/Zend -I/usr/local/include/php/ext -I/usr/local/include/php/ext/date/lib -I/usr/include/freetype2 -I/usr/include/libpng16 -fstack-protector-strong -fpic -fpie -O2 -D_LARGEFILE_SOURCE -D_FILE_OFFSET_BITS=64 -DHAVE_CONFIG_H -fstack-protector-strong -fpic -fpie -O2 -D_LARGEFILE_SOURCE -D_FILE_OFFSET_BITS=64 -c /usr/src/php/ext/gd/libgd/gd_security.c  -fPIC -DPIC -o libgd/.libs/gd_security.o
/bin/sh /usr/src/php/ext/gd/libtool --mode=compile cc -I/usr/src/php/ext/gd/libgd -DHAVE_LIBPNG -DHAVE_LIBJPEG -DHAVE_LIBFREETYPE -DENABLE_GD_TTF -I. -I/usr/src/php/ext/gd -DPHP_ATOM_INC -I/usr/src/php/ext/gd/include -I/usr/src/php/ext/gd/main -I/usr/src/php/ext/gd -I/usr/local/include/php -I/usr/local/include/php/main -I/usr/local/include/php/TSRM -I/usr/local/include/php/Zend -I/usr/local/include/php/ext -I/usr/local/include/php/ext/date/lib -I/usr/include/freetype2 -I/usr/include/libpng16  -fstack-protector-strong -fpic -fpie -O2 -D_LARGEFILE_SOURCE -D_FILE_OFFSET_BITS=64 -DHAVE_CONFIG_H  -fstack-protector-strong -fpic -fpie -O2 -D_LARGEFILE_SOURCE -D_FILE_OFFSET_BITS=64   -c /usr/src/php/ext/gd/libgd/gd_rotate.c -o libgd/gd_rotate.lo 
 cc -I/usr/src/php/ext/gd/libgd -DHAVE_LIBPNG -DHAVE_LIBJPEG -DHAVE_LIBFREETYPE -DENABLE_GD_TTF -I. -I/usr/src/php/ext/gd -DPHP_ATOM_INC -I/usr/src/php/ext/gd/include -I/usr/src/php/ext/gd/main -I/usr/src/php/ext/gd -I/usr/local/include/php -I/usr/local/include/php/main -I/usr/local/include/php/TSRM -I/usr/local/include/php/Zend -I/usr/local/include/php/ext -I/usr/local/include/php/ext/date/lib -I/usr/include/freetype2 -I/usr/include/libpng16 -fstack-protector-strong -fpic -fpie -O2 -D_LARGEFILE_SOURCE -D_FILE_OFFSET_BITS=64 -DHAVE_CONFIG_H -fstack-protector-strong -fpic -fpie -O2 -D_LARGEFILE_SOURCE -D_FILE_OFFSET_BITS=64 -c /usr/src/php/ext/gd/libgd/gd_rotate.c  -fPIC -DPIC -o libgd/.libs/gd_rotate.o
 cc -I/usr/src/php/ext/gd/libgd -DHAVE_LIBPNG -DHAVE_LIBJPEG -DHAVE_LIBFREETYPE -DENABLE_GD_TTF -I. -I/usr/src/php/ext/gd -DPHP_ATOM_INC -I/usr/src/php/ext/gd/include -I/usr/src/php/ext/gd/main -I/usr/src/php/ext/gd -I/usr/local/include/php -I/usr/local/include/php/main -I/usr/local/include/php/TSRM -I/usr/local/include/php/Zend -I/usr/local/include/php/ext -I/usr/local/include/php/ext/date/lib -I/usr/include/freetype2 -I/usr/include/libpng16 -fstack-protector-strong -fpic -fpie -O2 -D_LARGEFILE_SOURCE -D_FILE_OFFSET_BITS=64 -DHAVE_CONFIG_H -fstack-protector-strong -fpic -fpie -O2 -D_LARGEFILE_SOURCE -D_FILE_OFFSET_BITS=64 -c /usr/src/php/ext/gd/libgd/gd_pixelate.c  -fPIC -DPIC -o libgd/.libs/gd_pixelate.o
/bin/sh /usr/src/php/ext/gd/libtool --mode=compile cc -I/usr/src/php/ext/gd/libgd -DHAVE_LIBPNG -DHAVE_LIBJPEG -DHAVE_LIBFREETYPE -DENABLE_GD_TTF -I. -I/usr/src/php/ext/gd -DPHP_ATOM_INC -I/usr/src/php/ext/gd/include -I/usr/src/php/ext/gd/main -I/usr/src/php/ext/gd -I/usr/local/include/php -I/usr/local/include/php/main -I/usr/local/include/php/TSRM -I/usr/local/include/php/Zend -I/usr/local/include/php/ext -I/usr/local/include/php/ext/date/lib -I/usr/include/freetype2 -I/usr/include/libpng16  -fstack-protector-strong -fpic -fpie -O2 -D_LARGEFILE_SOURCE -D_FILE_OFFSET_BITS=64 -DHAVE_CONFIG_H  -fstack-protector-strong -fpic -fpie -O2 -D_LARGEFILE_SOURCE -D_FILE_OFFSET_BITS=64   -c /usr/src/php/ext/gd/libgd/gd_color_match.c -o libgd/gd_color_match.lo 
/bin/sh /usr/src/php/ext/gd/libtool --mode=compile cc -I/usr/src/php/ext/gd/libgd -DHAVE_LIBPNG -DHAVE_LIBJPEG -DHAVE_LIBFREETYPE -DENABLE_GD_TTF -I. -I/usr/src/php/ext/gd -DPHP_ATOM_INC -I/usr/src/php/ext/gd/include -I/usr/src/php/ext/gd/main -I/usr/src/php/ext/gd -I/usr/local/include/php -I/usr/local/include/php/main -I/usr/local/include/php/TSRM -I/usr/local/include/php/Zend -I/usr/local/include/php/ext -I/usr/local/include/php/ext/date/lib -I/usr/include/freetype2 -I/usr/include/libpng16  -fstack-protector-strong -fpic -fpie -O2 -D_LARGEFILE_SOURCE -D_FILE_OFFSET_BITS=64 -DHAVE_CONFIG_H  -fstack-protector-strong -fpic -fpie -O2 -D_LARGEFILE_SOURCE -D_FILE_OFFSET_BITS=64   -c /usr/src/php/ext/gd/libgd/gd_transform.c -o libgd/gd_transform.lo 
/bin/sh /usr/src/php/ext/gd/libtool --mode=compile cc -I/usr/src/php/ext/gd/libgd -DHAVE_LIBPNG -DHAVE_LIBJPEG -DHAVE_LIBFREETYPE -DENABLE_GD_TTF -I. -I/usr/src/php/ext/gd -DPHP_ATOM_INC -I/usr/src/php/ext/gd/include -I/usr/src/php/ext/gd/main -I/usr/src/php/ext/gd -I/usr/local/include/php -I/usr/local/include/php/main -I/usr/local/include/php/TSRM -I/usr/local/include/php/Zend -I/usr/local/include/php/ext -I/usr/local/include/php/ext/date/lib -I/usr/include/freetype2 -I/usr/include/libpng16  -fstack-protector-strong -fpic -fpie -O2 -D_LARGEFILE_SOURCE -D_FILE_OFFSET_BITS=64 -DHAVE_CONFIG_H  -fstack-protector-strong -fpic -fpie -O2 -D_LARGEFILE_SOURCE -D_FILE_OFFSET_BITS=64   -c /usr/src/php/ext/gd/libgd/gd_crop.c -o libgd/gd_crop.lo 
 cc -I/usr/src/php/ext/gd/libgd -DHAVE_LIBPNG -DHAVE_LIBJPEG -DHAVE_LIBFREETYPE -DENABLE_GD_TTF -I. -I/usr/src/php/ext/gd -DPHP_ATOM_INC -I/usr/src/php/ext/gd/include -I/usr/src/php/ext/gd/main -I/usr/src/php/ext/gd -I/usr/local/include/php -I/usr/local/include/php/main -I/usr/local/include/php/TSRM -I/usr/local/include/php/Zend -I/usr/local/include/php/ext -I/usr/local/include/php/ext/date/lib -I/usr/include/freetype2 -I/usr/include/libpng16 -fstack-protector-strong -fpic -fpie -O2 -D_LARGEFILE_SOURCE -D_FILE_OFFSET_BITS=64 -DHAVE_CONFIG_H -fstack-protector-strong -fpic -fpie -O2 -D_LARGEFILE_SOURCE -D_FILE_OFFSET_BITS=64 -c /usr/src/php/ext/gd/libgd/gd_color_match.c  -fPIC -DPIC -o libgd/.libs/gd_color_match.o
 cc -I/usr/src/php/ext/gd/libgd -DHAVE_LIBPNG -DHAVE_LIBJPEG -DHAVE_LIBFREETYPE -DENABLE_GD_TTF -I. -I/usr/src/php/ext/gd -DPHP_ATOM_INC -I/usr/src/php/ext/gd/include -I/usr/src/php/ext/gd/main -I/usr/src/php/ext/gd -I/usr/local/include/php -I/usr/local/include/php/main -I/usr/local/include/php/TSRM -I/usr/local/include/php/Zend -I/usr/local/include/php/ext -I/usr/local/include/php/ext/date/lib -I/usr/include/freetype2 -I/usr/include/libpng16 -fstack-protector-strong -fpic -fpie -O2 -D_LARGEFILE_SOURCE -D_FILE_OFFSET_BITS=64 -DHAVE_CONFIG_H -fstack-protector-strong -fpic -fpie -O2 -D_LARGEFILE_SOURCE -D_FILE_OFFSET_BITS=64 -c /usr/src/php/ext/gd/libgd/gd_transform.c  -fPIC -DPIC -o libgd/.libs/gd_transform.o
 cc -I/usr/src/php/ext/gd/libgd -DHAVE_LIBPNG -DHAVE_LIBJPEG -DHAVE_LIBFREETYPE -DENABLE_GD_TTF -I. -I/usr/src/php/ext/gd -DPHP_ATOM_INC -I/usr/src/php/ext/gd/include -I/usr/src/php/ext/gd/main -I/usr/src/php/ext/gd -I/usr/local/include/php -I/usr/local/include/php/main -I/usr/local/include/php/TSRM -I/usr/local/include/php/Zend -I/usr/local/include/php/ext -I/usr/local/include/php/ext/date/lib -I/usr/include/freetype2 -I/usr/include/libpng16 -fstack-protector-strong -fpic -fpie -O2 -D_LARGEFILE_SOURCE -D_FILE_OFFSET_BITS=64 -DHAVE_CONFIG_H -fstack-protector-strong -fpic -fpie -O2 -D_LARGEFILE_SOURCE -D_FILE_OFFSET_BITS=64 -c /usr/src/php/ext/gd/libgd/gd_crop.c  -fPIC -DPIC -o libgd/.libs/gd_crop.o
/bin/sh /usr/src/php/ext/gd/libtool --mode=compile cc -I/usr/src/php/ext/gd/libgd -DHAVE_LIBPNG -DHAVE_LIBJPEG -DHAVE_LIBFREETYPE -DENABLE_GD_TTF -I. -I/usr/src/php/ext/gd -DPHP_ATOM_INC -I/usr/src/php/ext/gd/include -I/usr/src/php/ext/gd/main -I/usr/src/php/ext/gd -I/usr/local/include/php -I/usr/local/include/php/main -I/usr/local/include/php/TSRM -I/usr/local/include/php/Zend -I/usr/local/include/php/ext -I/usr/local/include/php/ext/date/lib -I/usr/include/freetype2 -I/usr/include/libpng16  -fstack-protector-strong -fpic -fpie -O2 -D_LARGEFILE_SOURCE -D_FILE_OFFSET_BITS=64 -DHAVE_CONFIG_H  -fstack-protector-strong -fpic -fpie -O2 -D_LARGEFILE_SOURCE -D_FILE_OFFSET_BITS=64   -c /usr/src/php/ext/gd/libgd/gd_interpolation.c -o libgd/gd_interpolation.lo 
/bin/sh /usr/src/php/ext/gd/libtool --mode=compile cc -I/usr/src/php/ext/gd/libgd -DHAVE_LIBPNG -DHAVE_LIBJPEG -DHAVE_LIBFREETYPE -DENABLE_GD_TTF -I. -I/usr/src/php/ext/gd -DPHP_ATOM_INC -I/usr/src/php/ext/gd/include -I/usr/src/php/ext/gd/main -I/usr/src/php/ext/gd -I/usr/local/include/php -I/usr/local/include/php/main -I/usr/local/include/php/TSRM -I/usr/local/include/php/Zend -I/usr/local/include/php/ext -I/usr/local/include/php/ext/date/lib -I/usr/include/freetype2 -I/usr/include/libpng16  -fstack-protector-strong -fpic -fpie -O2 -D_LARGEFILE_SOURCE -D_FILE_OFFSET_BITS=64 -DHAVE_CONFIG_H  -fstack-protector-strong -fpic -fpie -O2 -D_LARGEFILE_SOURCE -D_FILE_OFFSET_BITS=64   -c /usr/src/php/ext/gd/libgd/gd_matrix.c -o libgd/gd_matrix.lo 
 cc -I/usr/src/php/ext/gd/libgd -DHAVE_LIBPNG -DHAVE_LIBJPEG -DHAVE_LIBFREETYPE -DENABLE_GD_TTF -I. -I/usr/src/php/ext/gd -DPHP_ATOM_INC -I/usr/src/php/ext/gd/include -I/usr/src/php/ext/gd/main -I/usr/src/php/ext/gd -I/usr/local/include/php -I/usr/local/include/php/main -I/usr/local/include/php/TSRM -I/usr/local/include/php/Zend -I/usr/local/include/php/ext -I/usr/local/include/php/ext/date/lib -I/usr/include/freetype2 -I/usr/include/libpng16 -fstack-protector-strong -fpic -fpie -O2 -D_LARGEFILE_SOURCE -D_FILE_OFFSET_BITS=64 -DHAVE_CONFIG_H -fstack-protector-strong -fpic -fpie -O2 -D_LARGEFILE_SOURCE -D_FILE_OFFSET_BITS=64 -c /usr/src/php/ext/gd/libgd/gd_interpolation.c  -fPIC -DPIC -o libgd/.libs/gd_interpolation.o
 cc -I/usr/src/php/ext/gd/libgd -DHAVE_LIBPNG -DHAVE_LIBJPEG -DHAVE_LIBFREETYPE -DENABLE_GD_TTF -I. -I/usr/src/php/ext/gd -DPHP_ATOM_INC -I/usr/src/php/ext/gd/include -I/usr/src/php/ext/gd/main -I/usr/src/php/ext/gd -I/usr/local/include/php -I/usr/local/include/php/main -I/usr/local/include/php/TSRM -I/usr/local/include/php/Zend -I/usr/local/include/php/ext -I/usr/local/include/php/ext/date/lib -I/usr/include/freetype2 -I/usr/include/libpng16 -fstack-protector-strong -fpic -fpie -O2 -D_LARGEFILE_SOURCE -D_FILE_OFFSET_BITS=64 -DHAVE_CONFIG_H -fstack-protector-strong -fpic -fpie -O2 -D_LARGEFILE_SOURCE -D_FILE_OFFSET_BITS=64 -c /usr/src/php/ext/gd/libgd/gd_matrix.c  -fPIC -DPIC -o libgd/.libs/gd_matrix.o
/bin/sh /usr/src/php/ext/gd/libtool --mode=compile cc -I/usr/src/php/ext/gd/libgd -DHAVE_LIBPNG -DHAVE_LIBJPEG -DHAVE_LIBFREETYPE -DENABLE_GD_TTF -I. -I/usr/src/php/ext/gd -DPHP_ATOM_INC -I/usr/src/php/ext/gd/include -I/usr/src/php/ext/gd/main -I/usr/src/php/ext/gd -I/usr/local/include/php -I/usr/local/include/php/main -I/usr/local/include/php/TSRM -I/usr/local/include/php/Zend -I/usr/local/include/php/ext -I/usr/local/include/php/ext/date/lib -I/usr/include/freetype2 -I/usr/include/libpng16  -fstack-protector-strong -fpic -fpie -O2 -D_LARGEFILE_SOURCE -D_FILE_OFFSET_BITS=64 -DHAVE_CONFIG_H  -fstack-protector-strong -fpic -fpie -O2 -D_LARGEFILE_SOURCE -D_FILE_OFFSET_BITS=64   -c /usr/src/php/ext/gd/libgd/gd_bmp.c -o libgd/gd_bmp.lo 
 cc -I/usr/src/php/ext/gd/libgd -DHAVE_LIBPNG -DHAVE_LIBJPEG -DHAVE_LIBFREETYPE -DENABLE_GD_TTF -I. -I/usr/src/php/ext/gd -DPHP_ATOM_INC -I/usr/src/php/ext/gd/include -I/usr/src/php/ext/gd/main -I/usr/src/php/ext/gd -I/usr/local/include/php -I/usr/local/include/php/main -I/usr/local/include/php/TSRM -I/usr/local/include/php/Zend -I/usr/local/include/php/ext -I/usr/local/include/php/ext/date/lib -I/usr/include/freetype2 -I/usr/include/libpng16 -fstack-protector-strong -fpic -fpie -O2 -D_LARGEFILE_SOURCE -D_FILE_OFFSET_BITS=64 -DHAVE_CONFIG_H -fstack-protector-strong -fpic -fpie -O2 -D_LARGEFILE_SOURCE -D_FILE_OFFSET_BITS=64 -c /usr/src/php/ext/gd/libgd/gd_bmp.c  -fPIC -DPIC -o libgd/.libs/gd_bmp.o
/bin/sh /usr/src/php/ext/gd/libtool --mode=link cc -DPHP_ATOM_INC -I/usr/src/php/ext/gd/include -I/usr/src/php/ext/gd/main -I/usr/src/php/ext/gd -I/usr/local/include/php -I/usr/local/include/php/main -I/usr/local/include/php/TSRM -I/usr/local/include/php/Zend -I/usr/local/include/php/ext -I/usr/local/include/php/ext/date/lib -I/usr/include/freetype2 -I/usr/include/libpng16  -fstack-protector-strong -fpic -fpie -O2 -D_LARGEFILE_SOURCE -D_FILE_OFFSET_BITS=64 -DHAVE_CONFIG_H  -fstack-protector-strong -fpic -fpie -O2 -D_LARGEFILE_SOURCE -D_FILE_OFFSET_BITS=64  -Wl,-O1 -Wl,--hash-style=both -pie  -o gd.la -export-dynamic -avoid-version -prefer-pic -module -rpath /usr/src/php/ext/gd/modules  gd.lo libgd/gd.lo libgd/gd_gd.lo libgd/gd_gd2.lo libgd/gd_io.lo libgd/gd_io_dp.lo libgd/gd_io_file.lo libgd/gd_ss.lo libgd/gd_io_ss.lo libgd/gd_webp.lo libgd/gd_png.lo libgd/gd_jpeg.lo libgd/gdxpm.lo libgd/gdfontt.lo libgd/gdfonts.lo libgd/gdfontmb.lo libgd/gdfontl.lo libgd/gdfontg.lo libgd/gdtables.lo libgd/gdft.lo libgd/gdcache.lo libgd/gdkanji.lo libgd/wbmp.lo libgd/gd_wbmp.lo libgd/gdhelpers.lo libgd/gd_topal.lo libgd/gd_gif_in.lo libgd/gd_xbm.lo libgd/gd_gif_out.lo libgd/gd_security.lo libgd/gd_filter.lo libgd/gd_pixelate.lo libgd/gd_rotate.lo libgd/gd_color_match.lo libgd/gd_transform.lo libgd/gd_crop.lo libgd/gd_interpolation.lo libgd/gd_matrix.lo libgd/gd_bmp.lo -lpng -lz -ljpeg -lfreetype
cc -shared  .libs/gd.o libgd/.libs/gd.o libgd/.libs/gd_gd.o libgd/.libs/gd_gd2.o libgd/.libs/gd_io.o libgd/.libs/gd_io_dp.o libgd/.libs/gd_io_file.o libgd/.libs/gd_ss.o libgd/.libs/gd_io_ss.o libgd/.libs/gd_webp.o libgd/.libs/gd_png.o libgd/.libs/gd_jpeg.o libgd/.libs/gdxpm.o libgd/.libs/gdfontt.o libgd/.libs/gdfonts.o libgd/.libs/gdfontmb.o libgd/.libs/gdfontl.o libgd/.libs/gdfontg.o libgd/.libs/gdtables.o libgd/.libs/gdft.o libgd/.libs/gdcache.o libgd/.libs/gdkanji.o libgd/.libs/wbmp.o libgd/.libs/gd_wbmp.o libgd/.libs/gdhelpers.o libgd/.libs/gd_topal.o libgd/.libs/gd_gif_in.o libgd/.libs/gd_xbm.o libgd/.libs/gd_gif_out.o libgd/.libs/gd_security.o libgd/.libs/gd_filter.o libgd/.libs/gd_pixelate.o libgd/.libs/gd_rotate.o libgd/.libs/gd_color_match.o libgd/.libs/gd_transform.o libgd/.libs/gd_crop.o libgd/.libs/gd_interpolation.o libgd/.libs/gd_matrix.o libgd/.libs/gd_bmp.o  -lpng -lz -ljpeg -lfreetype  -Wl,-O1 -Wl,--hash-style=both -Wl,-soname -Wl,gd.so -o .libs/gd.so
creating gd.la
(cd .libs && rm -f gd.la && ln -s ../gd.la gd.la)
/bin/sh /usr/src/php/ext/gd/libtool --mode=install cp ./gd.la /usr/src/php/ext/gd/modules
cp ./.libs/gd.so /usr/src/php/ext/gd/modules/gd.so
cp ./.libs/gd.lai /usr/src/php/ext/gd/modules/gd.la
PATH="$PATH:/sbin" ldconfig -n /usr/src/php/ext/gd/modules
----------------------------------------------------------------------
Libraries have been installed in:
   /usr/src/php/ext/gd/modules

If you ever happen to want to link against installed libraries
in a given directory, LIBDIR, you must either use libtool, and
specify the full pathname of the library, or use the `-LLIBDIR'
flag during linking and do at least one of the following:
   - add LIBDIR to the `LD_LIBRARY_PATH' environment variable
     during execution
   - add LIBDIR to the `LD_RUN_PATH' environment variable
     during linking
   - use the `-Wl,--rpath -Wl,LIBDIR' linker flag

See any operating system documentation about shared libraries for
more information, such as the ld(1) and ld.so(8) manual pages.
----------------------------------------------------------------------

Build complete.
Don't forget to run 'make test'.

Installing shared extensions:     /usr/local/lib/php/extensions/no-debug-non-zts-20170718/
Installing header files:          /usr/local/include/php/
find . -name \*.gcno -o -name \*.gcda | xargs rm -f
find . -name \*.lo -o -name \*.o | xargs rm -f
find . -name \*.la -o -name \*.a | xargs rm -f
find . -name \*.so | xargs rm -f
find . -name .libs -a -type d|xargs rm -rf
rm -f libphp.la       modules/* libs/*
Configuring for:
PHP Api Version:         20170718
Zend Module Api No:      20170718
Zend Extension Api No:   320170718
checking for grep that handles long lines and -e... /bin/grep
checking for egrep... /bin/grep -E
checking for a sed that does not truncate output... /bin/sed
checking for cc... cc
checking whether the C compiler works... yes
checking for C compiler default output file name... a.out
checking for suffix of executables... 
checking whether we are cross compiling... no
checking for suffix of object files... o
checking whether we are using the GNU C compiler... yes
checking whether cc accepts -g... yes
checking for cc option to accept ISO C89... none needed
checking how to run the C preprocessor... cc -E
checking for icc... no
checking for suncc... no
checking whether cc understands -c and -o together... yes
checking for system library directory... lib
checking if compiler supports -R... no
checking if compiler supports -Wl,-rpath,... yes
checking build system type... x86_64-pc-linux-musl
checking host system type... x86_64-pc-linux-musl
checking target system type... x86_64-pc-linux-musl
checking for PHP prefix... /usr/local
checking for PHP includes... -I/usr/local/include/php -I/usr/local/include/php/main -I/usr/local/include/php/TSRM -I/usr/local/include/php/Zend -I/usr/local/include/php/ext -I/usr/local/include/php/ext/date/lib
checking for PHP extension directory... /usr/local/lib/php/extensions/no-debug-non-zts-20170718
checking for PHP installed headers prefix... /usr/local/include/php
checking if debug is enabled... no
checking if zts is enabled... no
checking for re2c... re2c
checking for re2c version... 1.3 (ok)
checking for gawk... no
checking for nawk... no
checking for awk... awk
checking if awk is broken... no
checking for MySQLi support... yes, shared
checking whether to enable embedded MySQLi support... no
checking for specified location of the MySQL UNIX socket... no
checking for MySQL UNIX socket location... no
checking for ld used by cc... /usr/x86_64-alpine-linux-musl/bin/ld
checking if the linker (/usr/x86_64-alpine-linux-musl/bin/ld) is GNU ld... yes
checking for /usr/x86_64-alpine-linux-musl/bin/ld option to reload object files... -r
checking for BSD-compatible nm... /usr/bin/nm -B
checking whether ln -s works... yes
checking how to recognize dependent libraries... pass_all
checking for ANSI C header files... yes
checking for sys/types.h... yes
checking for sys/stat.h... yes
checking for stdlib.h... yes
checking for string.h... yes
checking for memory.h... yes
checking for strings.h... yes
checking for inttypes.h... yes
checking for stdint.h... yes
checking for unistd.h... yes
checking dlfcn.h usability... yes
checking dlfcn.h presence... yes
checking for dlfcn.h... yes
checking the maximum length of command line arguments... 98304
checking command to parse /usr/bin/nm -B output from cc object... ok
checking for objdir... .libs
checking for ar... ar
checking for ranlib... ranlib
checking for strip... strip
checking if cc supports -fno-rtti -fno-exceptions... no
checking for cc option to produce PIC... -fPIC
checking if cc PIC flag -fPIC works... yes
checking if cc static flag -static works... yes
checking if cc supports -c -o file.o... yes
checking whether the cc linker (/usr/x86_64-alpine-linux-musl/bin/ld -m elf_x86_64) supports shared libraries... yes
checking whether -lc should be explicitly linked in... no
checking dynamic linker characteristics... GNU/Linux ld.so
checking how to hardcode library paths into programs... immediate
checking whether stripping libraries is possible... yes
checking if libtool supports shared libraries... yes
checking whether to build shared libraries... yes
checking whether to build static libraries... no

creating libtool
appending configuration tag "CXX" to libtool
configure: creating ./config.status
config.status: creating config.h
/bin/sh /usr/src/php/ext/mysqli/libtool --mode=compile cc -DZEND_ENABLE_STATIC_TSRMLS_CACHE=1 -I. -I/usr/src/php/ext/mysqli -DPHP_ATOM_INC -I/usr/src/php/ext/mysqli/include -I/usr/src/php/ext/mysqli/main -I/usr/src/php/ext/mysqli -I/usr/local/include/php -I/usr/local/include/php/main -I/usr/local/include/php/TSRM -I/usr/local/include/php/Zend -I/usr/local/include/php/ext -I/usr/local/include/php/ext/date/lib  -fstack-protector-strong -fpic -fpie -O2 -D_LARGEFILE_SOURCE -D_FILE_OFFSET_BITS=64 -DHAVE_CONFIG_H  -fstack-protector-strong -fpic -fpie -O2 -D_LARGEFILE_SOURCE -D_FILE_OFFSET_BITS=64   -c /usr/src/php/ext/mysqli/mysqli.c -o mysqli.lo 
/bin/sh /usr/src/php/ext/mysqli/libtool --mode=compile cc -DZEND_ENABLE_STATIC_TSRMLS_CACHE=1 -I. -I/usr/src/php/ext/mysqli -DPHP_ATOM_INC -I/usr/src/php/ext/mysqli/include -I/usr/src/php/ext/mysqli/main -I/usr/src/php/ext/mysqli -I/usr/local/include/php -I/usr/local/include/php/main -I/usr/local/include/php/TSRM -I/usr/local/include/php/Zend -I/usr/local/include/php/ext -I/usr/local/include/php/ext/date/lib  -fstack-protector-strong -fpic -fpie -O2 -D_LARGEFILE_SOURCE -D_FILE_OFFSET_BITS=64 -DHAVE_CONFIG_H  -fstack-protector-strong -fpic -fpie -O2 -D_LARGEFILE_SOURCE -D_FILE_OFFSET_BITS=64   -c /usr/src/php/ext/mysqli/mysqli_api.c -o mysqli_api.lo 
/bin/sh /usr/src/php/ext/mysqli/libtool --mode=compile cc -DZEND_ENABLE_STATIC_TSRMLS_CACHE=1 -I. -I/usr/src/php/ext/mysqli -DPHP_ATOM_INC -I/usr/src/php/ext/mysqli/include -I/usr/src/php/ext/mysqli/main -I/usr/src/php/ext/mysqli -I/usr/local/include/php -I/usr/local/include/php/main -I/usr/local/include/php/TSRM -I/usr/local/include/php/Zend -I/usr/local/include/php/ext -I/usr/local/include/php/ext/date/lib  -fstack-protector-strong -fpic -fpie -O2 -D_LARGEFILE_SOURCE -D_FILE_OFFSET_BITS=64 -DHAVE_CONFIG_H  -fstack-protector-strong -fpic -fpie -O2 -D_LARGEFILE_SOURCE -D_FILE_OFFSET_BITS=64   -c /usr/src/php/ext/mysqli/mysqli_prop.c -o mysqli_prop.lo 
mkdir .libs
mkdir .libs
mkdir: can't create directory '.libs': File exists
 cc -DZEND_ENABLE_STATIC_TSRMLS_CACHE=1 -I. -I/usr/src/php/ext/mysqli -DPHP_ATOM_INC -I/usr/src/php/ext/mysqli/include -I/usr/src/php/ext/mysqli/main -I/usr/src/php/ext/mysqli -I/usr/local/include/php -I/usr/local/include/php/main -I/usr/local/include/php/TSRM -I/usr/local/include/php/Zend -I/usr/local/include/php/ext -I/usr/local/include/php/ext/date/lib -fstack-protector-strong -fpic -fpie -O2 -D_LARGEFILE_SOURCE -D_FILE_OFFSET_BITS=64 -DHAVE_CONFIG_H -fstack-protector-strong -fpic -fpie -O2 -D_LARGEFILE_SOURCE -D_FILE_OFFSET_BITS=64 -c /usr/src/php/ext/mysqli/mysqli_prop.c  -fPIC -DPIC -o .libs/mysqli_prop.o
 cc -DZEND_ENABLE_STATIC_TSRMLS_CACHE=1 -I. -I/usr/src/php/ext/mysqli -DPHP_ATOM_INC -I/usr/src/php/ext/mysqli/include -I/usr/src/php/ext/mysqli/main -I/usr/src/php/ext/mysqli -I/usr/local/include/php -I/usr/local/include/php/main -I/usr/local/include/php/TSRM -I/usr/local/include/php/Zend -I/usr/local/include/php/ext -I/usr/local/include/php/ext/date/lib -fstack-protector-strong -fpic -fpie -O2 -D_LARGEFILE_SOURCE -D_FILE_OFFSET_BITS=64 -DHAVE_CONFIG_H -fstack-protector-strong -fpic -fpie -O2 -D_LARGEFILE_SOURCE -D_FILE_OFFSET_BITS=64 -c /usr/src/php/ext/mysqli/mysqli_api.c  -fPIC -DPIC -o .libs/mysqli_api.o
 cc -DZEND_ENABLE_STATIC_TSRMLS_CACHE=1 -I. -I/usr/src/php/ext/mysqli -DPHP_ATOM_INC -I/usr/src/php/ext/mysqli/include -I/usr/src/php/ext/mysqli/main -I/usr/src/php/ext/mysqli -I/usr/local/include/php -I/usr/local/include/php/main -I/usr/local/include/php/TSRM -I/usr/local/include/php/Zend -I/usr/local/include/php/ext -I/usr/local/include/php/ext/date/lib -fstack-protector-strong -fpic -fpie -O2 -D_LARGEFILE_SOURCE -D_FILE_OFFSET_BITS=64 -DHAVE_CONFIG_H -fstack-protector-strong -fpic -fpie -O2 -D_LARGEFILE_SOURCE -D_FILE_OFFSET_BITS=64 -c /usr/src/php/ext/mysqli/mysqli.c  -fPIC -DPIC -o .libs/mysqli.o
/bin/sh /usr/src/php/ext/mysqli/libtool --mode=compile cc -DZEND_ENABLE_STATIC_TSRMLS_CACHE=1 -I. -I/usr/src/php/ext/mysqli -DPHP_ATOM_INC -I/usr/src/php/ext/mysqli/include -I/usr/src/php/ext/mysqli/main -I/usr/src/php/ext/mysqli -I/usr/local/include/php -I/usr/local/include/php/main -I/usr/local/include/php/TSRM -I/usr/local/include/php/Zend -I/usr/local/include/php/ext -I/usr/local/include/php/ext/date/lib  -fstack-protector-strong -fpic -fpie -O2 -D_LARGEFILE_SOURCE -D_FILE_OFFSET_BITS=64 -DHAVE_CONFIG_H  -fstack-protector-strong -fpic -fpie -O2 -D_LARGEFILE_SOURCE -D_FILE_OFFSET_BITS=64   -c /usr/src/php/ext/mysqli/mysqli_nonapi.c -o mysqli_nonapi.lo 
 cc -DZEND_ENABLE_STATIC_TSRMLS_CACHE=1 -I. -I/usr/src/php/ext/mysqli -DPHP_ATOM_INC -I/usr/src/php/ext/mysqli/include -I/usr/src/php/ext/mysqli/main -I/usr/src/php/ext/mysqli -I/usr/local/include/php -I/usr/local/include/php/main -I/usr/local/include/php/TSRM -I/usr/local/include/php/Zend -I/usr/local/include/php/ext -I/usr/local/include/php/ext/date/lib -fstack-protector-strong -fpic -fpie -O2 -D_LARGEFILE_SOURCE -D_FILE_OFFSET_BITS=64 -DHAVE_CONFIG_H -fstack-protector-strong -fpic -fpie -O2 -D_LARGEFILE_SOURCE -D_FILE_OFFSET_BITS=64 -c /usr/src/php/ext/mysqli/mysqli_nonapi.c  -fPIC -DPIC -o .libs/mysqli_nonapi.o
/bin/sh /usr/src/php/ext/mysqli/libtool --mode=compile cc -DZEND_ENABLE_STATIC_TSRMLS_CACHE=1 -I. -I/usr/src/php/ext/mysqli -DPHP_ATOM_INC -I/usr/src/php/ext/mysqli/include -I/usr/src/php/ext/mysqli/main -I/usr/src/php/ext/mysqli -I/usr/local/include/php -I/usr/local/include/php/main -I/usr/local/include/php/TSRM -I/usr/local/include/php/Zend -I/usr/local/include/php/ext -I/usr/local/include/php/ext/date/lib  -fstack-protector-strong -fpic -fpie -O2 -D_LARGEFILE_SOURCE -D_FILE_OFFSET_BITS=64 -DHAVE_CONFIG_H  -fstack-protector-strong -fpic -fpie -O2 -D_LARGEFILE_SOURCE -D_FILE_OFFSET_BITS=64   -c /usr/src/php/ext/mysqli/mysqli_fe.c -o mysqli_fe.lo 
 cc -DZEND_ENABLE_STATIC_TSRMLS_CACHE=1 -I. -I/usr/src/php/ext/mysqli -DPHP_ATOM_INC -I/usr/src/php/ext/mysqli/include -I/usr/src/php/ext/mysqli/main -I/usr/src/php/ext/mysqli -I/usr/local/include/php -I/usr/local/include/php/main -I/usr/local/include/php/TSRM -I/usr/local/include/php/Zend -I/usr/local/include/php/ext -I/usr/local/include/php/ext/date/lib -fstack-protector-strong -fpic -fpie -O2 -D_LARGEFILE_SOURCE -D_FILE_OFFSET_BITS=64 -DHAVE_CONFIG_H -fstack-protector-strong -fpic -fpie -O2 -D_LARGEFILE_SOURCE -D_FILE_OFFSET_BITS=64 -c /usr/src/php/ext/mysqli/mysqli_fe.c  -fPIC -DPIC -o .libs/mysqli_fe.o
/bin/sh /usr/src/php/ext/mysqli/libtool --mode=compile cc -DZEND_ENABLE_STATIC_TSRMLS_CACHE=1 -I. -I/usr/src/php/ext/mysqli -DPHP_ATOM_INC -I/usr/src/php/ext/mysqli/include -I/usr/src/php/ext/mysqli/main -I/usr/src/php/ext/mysqli -I/usr/local/include/php -I/usr/local/include/php/main -I/usr/local/include/php/TSRM -I/usr/local/include/php/Zend -I/usr/local/include/php/ext -I/usr/local/include/php/ext/date/lib  -fstack-protector-strong -fpic -fpie -O2 -D_LARGEFILE_SOURCE -D_FILE_OFFSET_BITS=64 -DHAVE_CONFIG_H  -fstack-protector-strong -fpic -fpie -O2 -D_LARGEFILE_SOURCE -D_FILE_OFFSET_BITS=64   -c /usr/src/php/ext/mysqli/mysqli_report.c -o mysqli_report.lo 
/bin/sh /usr/src/php/ext/mysqli/libtool --mode=compile cc -DZEND_ENABLE_STATIC_TSRMLS_CACHE=1 -I. -I/usr/src/php/ext/mysqli -DPHP_ATOM_INC -I/usr/src/php/ext/mysqli/include -I/usr/src/php/ext/mysqli/main -I/usr/src/php/ext/mysqli -I/usr/local/include/php -I/usr/local/include/php/main -I/usr/local/include/php/TSRM -I/usr/local/include/php/Zend -I/usr/local/include/php/ext -I/usr/local/include/php/ext/date/lib  -fstack-protector-strong -fpic -fpie -O2 -D_LARGEFILE_SOURCE -D_FILE_OFFSET_BITS=64 -DHAVE_CONFIG_H  -fstack-protector-strong -fpic -fpie -O2 -D_LARGEFILE_SOURCE -D_FILE_OFFSET_BITS=64   -c /usr/src/php/ext/mysqli/mysqli_driver.c -o mysqli_driver.lo 
 cc -DZEND_ENABLE_STATIC_TSRMLS_CACHE=1 -I. -I/usr/src/php/ext/mysqli -DPHP_ATOM_INC -I/usr/src/php/ext/mysqli/include -I/usr/src/php/ext/mysqli/main -I/usr/src/php/ext/mysqli -I/usr/local/include/php -I/usr/local/include/php/main -I/usr/local/include/php/TSRM -I/usr/local/include/php/Zend -I/usr/local/include/php/ext -I/usr/local/include/php/ext/date/lib -fstack-protector-strong -fpic -fpie -O2 -D_LARGEFILE_SOURCE -D_FILE_OFFSET_BITS=64 -DHAVE_CONFIG_H -fstack-protector-strong -fpic -fpie -O2 -D_LARGEFILE_SOURCE -D_FILE_OFFSET_BITS=64 -c /usr/src/php/ext/mysqli/mysqli_report.c  -fPIC -DPIC -o .libs/mysqli_report.o
/bin/sh /usr/src/php/ext/mysqli/libtool --mode=compile cc -DZEND_ENABLE_STATIC_TSRMLS_CACHE=1 -I. -I/usr/src/php/ext/mysqli -DPHP_ATOM_INC -I/usr/src/php/ext/mysqli/include -I/usr/src/php/ext/mysqli/main -I/usr/src/php/ext/mysqli -I/usr/local/include/php -I/usr/local/include/php/main -I/usr/local/include/php/TSRM -I/usr/local/include/php/Zend -I/usr/local/include/php/ext -I/usr/local/include/php/ext/date/lib  -fstack-protector-strong -fpic -fpie -O2 -D_LARGEFILE_SOURCE -D_FILE_OFFSET_BITS=64 -DHAVE_CONFIG_H  -fstack-protector-strong -fpic -fpie -O2 -D_LARGEFILE_SOURCE -D_FILE_OFFSET_BITS=64   -c /usr/src/php/ext/mysqli/mysqli_warning.c -o mysqli_warning.lo 
/bin/sh /usr/src/php/ext/mysqli/libtool --mode=compile cc -DZEND_ENABLE_STATIC_TSRMLS_CACHE=1 -I. -I/usr/src/php/ext/mysqli -DPHP_ATOM_INC -I/usr/src/php/ext/mysqli/include -I/usr/src/php/ext/mysqli/main -I/usr/src/php/ext/mysqli -I/usr/local/include/php -I/usr/local/include/php/main -I/usr/local/include/php/TSRM -I/usr/local/include/php/Zend -I/usr/local/include/php/ext -I/usr/local/include/php/ext/date/lib  -fstack-protector-strong -fpic -fpie -O2 -D_LARGEFILE_SOURCE -D_FILE_OFFSET_BITS=64 -DHAVE_CONFIG_H  -fstack-protector-strong -fpic -fpie -O2 -D_LARGEFILE_SOURCE -D_FILE_OFFSET_BITS=64   -c /usr/src/php/ext/mysqli/mysqli_exception.c -o mysqli_exception.lo 
 cc -DZEND_ENABLE_STATIC_TSRMLS_CACHE=1 -I. -I/usr/src/php/ext/mysqli -DPHP_ATOM_INC -I/usr/src/php/ext/mysqli/include -I/usr/src/php/ext/mysqli/main -I/usr/src/php/ext/mysqli -I/usr/local/include/php -I/usr/local/include/php/main -I/usr/local/include/php/TSRM -I/usr/local/include/php/Zend -I/usr/local/include/php/ext -I/usr/local/include/php/ext/date/lib -fstack-protector-strong -fpic -fpie -O2 -D_LARGEFILE_SOURCE -D_FILE_OFFSET_BITS=64 -DHAVE_CONFIG_H -fstack-protector-strong -fpic -fpie -O2 -D_LARGEFILE_SOURCE -D_FILE_OFFSET_BITS=64 -c /usr/src/php/ext/mysqli/mysqli_driver.c  -fPIC -DPIC -o .libs/mysqli_driver.o
 cc -DZEND_ENABLE_STATIC_TSRMLS_CACHE=1 -I. -I/usr/src/php/ext/mysqli -DPHP_ATOM_INC -I/usr/src/php/ext/mysqli/include -I/usr/src/php/ext/mysqli/main -I/usr/src/php/ext/mysqli -I/usr/local/include/php -I/usr/local/include/php/main -I/usr/local/include/php/TSRM -I/usr/local/include/php/Zend -I/usr/local/include/php/ext -I/usr/local/include/php/ext/date/lib -fstack-protector-strong -fpic -fpie -O2 -D_LARGEFILE_SOURCE -D_FILE_OFFSET_BITS=64 -DHAVE_CONFIG_H -fstack-protector-strong -fpic -fpie -O2 -D_LARGEFILE_SOURCE -D_FILE_OFFSET_BITS=64 -c /usr/src/php/ext/mysqli/mysqli_warning.c  -fPIC -DPIC -o .libs/mysqli_warning.o
/bin/sh /usr/src/php/ext/mysqli/libtool --mode=compile cc -DZEND_ENABLE_STATIC_TSRMLS_CACHE=1 -I. -I/usr/src/php/ext/mysqli -DPHP_ATOM_INC -I/usr/src/php/ext/mysqli/include -I/usr/src/php/ext/mysqli/main -I/usr/src/php/ext/mysqli -I/usr/local/include/php -I/usr/local/include/php/main -I/usr/local/include/php/TSRM -I/usr/local/include/php/Zend -I/usr/local/include/php/ext -I/usr/local/include/php/ext/date/lib  -fstack-protector-strong -fpic -fpie -O2 -D_LARGEFILE_SOURCE -D_FILE_OFFSET_BITS=64 -DHAVE_CONFIG_H  -fstack-protector-strong -fpic -fpie -O2 -D_LARGEFILE_SOURCE -D_FILE_OFFSET_BITS=64   -c /usr/src/php/ext/mysqli/mysqli_result_iterator.c -o mysqli_result_iterator.lo 
 cc -DZEND_ENABLE_STATIC_TSRMLS_CACHE=1 -I. -I/usr/src/php/ext/mysqli -DPHP_ATOM_INC -I/usr/src/php/ext/mysqli/include -I/usr/src/php/ext/mysqli/main -I/usr/src/php/ext/mysqli -I/usr/local/include/php -I/usr/local/include/php/main -I/usr/local/include/php/TSRM -I/usr/local/include/php/Zend -I/usr/local/include/php/ext -I/usr/local/include/php/ext/date/lib -fstack-protector-strong -fpic -fpie -O2 -D_LARGEFILE_SOURCE -D_FILE_OFFSET_BITS=64 -DHAVE_CONFIG_H -fstack-protector-strong -fpic -fpie -O2 -D_LARGEFILE_SOURCE -D_FILE_OFFSET_BITS=64 -c /usr/src/php/ext/mysqli/mysqli_exception.c  -fPIC -DPIC -o .libs/mysqli_exception.o
 cc -DZEND_ENABLE_STATIC_TSRMLS_CACHE=1 -I. -I/usr/src/php/ext/mysqli -DPHP_ATOM_INC -I/usr/src/php/ext/mysqli/include -I/usr/src/php/ext/mysqli/main -I/usr/src/php/ext/mysqli -I/usr/local/include/php -I/usr/local/include/php/main -I/usr/local/include/php/TSRM -I/usr/local/include/php/Zend -I/usr/local/include/php/ext -I/usr/local/include/php/ext/date/lib -fstack-protector-strong -fpic -fpie -O2 -D_LARGEFILE_SOURCE -D_FILE_OFFSET_BITS=64 -DHAVE_CONFIG_H -fstack-protector-strong -fpic -fpie -O2 -D_LARGEFILE_SOURCE -D_FILE_OFFSET_BITS=64 -c /usr/src/php/ext/mysqli/mysqli_result_iterator.c  -fPIC -DPIC -o .libs/mysqli_result_iterator.o
/bin/sh /usr/src/php/ext/mysqli/libtool --mode=link cc -DPHP_ATOM_INC -I/usr/src/php/ext/mysqli/include -I/usr/src/php/ext/mysqli/main -I/usr/src/php/ext/mysqli -I/usr/local/include/php -I/usr/local/include/php/main -I/usr/local/include/php/TSRM -I/usr/local/include/php/Zend -I/usr/local/include/php/ext -I/usr/local/include/php/ext/date/lib  -fstack-protector-strong -fpic -fpie -O2 -D_LARGEFILE_SOURCE -D_FILE_OFFSET_BITS=64 -DHAVE_CONFIG_H  -fstack-protector-strong -fpic -fpie -O2 -D_LARGEFILE_SOURCE -D_FILE_OFFSET_BITS=64  -Wl,-O1 -Wl,--hash-style=both -pie  -o mysqli.la -export-dynamic -avoid-version -prefer-pic -module -rpath /usr/src/php/ext/mysqli/modules  mysqli.lo mysqli_api.lo mysqli_prop.lo mysqli_nonapi.lo mysqli_fe.lo mysqli_report.lo mysqli_driver.lo mysqli_warning.lo mysqli_exception.lo mysqli_result_iterator.lo 
cc -shared  .libs/mysqli.o .libs/mysqli_api.o .libs/mysqli_prop.o .libs/mysqli_nonapi.o .libs/mysqli_fe.o .libs/mysqli_report.o .libs/mysqli_driver.o .libs/mysqli_warning.o .libs/mysqli_exception.o .libs/mysqli_result_iterator.o   -Wl,-O1 -Wl,--hash-style=both -Wl,-soname -Wl,mysqli.so -o .libs/mysqli.so
creating mysqli.la
(cd .libs && rm -f mysqli.la && ln -s ../mysqli.la mysqli.la)
/bin/sh /usr/src/php/ext/mysqli/libtool --mode=install cp ./mysqli.la /usr/src/php/ext/mysqli/modules
cp ./.libs/mysqli.so /usr/src/php/ext/mysqli/modules/mysqli.so
cp ./.libs/mysqli.lai /usr/src/php/ext/mysqli/modules/mysqli.la
PATH="$PATH:/sbin" ldconfig -n /usr/src/php/ext/mysqli/modules
----------------------------------------------------------------------
Libraries have been installed in:
   /usr/src/php/ext/mysqli/modules

If you ever happen to want to link against installed libraries
in a given directory, LIBDIR, you must either use libtool, and
specify the full pathname of the library, or use the `-LLIBDIR'
flag during linking and do at least one of the following:
   - add LIBDIR to the `LD_LIBRARY_PATH' environment variable
     during execution
   - add LIBDIR to the `LD_RUN_PATH' environment variable
     during linking
   - use the `-Wl,--rpath -Wl,LIBDIR' linker flag

See any operating system documentation about shared libraries for
more information, such as the ld(1) and ld.so(8) manual pages.
----------------------------------------------------------------------

Build complete.
Don't forget to run 'make test'.

Installing shared extensions:     /usr/local/lib/php/extensions/no-debug-non-zts-20170718/
Installing header files:          /usr/local/include/php/
find . -name \*.gcno -o -name \*.gcda | xargs rm -f
find . -name \*.lo -o -name \*.o | xargs rm -f
find . -name \*.la -o -name \*.a | xargs rm -f
find . -name \*.so | xargs rm -f
find . -name .libs -a -type d|xargs rm -rf
rm -f libphp.la       modules/* libs/*
Configuring for:
PHP Api Version:         20170718
Zend Module Api No:      20170718
Zend Extension Api No:   320170718
checking for grep that handles long lines and -e... /bin/grep
checking for egrep... /bin/grep -E
checking for a sed that does not truncate output... /bin/sed
checking for cc... cc
checking whether the C compiler works... yes
checking for C compiler default output file name... a.out
checking for suffix of executables... 
checking whether we are cross compiling... no
checking for suffix of object files... o
checking whether we are using the GNU C compiler... yes
checking whether cc accepts -g... yes
checking for cc option to accept ISO C89... none needed
checking how to run the C preprocessor... cc -E
checking for icc... no
checking for suncc... no
checking whether cc understands -c and -o together... yes
checking for system library directory... lib
checking if compiler supports -R... no
checking if compiler supports -Wl,-rpath,... yes
checking build system type... x86_64-pc-linux-musl
checking host system type... x86_64-pc-linux-musl
checking target system type... x86_64-pc-linux-musl
checking for PHP prefix... /usr/local
checking for PHP includes... -I/usr/local/include/php -I/usr/local/include/php/main -I/usr/local/include/php/TSRM -I/usr/local/include/php/Zend -I/usr/local/include/php/ext -I/usr/local/include/php/ext/date/lib
checking for PHP extension directory... /usr/local/lib/php/extensions/no-debug-non-zts-20170718
checking for PHP installed headers prefix... /usr/local/include/php
checking if debug is enabled... no
checking if zts is enabled... no
checking for re2c... re2c
checking for re2c version... 1.3 (ok)
checking for gawk... no
checking for nawk... no
checking for awk... awk
checking if awk is broken... no
checking for MySQL support for PDO... yes, shared
checking for the location of libz... no
checking for MySQL UNIX socket location... 
checking for PDO includes... checking for PDO includes... /usr/local/include/php/ext
checking for ld used by cc... /usr/x86_64-alpine-linux-musl/bin/ld
checking if the linker (/usr/x86_64-alpine-linux-musl/bin/ld) is GNU ld... yes
checking for /usr/x86_64-alpine-linux-musl/bin/ld option to reload object files... -r
checking for BSD-compatible nm... /usr/bin/nm -B
checking whether ln -s works... yes
checking how to recognize dependent libraries... pass_all
checking for ANSI C header files... yes
checking for sys/types.h... yes
checking for sys/stat.h... yes
checking for stdlib.h... yes
checking for string.h... yes
checking for memory.h... yes
checking for strings.h... yes
checking for inttypes.h... yes
checking for stdint.h... yes
checking for unistd.h... yes
checking dlfcn.h usability... yes
checking dlfcn.h presence... yes
checking for dlfcn.h... yes
checking the maximum length of command line arguments... 98304
checking command to parse /usr/bin/nm -B output from cc object... ok
checking for objdir... .libs
checking for ar... ar
checking for ranlib... ranlib
checking for strip... strip
checking if cc supports -fno-rtti -fno-exceptions... no
checking for cc option to produce PIC... -fPIC
checking if cc PIC flag -fPIC works... yes
checking if cc static flag -static works... yes
checking if cc supports -c -o file.o... yes
checking whether the cc linker (/usr/x86_64-alpine-linux-musl/bin/ld -m elf_x86_64) supports shared libraries... yes
checking whether -lc should be explicitly linked in... no
checking dynamic linker characteristics... GNU/Linux ld.so
checking how to hardcode library paths into programs... immediate
checking whether stripping libraries is possible... yes
checking if libtool supports shared libraries... yes
checking whether to build shared libraries... yes
checking whether to build static libraries... no

creating libtool
appending configuration tag "CXX" to libtool
configure: creating ./config.status
config.status: creating config.h
/bin/sh /usr/src/php/ext/pdo_mysql/libtool --mode=compile cc -I/usr/local/include/php/ext -DZEND_ENABLE_STATIC_TSRMLS_CACHE=1 -I. -I/usr/src/php/ext/pdo_mysql -DPHP_ATOM_INC -I/usr/src/php/ext/pdo_mysql/include -I/usr/src/php/ext/pdo_mysql/main -I/usr/src/php/ext/pdo_mysql -I/usr/local/include/php -I/usr/local/include/php/main -I/usr/local/include/php/TSRM -I/usr/local/include/php/Zend -I/usr/local/include/php/ext -I/usr/local/include/php/ext/date/lib  -fstack-protector-strong -fpic -fpie -O2 -D_LARGEFILE_SOURCE -D_FILE_OFFSET_BITS=64 -DHAVE_CONFIG_H  -fstack-protector-strong -fpic -fpie -O2 -D_LARGEFILE_SOURCE -D_FILE_OFFSET_BITS=64   -c /usr/src/php/ext/pdo_mysql/pdo_mysql.c -o pdo_mysql.lo 
/bin/sh /usr/src/php/ext/pdo_mysql/libtool --mode=compile cc -I/usr/local/include/php/ext -DZEND_ENABLE_STATIC_TSRMLS_CACHE=1 -I. -I/usr/src/php/ext/pdo_mysql -DPHP_ATOM_INC -I/usr/src/php/ext/pdo_mysql/include -I/usr/src/php/ext/pdo_mysql/main -I/usr/src/php/ext/pdo_mysql -I/usr/local/include/php -I/usr/local/include/php/main -I/usr/local/include/php/TSRM -I/usr/local/include/php/Zend -I/usr/local/include/php/ext -I/usr/local/include/php/ext/date/lib  -fstack-protector-strong -fpic -fpie -O2 -D_LARGEFILE_SOURCE -D_FILE_OFFSET_BITS=64 -DHAVE_CONFIG_H  -fstack-protector-strong -fpic -fpie -O2 -D_LARGEFILE_SOURCE -D_FILE_OFFSET_BITS=64   -c /usr/src/php/ext/pdo_mysql/mysql_driver.c -o mysql_driver.lo 
/bin/sh /usr/src/php/ext/pdo_mysql/libtool --mode=compile cc -I/usr/local/include/php/ext -DZEND_ENABLE_STATIC_TSRMLS_CACHE=1 -I. -I/usr/src/php/ext/pdo_mysql -DPHP_ATOM_INC -I/usr/src/php/ext/pdo_mysql/include -I/usr/src/php/ext/pdo_mysql/main -I/usr/src/php/ext/pdo_mysql -I/usr/local/include/php -I/usr/local/include/php/main -I/usr/local/include/php/TSRM -I/usr/local/include/php/Zend -I/usr/local/include/php/ext -I/usr/local/include/php/ext/date/lib  -fstack-protector-strong -fpic -fpie -O2 -D_LARGEFILE_SOURCE -D_FILE_OFFSET_BITS=64 -DHAVE_CONFIG_H  -fstack-protector-strong -fpic -fpie -O2 -D_LARGEFILE_SOURCE -D_FILE_OFFSET_BITS=64   -c /usr/src/php/ext/pdo_mysql/mysql_statement.c -o mysql_statement.lo 
mkdir .libs
 cc -I/usr/local/include/php/ext -DZEND_ENABLE_STATIC_TSRMLS_CACHE=1 -I. -I/usr/src/php/ext/pdo_mysql -DPHP_ATOM_INC -I/usr/src/php/ext/pdo_mysql/include -I/usr/src/php/ext/pdo_mysql/main -I/usr/src/php/ext/pdo_mysql -I/usr/local/include/php -I/usr/local/include/php/main -I/usr/local/include/php/TSRM -I/usr/local/include/php/Zend -I/usr/local/include/php/ext -I/usr/local/include/php/ext/date/lib -fstack-protector-strong -fpic -fpie -O2 -D_LARGEFILE_SOURCE -D_FILE_OFFSET_BITS=64 -DHAVE_CONFIG_H -fstack-protector-strong -fpic -fpie -O2 -D_LARGEFILE_SOURCE -D_FILE_OFFSET_BITS=64 -c /usr/src/php/ext/pdo_mysql/mysql_statement.c  -fPIC -DPIC -o .libs/mysql_statement.o
 cc -I/usr/local/include/php/ext -DZEND_ENABLE_STATIC_TSRMLS_CACHE=1 -I. -I/usr/src/php/ext/pdo_mysql -DPHP_ATOM_INC -I/usr/src/php/ext/pdo_mysql/include -I/usr/src/php/ext/pdo_mysql/main -I/usr/src/php/ext/pdo_mysql -I/usr/local/include/php -I/usr/local/include/php/main -I/usr/local/include/php/TSRM -I/usr/local/include/php/Zend -I/usr/local/include/php/ext -I/usr/local/include/php/ext/date/lib -fstack-protector-strong -fpic -fpie -O2 -D_LARGEFILE_SOURCE -D_FILE_OFFSET_BITS=64 -DHAVE_CONFIG_H -fstack-protector-strong -fpic -fpie -O2 -D_LARGEFILE_SOURCE -D_FILE_OFFSET_BITS=64 -c /usr/src/php/ext/pdo_mysql/pdo_mysql.c  -fPIC -DPIC -o .libs/pdo_mysql.o
 cc -I/usr/local/include/php/ext -DZEND_ENABLE_STATIC_TSRMLS_CACHE=1 -I. -I/usr/src/php/ext/pdo_mysql -DPHP_ATOM_INC -I/usr/src/php/ext/pdo_mysql/include -I/usr/src/php/ext/pdo_mysql/main -I/usr/src/php/ext/pdo_mysql -I/usr/local/include/php -I/usr/local/include/php/main -I/usr/local/include/php/TSRM -I/usr/local/include/php/Zend -I/usr/local/include/php/ext -I/usr/local/include/php/ext/date/lib -fstack-protector-strong -fpic -fpie -O2 -D_LARGEFILE_SOURCE -D_FILE_OFFSET_BITS=64 -DHAVE_CONFIG_H -fstack-protector-strong -fpic -fpie -O2 -D_LARGEFILE_SOURCE -D_FILE_OFFSET_BITS=64 -c /usr/src/php/ext/pdo_mysql/mysql_driver.c  -fPIC -DPIC -o .libs/mysql_driver.o
/bin/sh /usr/src/php/ext/pdo_mysql/libtool --mode=link cc -DPHP_ATOM_INC -I/usr/src/php/ext/pdo_mysql/include -I/usr/src/php/ext/pdo_mysql/main -I/usr/src/php/ext/pdo_mysql -I/usr/local/include/php -I/usr/local/include/php/main -I/usr/local/include/php/TSRM -I/usr/local/include/php/Zend -I/usr/local/include/php/ext -I/usr/local/include/php/ext/date/lib  -fstack-protector-strong -fpic -fpie -O2 -D_LARGEFILE_SOURCE -D_FILE_OFFSET_BITS=64 -DHAVE_CONFIG_H  -fstack-protector-strong -fpic -fpie -O2 -D_LARGEFILE_SOURCE -D_FILE_OFFSET_BITS=64  -Wl,-O1 -Wl,--hash-style=both -pie  -o pdo_mysql.la -export-dynamic -avoid-version -prefer-pic -module -rpath /usr/src/php/ext/pdo_mysql/modules  pdo_mysql.lo mysql_driver.lo mysql_statement.lo 
cc -shared  .libs/pdo_mysql.o .libs/mysql_driver.o .libs/mysql_statement.o   -Wl,-O1 -Wl,--hash-style=both -Wl,-soname -Wl,pdo_mysql.so -o .libs/pdo_mysql.so
creating pdo_mysql.la
(cd .libs && rm -f pdo_mysql.la && ln -s ../pdo_mysql.la pdo_mysql.la)
/bin/sh /usr/src/php/ext/pdo_mysql/libtool --mode=install cp ./pdo_mysql.la /usr/src/php/ext/pdo_mysql/modules
cp ./.libs/pdo_mysql.so /usr/src/php/ext/pdo_mysql/modules/pdo_mysql.so
cp ./.libs/pdo_mysql.lai /usr/src/php/ext/pdo_mysql/modules/pdo_mysql.la
PATH="$PATH:/sbin" ldconfig -n /usr/src/php/ext/pdo_mysql/modules
----------------------------------------------------------------------
Libraries have been installed in:
   /usr/src/php/ext/pdo_mysql/modules

If you ever happen to want to link against installed libraries
in a given directory, LIBDIR, you must either use libtool, and
specify the full pathname of the library, or use the `-LLIBDIR'
flag during linking and do at least one of the following:
   - add LIBDIR to the `LD_LIBRARY_PATH' environment variable
     during execution
   - add LIBDIR to the `LD_RUN_PATH' environment variable
     during linking
   - use the `-Wl,--rpath -Wl,LIBDIR' linker flag

See any operating system documentation about shared libraries for
more information, such as the ld(1) and ld.so(8) manual pages.
----------------------------------------------------------------------

Build complete.
Don't forget to run 'make test'.

Installing shared extensions:     /usr/local/lib/php/extensions/no-debug-non-zts-20170718/
find . -name \*.gcno -o -name \*.gcda | xargs rm -f
find . -name \*.lo -o -name \*.o | xargs rm -f
find . -name \*.la -o -name \*.a | xargs rm -f
find . -name \*.so | xargs rm -f
find . -name .libs -a -type d|xargs rm -rf
rm -f libphp.la       modules/* libs/*
WARNING: Ignoring APKINDEX.70f61090.tar.gz: No such file or directory
WARNING: Ignoring APKINDEX.ca2fea5b.tar.gz: No such file or directory
(1/4) Purging .phpize-deps-configure (20200323.012944)
(2/4) Purging dpkg-dev (1.19.7-r1)
(3/4) Purging dpkg (1.19.7-r1)
(4/4) Purging re2c (1.3-r0)
Executing busybox-1.31.1-r9.trigger
OK: 226 MiB in 60 packages
Removing intermediate container 82420a89f322
 ---> a36a8d4456d9
Successfully built a36a8d4456d9
[zdelta@0delta-pc test]$ 