2020年08月15日 23時30分50秒:["lsp#register_server", "server registered", "solargraph"]
2020年08月15日 23時30分50秒:["lsp#register_server", "server already registered", "solargraph"]
2020年08月15日 23時30分50秒:["lsp#register_server", "server registered", "solargraph"]
2020年08月15日 23時30分50秒:["vim-lsp signs enabled"]
2020年08月15日 23時30分50秒:["vim-lsp highlighting enabled"]
2020年08月15日 23時30分50秒:["s:on_text_document_did_open()", 1, "ruby", "/home/akai/Projects/xxx/backend", "file:///home/akai/Projects/xxx/backend/Gemfile"]
2020年08月15日 23時30分50秒:["Starting server", "solargraph", ["/home/akai/.rbenv/shims/solargraph", "stdio"]]
2020年08月15日 23時30分50秒:[{"response": {"data": {"__data__": "vim-lsp", "lsp_id": 3, "server_name": "solargraph"}, "message": "started lsp server successfully"}}]
2020年08月15日 23時30分50秒:["--->", 3, "solargraph", {"method": "initialize", "params": {"rootUri": "file:///home/akai/Projects/xxx", "initializationOptions": {"diagnostics": "true"}, "capabilities": {"workspace": {"configuration": true, "applyEdit": true}, "textDocument": {"implementation": {"linkSupport": true}, "documentSymbol": {"symbolKind": {"valueSet": [10, 11, 12, 13, 14, 15, 16, 17, 18, 19, 20, 21, 22, 23, 24, 25, 26, 1, 2, 3, 4, 5, 6, 7, 8, 9]}, "hierarchicalDocumentSymbolSupport": false}, "semanticHighlightingCapabilities": {"semanticHighlighting": false}, "codeAction": {"codeActionLiteralSupport": {"codeActionKind": {"valueSet": ["", "quickfix", "refactor", "refactor.extract", "refactor.inline", "refactor.rewrite", "source", "source.organizeImports"]}}, "dynamicRegistration": false}, "completion": {"completionItem": {"snippetSupport": false, "documentationFormat": ["plaintext"]}, "completionItemKind": {"valueSet": [10, 11, 12, 13, 14, 15, 16, 17, 18, 19, 20, 21, 22, 23, 24, 25, 1, 2, 3, 4, 5, 6, 7, 8, 9]}}, "foldingRange": {"lineFoldingOnly": true}, "typeDefinition": {"linkSupport": true}, "typeHierarchy": false, "declaration": {"linkSupport": true}, "definition": {"linkSupport": true}}}, "rootPath": "/home/akai/Projects/xxx", "processId": 11496, "trace": "off"}}]
2020年08月15日 23時30分50秒:["<---(stderr)", 3, "solargraph", ["Solargraph is listening on stdio PID=11527", ""]]
2020年08月15日 23時30分51秒:["<---(stderr)", 3, "solargraph", ["warning: parser/current is loading parser/ruby24, which recognizes", "warning: 2.4.9-compliant syntax, but you are running 2.4.2.", "warning: please see https://github.com/whitequark/parser#compatibility-with-ruby-mri.", ""]]
2020年08月15日 23時32分19秒:["vim-lsp signs enabled"]
2020年08月15日 23時32分19秒:["vim-lsp highlighting enabled"]
2020年08月15日 23時32分19秒:["s:on_text_document_did_open()", 1, "", "/home/akai", "file:///tmp/lsp.log"]
2020年08月15日 23時32分39秒:["s:on_text_document_did_change()", 1]
2020年08月15日 23時32分39秒:["s:send_didchange_queue() will be triggered"]
2020年08月15日 23時32分39秒:["s:on_text_document_did_change()", 1]
2020年08月15日 23時32分43秒:["s:send_event_queue()"]
2020年08月15日 23時32分48秒:["s:on_text_document_did_change()", 1]
2020年08月15日 23時32分48秒:["s:send_didchange_queue() will be triggered"]
2020年08月15日 23時32分48秒:["s:on_text_document_did_change()", 1]
2020年08月15日 23時32分48秒:["s:on_text_document_did_change()", 1]
2020年08月15日 23時32分49秒:["s:on_text_document_did_change()", 1]
2020年08月15日 23時32分49秒:["s:on_text_document_did_change()", 1]
2020年08月15日 23時32分52秒:["s:send_event_queue()"]
2020年08月15日 23時33分06秒:["s:on_text_document_did_change()", 1]
2020年08月15日 23時33分06秒:["s:send_didchange_queue() will be triggered"]
2020年08月15日 23時33分07秒:["s:on_text_document_did_change()", 1]
2020年08月15日 23時33分07秒:["s:on_text_document_did_change()", 1]
2020年08月15日 23時33分07秒:["s:on_text_document_did_change()", 1]
2020年08月15日 23時33分07秒:["s:on_text_document_did_change()", 1]
2020年08月15日 23時33分07秒:["s:on_text_document_did_change()", 1]
2020年08月15日 23時33分07秒:["s:on_text_document_did_change()", 1]
2020年08月15日 23時33分10秒:["s:send_event_queue()"]
2020年08月15日 23時33分29秒:["s:on_text_document_did_close()", 1]
2020年08月15日 23時33分29秒:["s:on_text_document_did_open()", 2, "ruby", "/home/akai/Projects/xxx/backend", "file:///home/akai/Projects/xxx/backend/app/models/user.rb"]
2020年08月15日 23時33分29秒:[{"response": {"data": {"__data__": "vim-lsp", "server_name": "solargraph"}, "message": "server already started"}}]
2020年08月15日 23時33分29秒:[{"response": {"data": {"__data__": "vim-lsp", "server_name": "solargraph"}, "message": "waiting for lsp server to initialize"}}]
2020年08月15日 23時33分38秒:["s:on_text_document_did_open()", 1, "", "/home/akai", "file:///tmp/lsp.log"]
2020年08月15日 23時33分43秒:["s:on_text_document_did_open()", 1, "", "/home/akai", "file:///tmp/lsp.log"]
2020年08月15日 23時33分47秒:["s:on_text_document_did_open()", 1, "", "/home/akai", "file:///tmp/lsp.log"]
2020年08月15日 23時33分48秒:["s:on_text_document_did_open()", 1, "", "/home/akai", "file:///tmp/lsp.log"]
2020年08月15日 23時34分01秒:["s:on_text_document_did_change()", 1]
2020年08月15日 23時34分01秒:["s:send_didchange_queue() will be triggered"]
2020年08月15日 23時34分03秒:["s:on_text_document_did_open()", 1, "", "/home/akai", "file:///tmp/lsp.log"]
2020年08月15日 23時34分05秒:["s:send_event_queue()"]
2020年08月15日 23時34分14秒:["s:on_text_document_did_open()", 1, "", "/home/akai", "file:///tmp/lsp.log"]
2020年08月15日 23時34分22秒:["s:on_text_document_did_open()", 1, "", "/home/akai", "file:///tmp/lsp.log"]
2020年08月15日 23時34分25秒:["s:on_text_document_did_open()", 1, "", "/home/akai", "file:///tmp/lsp.log"]
2020年08月15日 23時34分27秒:["s:on_text_document_did_change()", 1]
2020年08月15日 23時34分27秒:["s:send_didchange_queue() will be triggered"]
2020年08月15日 23時34分29秒:["s:on_text_document_did_change()", 1]
2020年08月15日 23時34分31秒:["s:send_event_queue()"]
2020年08月15日 23時34分31秒:["s:on_text_document_did_change()", 1]
2020年08月15日 23時34分31秒:["s:send_didchange_queue() will be triggered"]
