水  2/13 17:28:08 2019:["s:on_text_document_did_save()",1]
水  2/13 17:28:08 2019:["s:on_text_document_did_close()",1]
水  2/13 17:28:11 2019:["s:on_text_document_did_close()",2]
水  2/13 17:28:16 2019:["s:on_text_document_did_change()",1]
水  2/13 17:28:16 2019:[{"response":{"data":{"__data__":"vim-lsp","lsp_id":3,"server_name":"go-lang"},"message":"started lsp server successfully"}}]
水  2/13 17:28:16 2019:[{"response":{"data":{"__data__":"vim-lsp","server_name":"go-lang"},"message":"waiting for lsp server to initialize"}}]
水  2/13 17:28:16 2019:["s:on_text_document_did_change()",1]
水  2/13 17:28:16 2019:[{"response":{"data":{"__data__":"vim-lsp","server_name":"go-lang"},"message":"server already started"}}]
水  2/13 17:28:16 2019:[{"response":{"data":{"__data__":"vim-lsp","server_name":"go-lang"},"message":"waiting for lsp server to initialize"}}]
水  2/13 17:28:16 2019:["<---(stderr)",3,"go-lang",["panic: runtime error: invalid memory address or nil pointer dereference","[signal SIGSEGV: segmentation violation code=0x1 addr=0xf0"]]
水  2/13 17:28:16 2019:["s:on_exit",3,"go-lang","exited",2]
水  2/13 17:28:18 2019:["s:on_text_document_did_close()",1]
水  2/13 17:28:19 2019:["s:on_text_document_did_close()",2]
水  2/13 17:28:28 2019:["lsp#register_server","server registered","go-lang"]
水  2/13 17:28:28 2019:["s:on_text_document_did_open()",2,"nerdtree","/Users/tcn/go/src/mixed","file:///Users/tcn/go/src/mixed/NERD_tree_1"]
水  2/13 17:28:28 2019:["s:on_text_document_did_change()",2]
水  2/13 17:28:34 2019:["s:on_text_document_did_open()",1,"go","/Users/tcn/go/src/mixed","file:///Users/tcn/go/src/mixed/heelo.go"]
水  2/13 17:28:34 2019:[{"response":{"data":{"__data__":"vim-lsp","lsp_id":1,"server_name":"go-lang"},"message":"started lsp server successfully"}}]
水  2/13 17:28:34 2019:["--->",1,"go-lang",{"method":"initialize","params":{"rootUri":"file:///Users/tcn/go/src/mixed","initializationOptions":{},"capabilities":{"workspace":{"applyEdit ":true}},"rootPath":"/Users/tcn/go/src/mixed","trace":"off"}}]
水  2/13 17:28:34 2019:["<---(stderr)",1,"go-lang",["panic: runtime error: invalid memory address or nil pointer dereference","[signal SIGSEGV: segmentation violation code=0x1 addr=0xf0 pc=0x1346874]","","goroutine 1 [running]:","golang.org/x/tools/internal/lsp/cmd.(*Serve).Run(0xc00011a230, 0x1499120, 0xc0000a6008, 0xc0000a00b0, 0x0, 0x0, 0x0, 0x0)","\t/Users/tcn/go/src/golang.org/x/tools/internal/lsp/cmd/serve.go:"]]
水  2/13 17:28:34 2019:["<---(stderr)",1,"go-lang",["71 +0x204","golang.org/x/tools/internal/tool.Main.func2(0x0, 0x14994e0, 0xc00011a230, 0x1499120, 0xc0000a6008, 0xc00010a840, 0x0, 0x0)","\t/Users/tcn/go/src/golang.org/x/tools/internal/tool/tool.go:130 +0xb6","golang.org/x/tools/internal/tool.Main(0x1499120, 0xc0000a6008, 0x14994e0, 0xc00011a230, 0xc0000a00b0, 0x0, 0x0)","\t/Users/tcn/go/src/golang.org/x/tools/internal/tool/tool.go:131 +0x250","golang.org/x/tools/internal/lsp/cmd.(*Application).Run(0xc00011a200, 0x1499120, 0xc0000a6008, 0xc0000a00b0, 0x0, 0x0, 0x0, 0x0)","\t/Users/tcn/go/src/golang.org/x/tools/internal/lsp/cmd/cmd.go:72 +0x3bd","golang.org/x/tools/internal/tool.Main.func2(0xc00011a200, 0x14994a0, 0xc00011a200, 0x1499120, 0xc0000a6008, 0xc00010a7e0, 0x0, 0x0)","\t/Users/tcn/go/src/golang.org/x/tools/internal/tool/tool.go:130 +0xb6","golang.org/x/tools/internal/tool.Main(0x1499120, 0xc0000a6008, 0x14994a0, 0xc00011a200, 0xc0000a00a0, 0x2, 0x2)","\t/Users/tcn/go/src/golang.org/x/tools/internal/tool/tool.go:131 +0x250","main.main()","\t/Users/tcn/go/src/golang.org/x/tools/cmd/gopls/main.go:20 +0xb0",""]]
水  2/13 17:28:34 2019:["s:on_exit",1,"go-lang","exited",2]
水  2/13 17:28:43 2019:["s:on_text_document_did_change()",1]
水  2/13 17:28:43 2019:[{"response":{"data":{"__data__":"vim-lsp","lsp_id":2,"server_name":"go-lang"},"message":"started lsp server successfully"}}]
水  2/13 17:28:43 2019:[{"response":{"data":{"__data__":"vim-lsp","server_name":"go-lang"},"message":"waiting for lsp server to initialize"}}]
水  2/13 17:28:43 2019:["<---(stderr)",2,"go-lang",["panic: runtime error: invalid memory address or nil pointer dereference","[signal SIGSEGV: segmentation violation code=0x1 addr=0xf0 pc=0x1346874]",""]]
水  2/13 17:28:43 2019:["<---(stderr)",2,"go-lang",["","goroutine 1 [running]:","golang.org/x/tools/internal/lsp/cmd.(*Serve).Run(0xc0000f6330, 0x1499120, 0xc000098008, 0xc0000920b0, 0x0, 0x0, 0x0, 0x0)","\t/Users/tcn/go/src/golang.org/x/tools/internal/lsp/cmd/serve.go:71 +0x204","golang.org/x/tools/internal/tool.Main.func2(0x0, 0x14994e0, 0xc0000f6330, 0x1499120, 0xc000098008, 0xc0000a8ea0, 0x0, 0x0)","\t/Users/tcn/go/src/golang.org/x/tools/internal/tool/tool.go:130 +0xb6","golang.org/x/tools/internal/tool.Main(0x1499120, 0xc000098008, 0x14994e0, 0xc0000f6330, 0xc0000920b0, 0x0, 0x0)","\t/Users/tcn/go/src/golang.org/x/tools/internal/tool/tool.go:131 +0x250","golang.org/x/tools/internal/lsp/cmd.(*Application).Run(0xc0000f6300, 0x1499120, 0xc000098008, 0xc0000920b0, 0x0, 0x0, 0x0, 0x0)","\t/Users/tcn/go/src/golang.org/x/tools/internal/lsp/cmd/cmd.go:72 +0x3bd","golang.org/x/tools/internal/tool.Main.func2(0xc0000f6300, 0x14994a0, 0xc0000f6300, 0x1499120, 0xc000098008, 0xc0000a8e40, 0x0, 0x0)","\t/Users/tcn/go/src/golang.org/x/tools/internal/tool/tool.go:130 +0xb6","golang.org/x/tools/internal/tool.Main(0x1499120, 0xc000098008, 0x14994a0, 0xc0000f6300, 0xc0000920a0, 0x2, 0x2)","\t/Users/tcn/go/src/golang.org/x/tools/internal/tool/tool.go:131 +0x250","main.main()","\t/Users/tcn/go/src/golang.org/x/tools/cmd/gopls/main.go:20 +0xb0",""]]
水  2/13 17:28:43 2019:["s:on_exit",2,"go-lang","exited",2]
水  2/13 17:28:56 2019:["lsp#register_server","server registered","go-lang"]
水  2/13 17:28:56 2019:["s:on_text_document_did_open()",2,"nerdtree","/private/tmp","file:///private/tmp/NERD_tree_1"]
水  2/13 17:28:56 2019:["s:on_text_document_did_change()",2]
水  2/13 17:28:57 2019:["s:on_text_document_did_open()",1,"","/private/tmp","file:///private/tmp/lsp.log"]
水  2/13 17:44:09 2019:["s:on_text_document_did_close()",2]
水  2/13 17:44:18 2019:["s:on_text_document_did_close()",1]
