fern#internal#viewer:init [enter] 
| fern#helper:helper.async.expand_node [enter] 
| | fern#internal#node#expand [enter] 
| | | fern#internal#node#children [enter] 
| | | | fern#scheme#file#provider:provider_get_children [enter] 
| | | | | fern#scheme#file#provider:children_vim_readdir [enter] 
| | | | | fern#scheme#file#provider:children_vim_readdir [leave] 0.074220 [0.074220]
| | | | fern#scheme#file#provider:provider_get_children [leave] 0.216162 [0.216162]
| | | fern#internal#node#children [leave] 0.347992 [0.347992]
| | | fern#internal#node#expand [children] 0.370618 [0.370618]
| | | fern#internal#node#expand [sort] 0.039962 [0.410580]
| | | fern#internal#node#expand [extend] 0.039788 [0.450369]
| | fern#internal#node#expand [leave] 0.039946 [0.490315]
| | fern#helper:helper.async.update_nodes [enter] 
| | | fern#internal#core#update_nodes [enter] 
| | | | fern#internal#core#update_nodes [hidden] 0.080239 [0.080239]
| | | | fern#internal#core#update_nodes [include] 0.079329 [0.159568]
| | | | fern#internal#core#update_nodes [exclude] 0.080418 [0.239986]
| | | | fern#internal#core#update_nodes [let] 0.040624 [0.280609]
| | | | fern#internal#core#update_marks [enter] 
| | | | | fern#internal#core#update_marks [resolve] 0.018878 [0.018878]
| | | | | fern#internal#core#update_marks [key] 0.080517 [0.099395]
| | | | | fern#internal#core#update_marks [filter] 0.039682 [0.139077]
| | | | fern#internal#core#update_marks [leave] 0.039890 [0.178968]
| | | fern#internal#core#update_nodes [leave] 0.239426 [0.520035]
| | fern#helper:helper.async.update_nodes [leave] 0.619180 [0.619180]
| fern#helper:helper.async.expand_node [leave] 1.203362 [1.203362]
| fern#internal#viewer:init [expand] 1.254087 [1.254087]
| fern#helper:helper.async.reveal_node [enter] 
| | fern#helper:helper.async.update_nodes [enter] 
| | | fern#internal#core#update_nodes [enter] 
| | | | fern#internal#core#update_nodes [hidden] 0.079613 [0.079613]
| | | | fern#internal#core#update_nodes [include] 0.079860 [0.159473]
| | | | fern#internal#core#update_nodes [exclude] 0.079754 [0.239227]
| | | | fern#internal#core#update_nodes [let] 0.040254 [0.279481]
| | | | fern#internal#core#update_marks [enter] 
| | | | | fern#internal#core#update_marks [resolve] 0.019820 [0.019820]
| | | | | fern#internal#core#update_marks [key] 0.080383 [0.100203]
| | | | | fern#internal#core#update_marks [filter] 0.039813 [0.140016]
| | | | fern#internal#core#update_marks [leave] 0.040029 [0.180045]
| | | fern#internal#core#update_nodes [leave] 0.240398 [0.519880]
| | fern#helper:helper.async.update_nodes [leave] 0.599868 [0.599868]
| fern#helper:helper.async.reveal_node [leave] 0.680164 [0.680164]
| fern#internal#viewer:init [reveal] 0.757116 [2.011203]
| fern#helper:helper.async.redraw [enter] 
| | fern#renderer#default#s:render [enter] 
| | fern#renderer#default#s:render [leave] 0.031666 [0.031666]
| fern#helper:helper.async.redraw [leave] 0.103432 [0.103432]
| fern#internal#viewer:init [redraw] 0.149387 [2.160590]
fern#internal#viewer:init [leave] 0.031383 [2.191973]
