â¯ cat tmux-client-12884.log
1606124718.095602 client started (12884): version 2.6, socket /tmp/tmux-1000/default, protocol 8
1606124718.095618 on Linux 4.19.128-microsoft-standard #1 SMP Tue Jun 23 12:58:10 UTC 2020; libevent 2.1.8-stable (poll)
1606124718.095627 socket is /tmp/tmux-1000/default
1606124718.095633 trying connect
1606124718.095642 connect failed: Connection refused
1606124718.095647 lock file is /tmp/tmux-1000/default.lock
1606124718.095662 flock succeeded
1606124718.095664 got lock (6)
1606124718.095667 trying connect
1606124718.095671 connect failed: Connection refused
1606124718.095781 add peer 0x5602835a7240: 7 ((nil))
1606124718.095833 sending message 100 to peer 0x5602835a7240 (4 bytes)
1606124718.095838 sending message 101 to peer 0x5602835a7240 (15 bytes)
1606124718.095841 sending message 102 to peer 0x5602835a7240 (11 bytes)
1606124718.095843 sending message 108 to peer 0x5602835a7240 (13 bytes)
1606124718.095846 sending message 104 to peer 0x5602835a7240 (0 bytes)
1606124718.095848 sending message 107 to peer 0x5602835a7240 (4 bytes)
1606124718.095862 sending message 105 to peer 0x5602835a7240 (41 bytes)
1606124718.095866 sending message 105 to peer 0x5602835a7240 (12 bytes)
1606124718.095868 sending message 105 to peer 0x5602835a7240 (8 bytes)
1606124718.095870 sending message 105 to peer 0x5602835a7240 (18 bytes)
1606124718.095872 sending message 105 to peer 0x5602835a7240 (20 bytes)
1606124718.095874 sending message 105 to peer 0x5602835a7240 (34 bytes)
1606124718.095876 sending message 105 to peer 0x5602835a7240 (11 bytes)
1606124718.095878 sending message 105 to peer 0x5602835a7240 (12 bytes)
1606124718.095880 sending message 105 to peer 0x5602835a7240 (29 bytes)
1606124718.095882 sending message 105 to peer 0x5602835a7240 (15 bytes)
1606124718.095885 sending message 105 to peer 0x5602835a7240 (32 bytes)
1606124718.095888 sending message 105 to peer 0x5602835a7240 (21 bytes)
1606124718.095890 sending message 105 to peer 0x5602835a7240 (16 bytes)
1606124718.095892 sending message 105 to peer 0x5602835a7240 (20 bytes)
1606124718.095894 sending message 105 to peer 0x5602835a7240 (623 bytes)
1606124718.095896 sending message 105 to peer 0x5602835a7240 (17 bytes)
1606124718.095898 sending message 105 to peer 0x5602835a7240 (41 bytes)
1606124718.095900 sending message 105 to peer 0x5602835a7240 (17 bytes)
1606124718.095902 sending message 105 to peer 0x5602835a7240 (16 bytes)
1606124718.095904 sending message 105 to peer 0x5602835a7240 (8 bytes)
1606124718.095906 sending message 105 to peer 0x5602835a7240 (12 bytes)
1606124718.095908 sending message 105 to peer 0x5602835a7240 (40 bytes)
1606124718.095910 sending message 105 to peer 0x5602835a7240 (21 bytes)
1606124718.095913 sending message 105 to peer 0x5602835a7240 (27 bytes)
1606124718.095915 sending message 105 to peer 0x5602835a7240 (24 bytes)
1606124718.095917 sending message 105 to peer 0x5602835a7240 (12 bytes)
1606124718.095919 sending message 105 to peer 0x5602835a7240 (25 bytes)
1606124718.095921 sending message 105 to peer 0x5602835a7240 (25 bytes)
1606124718.095923 sending message 105 to peer 0x5602835a7240 (21 bytes)
1606124718.095925 sending message 105 to peer 0x5602835a7240 (21 bytes)
1606124718.095927 sending message 105 to peer 0x5602835a7240 (28 bytes)
1606124718.095929 sending message 105 to peer 0x5602835a7240 (21 bytes)
1606124718.095931 sending message 105 to peer 0x5602835a7240 (25 bytes)
1606124718.095934 sending message 105 to peer 0x5602835a7240 (1516 bytes)
1606124718.095941 sending message 105 to peer 0x5602835a7240 (17 bytes)
1606124718.095944 sending message 105 to peer 0x5602835a7240 (21 bytes)
1606124718.095946 sending message 105 to peer 0x5602835a7240 (16 bytes)
1606124718.095948 sending message 105 to peer 0x5602835a7240 (53 bytes)
1606124718.095950 sending message 105 to peer 0x5602835a7240 (62 bytes)
1606124718.095952 sending message 105 to peer 0x5602835a7240 (10 bytes)
1606124718.095954 sending message 105 to peer 0x5602835a7240 (76 bytes)
1606124718.095956 sending message 105 to peer 0x5602835a7240 (46 bytes)
1606124718.095958 sending message 105 to peer 0x5602835a7240 (47 bytes)
1606124718.095964 sending message 105 to peer 0x5602835a7240 (46 bytes)
1606124718.095966 sending message 105 to peer 0x5602835a7240 (47 bytes)
1606124718.095969 sending message 105 to peer 0x5602835a7240 (66 bytes)
1606124718.095971 sending message 105 to peer 0x5602835a7240 (70 bytes)
1606124718.095973 sending message 105 to peer 0x5602835a7240 (109 bytes)
1606124718.095975 sending message 105 to peer 0x5602835a7240 (34 bytes)
1606124718.095977 sending message 105 to peer 0x5602835a7240 (22 bytes)
1606124718.095979 sending message 105 to peer 0x5602835a7240 (25 bytes)
1606124718.095981 sending message 105 to peer 0x5602835a7240 (23 bytes)
1606124718.095983 sending message 105 to peer 0x5602835a7240 (19 bytes)
1606124718.095986 sending message 105 to peer 0x5602835a7240 (21 bytes)
1606124718.095988 sending message 105 to peer 0x5602835a7240 (22 bytes)
1606124718.095990 sending message 105 to peer 0x5602835a7240 (18 bytes)
1606124718.095992 sending message 105 to peer 0x5602835a7240 (26 bytes)
1606124718.095994 sending message 105 to peer 0x5602835a7240 (30 bytes)
1606124718.095996 sending message 105 to peer 0x5602835a7240 (36 bytes)
1606124718.095999 sending message 105 to peer 0x5602835a7240 (23 bytes)
1606124718.096001 sending message 105 to peer 0x5602835a7240 (39 bytes)
1606124718.096003 sending message 105 to peer 0x5602835a7240 (61 bytes)
1606124718.096005 sending message 105 to peer 0x5602835a7240 (19 bytes)
1606124718.096007 sending message 105 to peer 0x5602835a7240 (55 bytes)
1606124718.096009 sending message 105 to peer 0x5602835a7240 (77 bytes)
1606124718.096011 sending message 105 to peer 0x5602835a7240 (31 bytes)
1606124718.096014 sending message 105 to peer 0x5602835a7240 (16 bytes)
1606124718.096016 sending message 105 to peer 0x5602835a7240 (30 bytes)
1606124718.096018 sending message 105 to peer 0x5602835a7240 (61 bytes)
1606124718.096020 sending message 105 to peer 0x5602835a7240 (31 bytes)
1606124718.096022 sending message 105 to peer 0x5602835a7240 (16 bytes)
1606124718.096024 sending message 105 to peer 0x5602835a7240 (43 bytes)
1606124718.096026 sending message 105 to peer 0x5602835a7240 (30 bytes)
1606124718.096028 sending message 105 to peer 0x5602835a7240 (16 bytes)
1606124718.096031 sending message 105 to peer 0x5602835a7240 (26 bytes)
1606124718.096033 sending message 105 to peer 0x5602835a7240 (16 bytes)
1606124718.096035 sending message 105 to peer 0x5602835a7240 (46 bytes)
1606124718.096037 sending message 105 to peer 0x5602835a7240 (29 bytes)
1606124718.096039 sending message 105 to peer 0x5602835a7240 (16 bytes)
1606124718.096041 sending message 106 to peer 0x5602835a7240 (0 bytes)
1606124718.096043 sending message 200 to peer 0x5602835a7240 (8 bytes)
1606124718.096046 client loop enter
1606124718.337503 peer 0x5602835a7240 message 207
1606124718.337512 sending message 208 to peer 0x5602835a7240 (0 bytes)
1606124723.015532 peer 0x5602835a7240 message 201
1606124723.015549 sending message 205 to peer 0x5602835a7240 (0 bytes)
1606124723.015896 peer 0x5602835a7240 message 204
1606124723.015909 client loop exit
