水  1/15 13:14:29 2020:["s:on_text_document_did_change()", 2]
水  1/15 13:14:29 2020:["s:on_text_document_did_change()", 2]
水  1/15 13:14:29 2020:["s:send_event_queue()"]
水  1/15 13:14:30 2020:["s:on_text_document_did_close()", 2]
水  1/15 13:14:30 2020:["s:on_text_document_did_close()", 2]
水  1/15 13:14:30 2020:["s:on_exit", 7, "texlab", "exited", 143]
水  1/15 13:14:33 2020:["lsp#register_server", "server registered", "pyls"]
水  1/15 13:14:33 2020:["lsp#register_server", "server registered", "vimls"]
水  1/15 13:14:33 2020:["lsp#register_server", "server registered", "go-lang"]
水  1/15 13:14:33 2020:["lsp#register_server", "server registered", "texlab"]
水  1/15 13:14:33 2020:["vim-lsp signs enabled"]
水  1/15 13:14:33 2020:["s:on_text_document_did_open()", 1, "", "/path/g", "file:/path/to//main.tex"]
水  1/15 13:14:33 2020:["s:on_text_document_did_open()", 1, "tex", "/path/g", "file:/path/to//main.tex"]
水  1/15 13:14:33 2020:["Starting server", "texlab", ["texlab"]]
水  1/15 13:14:33 2020:[{"response": {"data": {"__data__": "vim-lsp", "lsp_id": 4, "server_name": "texlab"}, "message": "started lsp server successfully"}}]
水  1/15 13:14:33 2020:["--->", 4, "texlab", {"method": "initialize", "params": {"rootUri": "file:/path/to/", "capabilities": {"workspace": {"configuration": true, "applyEdit": true}, "textDocument": {"implementation": {"linkSupport": true}, "documentSymbol": {"symbolKind": {"valueSet": [10, 11, 12, 13, 14, 15, 16, 17, 18, 19, 20, 21, 22, 23, 24, 25, 26, 1, 2, 3, 4, 5, 6, 7, 8, 9]}, "hierarchicalDocumentSymbolSupport": false}, "semanticHighlightingCapabilities": {"semanticHighlighting": false}, "codeAction": {"codeActionLiteralSupport": {"codeActionKind": {"valueSet": ["", "quickfix", "refactor", "refactor.extract", "refactor.inline", "refactor.rewrite", "source", "source.organizeImports"]}}, "dynamicRegistration": false}, "completion": {"completionItem": {"snippetSupport": false, "documentationFormat": ["plaintext"]}, "completionItemKind": {"valueSet": [10, 11, 12, 13, 14, 15, 16, 17, 18, 19, 20, 21, 22, 23, 24, 25, 1, 2, 3, 4, 5, 6, 7, 8, 9]}}, "foldingRange": {"lineFoldingOnly": true}, "typeDefinition": {"linkSupport": true}, "typeHierarchy": false, "declaration": {"linkSupport": true}, "definition": {"linkSupport": true}}}, "rootPath": "/path/g", "processId": 54218, "trace": "off"}}]
水  1/15 13:14:33 2020:["<---", 4, "texlab", {"response": {"id": 1, "jsonrpc": "2.0", "result": {"capabilities": {"documentHighlightProvider": true, "hoverProvider": true, "documentLinkProvider": {"resolveProvider": false}, "documentFormattingProvider": true, "textDocumentSync": {"save": {"includeText": false}, "change": 1, "openClose": true}, "foldingRangeProvider": true, "documentSymbolProvider": true, "workspaceSymbolProvider": true, "renameProvider": {"prepareProvider": true}, "definitionProvider": true, "completionProvider": {"resolveProvider": true, "triggerCharacters": ["\\", "{", "}", "@", "/", " "]}, "referencesProvider": true}}}, "request": {"id": 1, "jsonrpc": "2.0", "method": "initialize", "params": {"rootUri": "file:/path/to/", "capabilities": {"workspace": {"configuration": true, "applyEdit": true}, "textDocument": {"implementation": {"linkSupport": true}, "documentSymbol": {"symbolKind": {"valueSet": [10, 11, 12, 13, 14, 15, 16, 17, 18, 19, 20, 21, 22, 23, 24, 25, 26, 1, 2, 3, 4, 5, 6, 7, 8, 9]}, "hierarchicalDocumentSymbolSupport": false}, "semanticHighlightingCapabilities": {"semanticHighlighting": false}, "codeAction": {"codeActionLiteralSupport": {"codeActionKind": {"valueSet": ["", "quickfix", "refactor", "refactor.extract", "refactor.inline", "refactor.rewrite", "source", "source.organizeImports"]}}, "dynamicRegistration": false}, "completion": {"completionItem": {"snippetSupport": false, "documentationFormat": ["plaintext"]}, "completionItemKind": {"valueSet": [10, 11, 12, 13, 14, 15, 16, 17, 18, 19, 20, 21, 22, 23, 24, 25, 1, 2, 3, 4, 5, 6, 7, 8, 9]}}, "foldingRange": {"lineFoldingOnly": true}, "typeDefinition": {"linkSupport": true}, "typeHierarchy": false, "declaration": {"linkSupport": true}, "definition": {"linkSupport": true}}}, "rootPath": "/path/g", "processId": 54218, "trace": "off"}}}]
水  1/15 13:14:33 2020:["--->", 4, "texlab", {"method": "initialized", "params": {}}]
水  1/15 13:14:33 2020:[{"response": {"data": {"__data__": "vim-lsp", "server_name": "texlab"}, "message": "configuration sent"}}]
水  1/15 13:14:33 2020:["s:update_file_content()", 1]
水  1/15 13:14:33 2020:["--->", 4, "texlab", {"method": "textDocument/didOpen", "params": {"textDocument": {"uri": "file:/path/to//main.tex", "version": 1, "languageId": "tex", "text": "main text"}}}]
水  1/15 13:14:33 2020:[{"response": {"data": {"__data__": "vim-lsp", "server_name": "texlab"}, "message": "server already started"}}]
水  1/15 13:14:33 2020:[{"response": {"data": {"__data__": "vim-lsp", "init_result": {"id": 1, "jsonrpc": "2.0", "result": {"capabilities": {"documentHighlightProvider": true, "hoverProvider": true, "documentLinkProvider": {"resolveProvider": false}, "documentFormattingProvider": true, "textDocumentSync": {"save": {"includeText": false}, "change": 1, "openClose": true}, "foldingRangeProvider": true, "documentSymbolProvider": true, "workspaceSymbolProvider": true, "renameProvider": {"prepareProvider": true}, "definitionProvider": true, "completionProvider": {"resolveProvider": true, "triggerCharacters": ["\\", "{", "}", "@", "/", " "]}, "referencesProvider": true}}}, "server_name": "texlab"}, "message": "lsp server already initialized"}}]
水  1/15 13:14:33 2020:[{"response": {"data": {"__data__": "vim-lsp", "server_name": "texlab"}, "message": "configuration sent"}}]
水  1/15 13:14:33 2020:[{"response": {"data": {"path": "file:/path/to//main.tex", "__data__": "vim-lsp", "server_name": "texlab"}, "message": "already opened"}}]
水  1/15 13:14:33 2020:[{"response": {"data": {"path": "file:/path/to//main.tex", "__data__": "vim-lsp", "server_name": "texlab"}, "message": "not dirty"}}]
水  1/15 13:14:33 2020:["--->", 4, "texlab", {"method": "textDocument/foldingRange", "on_notification": "---funcref---", "bufnr": 1, "params": {"textDocument": {"uri": "file:/path/to//main.tex"}}, "sync": 0}]
水  1/15 13:14:33 2020:[{"response": {"data": {"path": "file:/path/to//main.tex", "__data__": "vim-lsp", "filetype": "tex", "server_name": "texlab"}, "message": "textDocument/open sent"}}]
水  1/15 13:14:33 2020:[{"response": {"data": {"path": "file:/path/to//main.tex", "__data__": "vim-lsp", "server_name": "texlab"}, "message": "not dirty"}}]
水  1/15 13:14:33 2020:["<---", 4, {"method": "workspace/configuration", "jsonrpc": "2.0", "id": 0, "params": {"items": [{"section": "latex.lint"}]}}]
水  1/15 13:14:33 2020:["--->", 4, "texlab", {"id": 0, "result": [null]}]
水  1/15 13:14:33 2020:["<---", 4, "texlab", {"response": {"id": 2, "jsonrpc": "2.0", "result": [{"startLine": 121, "endCharacter": 0, "kind": "region", "startCharacter": 17, "endLine": 122}, {"startLine": 109, "endCharacter": 0, "kind": "region", "startCharacter": 16, "endLine": 139}]}, "request": {"id": 2, "jsonrpc": "2.0", "method": "textDocument/foldingRange", "params": {"textDocument": {"uri": "file:/path/to//main.tex"}}}}]
水  1/15 13:14:33 2020:["<---", 4, "texlab", {"response": {"method": "textDocument/publishDiagnostics", "jsonrpc": "2.0", "params": {"diagnostics": [{"source": "latex", "range": {"end": {"character": 0, "line": 0}, "start": {"character": 0, "line": 0}}, "message": "Rerun to get /PageLabels entry.", "severity": 2}], "uri": "file:/path/to//main.tex"}}}]
水  1/15 13:14:33 2020:["add signs", 1]