日本語メッセージ翻訳/監修: 村岡 太郎 <koron.kaoriya@gmail.com>
lsp_setup             execute
lsp_setup             execute
lsp_register_server   execute
lsp_buffer_enabled    execute
"~\tmp\test.c" 8L, 101C
lsp_setup             execute
lsp_register_server   execute
lsp_buffer_enabled    execute
lsp_buffer_enabled    execute
lsp_float_opened      execute

lsp_float_closed      execute
lsp_complete_done     execute
lsp_complete_done     execute
lsp_complete_done     execute
lsp_complete_done     execute

lsp_float_opened      execute

"test.c" 9L, 114C 書込み

---

status

clangd: running
efm-langserver: running
vim-language-server: not running

---

code

[[plugins]]
repo = 'prabirshrestha/asyncomplete-lsp.vim'
depends = ['vim-lsp', 'asyncomplete.vim']
hook_source = '''
  if 0
    autocmd User lsp_server_init       echomsg "lsp_server_init       execute"
    autocmd User lsp_setup             echomsg "lsp_setup             execute"
    autocmd User lsp_register_server   echomsg "lsp_register_server   execute"
    autocmd User lsp_unregister_server echomsg "lsp_unregister_server execute"
    autocmd User lsp_server_init       echomsg "lsp_server_init       execute"
    autocmd User lsp_server_exit       echomsg "lsp_server_exit       execute"
    autocmd User lsp_complete_done     echomsg "lsp_complete_done     execute"
    autocmd User lsp_float_opened      echomsg "lsp_float_opened      execute"
    autocmd User lsp_float_closed      echomsg "lsp_float_closed      execute"
    autocmd User lsp_buffer_enabled    echomsg "lsp_buffer_enabled    execute"
  endif
'''
