2020年08月16日 13時22分34秒:["lsp#register_server", "server registered", "efm-langserver"]
2020年08月16日 13時22分34秒:["lsp#register_server", "server already registered", "efm-langserver"]
2020年08月16日 13時22分34秒:["lsp#register_server", "server registered", "efm-langserver"]
2020年08月16日 13時22分34秒:["vim-lsp signs enabled"]
2020年08月16日 13時22分34秒:["vim-lsp highlighting enabled"]
2020年08月16日 13時22分34秒:["s:on_text_document_did_open()", 1, "ruby", "/home/akai/Projects/XXX/backend/app/models", "file:///home/akai/Projects/XXX/backend/app/models/user.rb"]
2020年08月16日 13時22分34秒:["Starting server", "efm-langserver", ["/home/akai/.local/share/vim-lsp-settings/servers/efm-langserver/efm-langserver"]]
2020年08月16日 13時22分34秒:[{"response": {"data": {"__data__": "vim-lsp", "lsp_id": 3, "server_name": "efm-langserver"}, "message": "started lsp server successfully"}}]
2020年08月16日 13時22分34秒:["--->", 3, "efm-langserver", {"method": "initialize", "params": {"rootUri": "file:///home/akai/Projects/XXX", "initializationOptions": null, "capabilities": {"workspace": {"configuration": true, "applyEdit": true}, "textDocument": {"implementation": {"linkSupport": true}, "documentSymbol": {"symbolKind": {"valueSet": [10, 11, 12, 13, 14, 15, 16, 17, 18, 19, 20, 21, 22, 23, 24, 25, 26, 1, 2, 3, 4, 5, 6, 7, 8, 9]}, "hierarchicalDocumentSymbolSupport": false}, "semanticHighlightingCapabilities": {"semanticHighlighting": false}, "codeAction": {"codeActionLiteralSupport": {"codeActionKind": {"valueSet": ["", "quickfix", "refactor", "refactor.extract", "refactor.inline", "refactor.rewrite", "source", "source.organizeImports"]}}, "dynamicRegistration": false}, "completion": {"completionItem": {"snippetSupport": false, "documentationFormat": ["plaintext"]}, "completionItemKind": {"valueSet": [10, 11, 12, 13, 14, 15, 16, 17, 18, 19, 20, 21, 22, 23, 24, 25, 1, 2, 3, 4, 5, 6, 7, 8, 9]}}, "foldingRange": {"lineFoldingOnly": true}, "typeDefinition": {"linkSupport": true}, "typeHierarchy": false, "declaration": {"linkSupport": true}, "definition": {"linkSupport": true}}}, "rootPath": "/home/akai/Projects/XXX", "processId": 13608, "trace": "off"}}]
2020年08月16日 13時22分34秒:["<---", 3, "efm-langserver", {"response": {"id": 1, "result": {"capabilities": {"hoverProvider": true, "documentFormattingProvider": true, "workspace": {"workspaceFolders": {"changeNotifications": true, "supported": true}}, "codeActionProvider": true, "textDocumentSync": 1}}, "jsonrpc": "2.0"}, "request": {"id": 1, "jsonrpc": "2.0", "method": "initialize", "params": {"rootUri": "file:///home/akai/Projects/XXX", "initializationOptions": null, "capabilities": {"workspace": {"configuration": true, "applyEdit": true}, "textDocument": {"implementation": {"linkSupport": true}, "documentSymbol": {"symbolKind": {"valueSet": [10, 11, 12, 13, 14, 15, 16, 17, 18, 19, 20, 21, 22, 23, 24, 25, 26, 1, 2, 3, 4, 5, 6, 7, 8, 9]}, "hierarchicalDocumentSymbolSupport": false}, "semanticHighlightingCapabilities": {"semanticHighlighting": false}, "codeAction": {"codeActionLiteralSupport": {"codeActionKind": {"valueSet": ["", "quickfix", "refactor", "refactor.extract", "refactor.inline", "refactor.rewrite", "source", "source.organizeImports"]}}, "dynamicRegistration": false}, "completion": {"completionItem": {"snippetSupport": false, "documentationFormat": ["plaintext"]}, "completionItemKind": {"valueSet": [10, 11, 12, 13, 14, 15, 16, 17, 18, 19, 20, 21, 22, 23, 24, 25, 1, 2, 3, 4, 5, 6, 7, 8, 9]}}, "foldingRange": {"lineFoldingOnly": true}, "typeDefinition": {"linkSupport": true}, "typeHierarchy": false, "declaration": {"linkSupport": true}, "definition": {"linkSupport": true}}}, "rootPath": "/home/akai/Projects/XXX", "processId": 13608, "trace": "off"}}}]
2020年08月16日 13時22分34秒:["--->", 3, "efm-langserver", {"method": "initialized", "params": {}}]
2020年08月16日 13時22分34秒:["--->", 3, "efm-langserver", {"method": "workspace/didChangeConfiguration", "params": {"settings": {}}}]
2020年08月16日 13時22分34秒:[{"response": {"data": {"__data__": "vim-lsp", "server_name": "efm-langserver"}, "message": "configuration sent"}}]
2020年08月16日 13時22分34秒:["s:update_file_content()", 1]
2020年08月16日 13時22分34秒:["--->", 3, "efm-langserver", {"method": "textDocument/didOpen", "params": {"textDocument": {"uri": "file:///home/akai/Projects/XXX/backend/app/models/user.rb", "version": 1, "languageId": "ruby", "text": "XXXXXXX:XXXXXXXXXXX:XXXXXXXXXXXx:XXXXX:XXXXXX\n"}}}]
2020年08月16日 13時22分34秒:[{"response": {"data": {"path": "file:///home/akai/Projects/XXX/backend/app/models/user.rb", "__data__": "vim-lsp", "filetype": "ruby", "server_name": "efm-langserver"}, "message": "textDocument/open sent"}}]
2020年08月16日 13時22分34秒:[{"response": {"data": {"path": "file:///home/akai/Projects/XXX/backend/app/models/user.rb", "__data__": "vim-lsp", "server_name": "efm-langserver"}, "message": "not dirty"}}]
2020年08月16日 13時22分34秒:["<---(stderr)", 3, "efm-langserver", ["2020/08/16 13:22:34 efm-langserver: reading on stdin, writing on stdout", ""]]
2020年08月16日 13時22分34秒:["<---", 3, "efm-langserver", {"response": {"method": "textDocument/publishDiagnostics", "jsonrpc": "2.0", "params": {"uri": "file:///home/akai/Projects/XXX/backend/app/models/user.rb", "diagnostics": [], "version": 1}}}]
2020年08月16日 13時23分00秒:["s:on_text_document_did_change()", 1]
2020年08月16日 13時23分00秒:["s:send_didchange_queue() will be triggered"]
2020年08月16日 13時23分03秒:["s:on_text_document_did_save()", 1]
2020年08月16日 13時23分03秒:[{"response": {"data": {"__data__": "vim-lsp", "server_name": "efm-langserver"}, "message": "server already started"}}]
2020年08月16日 13時23分03秒:[{"response": {"data": {"__data__": "vim-lsp", "init_result": {"id": 1, "result": {"capabilities": {"hoverProvider": true, "documentFormattingProvider": true, "workspace": {"workspaceFolders": {"changeNotifications": true, "supported": true}}, "codeActionProvider": true, "textDocumentSync": 1}}, "jsonrpc": "2.0"}, "server_name": "efm-langserver"}, "message": "lsp server already initialized"}}]
2020年08月16日 13時23分03秒:["--->", 3, "efm-langserver", {"method": "workspace/didChangeConfiguration", "params": {"settings": {}}}]
2020年08月16日 13時23分03秒:[{"response": {"data": {"__data__": "vim-lsp", "server_name": "efm-langserver"}, "message": "configuration sent"}}]
2020年08月16日 13時23分03秒:[{"response": {"data": {"path": "file:///home/akai/Projects/XXX/backend/app/models/user.rb", "__data__": "vim-lsp", "server_name": "efm-langserver"}, "message": "already opened"}}]
2020年08月16日 13時23分03秒:["s:update_file_content()", 1]
2020年08月16日 13時23分03秒:["--->", 3, "efm-langserver", {"method": "textDocument/didChange", "params": {"contentChanges": [{"text": "XXXXXXX:XXXXXXXXXXX:XXXXXXXXXXXx:XXXXX:XXXXXX\nif\n"}], "textDocument": {"uri": "file:///home/akai/Projects/XXX/backend/app/models/user.rb", "version": 2}}}]
2020年08月16日 13時23分03秒:[{"response": {"data": {"path": "file:///home/akai/Projects/XXX/backend/app/models/user.rb", "__data__": "vim-lsp", "server_name": "efm-langserver"}, "message": "textDocument/didChange sent"}}]
2020年08月16日 13時23分03秒:["s:update_file_content()", 1]
2020年08月16日 13時23分03秒:["--->", 3, "efm-langserver", {"method": "textDocument/didSave", "params": {"textDocument": {"uri": "file:///home/akai/Projects/XXX/backend/app/models/user.rb"}}}]
2020年08月16日 13時23分03秒:[{"response": {"data": {"path": "file:///home/akai/Projects/XXX/backend/app/models/user.rb", "__data__": "vim-lsp", "server_name": "efm-langserver"}, "message": "textDocument/didSave sent"}}]
2020年08月16日 13時23分03秒:["<---", 3, "efm-langserver", {"response": {"method": "textDocument/publishDiagnostics", "jsonrpc": "2.0", "params": {"uri": "file:///home/akai/Projects/XXX/backend/app/models/user.rb", "diagnostics": [], "version": 2}}}]
2020年08月16日 13時23分03秒:["<---", 3, "efm-langserver", {"response": {"method": "textDocument/publishDiagnostics", "jsonrpc": "2.0", "params": {"uri": "file:///home/akai/Projects/XXX/backend/app/models/user.rb", "diagnostics": [], "version": 2}}}]
2020年08月16日 13時23分04秒:["s:send_event_queue()"]
2020年08月16日 13時23分04秒:[{"response": {"data": {"__data__": "vim-lsp", "server_name": "efm-langserver"}, "message": "server already started"}}]
2020年08月16日 13時23分04秒:[{"response": {"data": {"__data__": "vim-lsp", "init_result": {"id": 1, "result": {"capabilities": {"hoverProvider": true, "documentFormattingProvider": true, "workspace": {"workspaceFolders": {"changeNotifications": true, "supported": true}}, "codeActionProvider": true, "textDocumentSync": 1}}, "jsonrpc": "2.0"}, "server_name": "efm-langserver"}, "message": "lsp server already initialized"}}]
2020年08月16日 13時23分04秒:["--->", 3, "efm-langserver", {"method": "workspace/didChangeConfiguration", "params": {"settings": {}}}]
2020年08月16日 13時23分04秒:[{"response": {"data": {"__data__": "vim-lsp", "server_name": "efm-langserver"}, "message": "configuration sent"}}]
2020年08月16日 13時23分04秒:[{"response": {"data": {"path": "file:///home/akai/Projects/XXX/backend/app/models/user.rb", "__data__": "vim-lsp", "server_name": "efm-langserver"}, "message": "already opened"}}]
2020年08月16日 13時23分04秒:[{"response": {"data": {"path": "file:///home/akai/Projects/XXX/backend/app/models/user.rb", "__data__": "vim-lsp", "server_name": "efm-langserver"}, "message": "not dirty"}}]

