fern#internal#viewer:init [enter] 
| fern#helper:helper.async.expand_node [enter] 
| | fern#internal#node#expand [enter] 
| | | fern#internal#node#children [enter] 
| | | | fern#scheme#file#provider:provider_get_children [enter] 
| | | | | fern#scheme#file#provider:children_vim_readdir [enter] 
| | | | | fern#scheme#file#provider:children_vim_readdir [leave] 0.026197 [0.026197]
| | | | fern#scheme#file#provider:provider_get_children [leave] 0.080686 [0.080686]
| | | fern#internal#node#children [leave] 0.145289 [0.145289]
| | | fern#internal#node#expand [children] 0.169804 [0.169804]
| | | fern#internal#node#expand [sort] 0.031108 [0.200912]
| | | fern#internal#node#expand [extend] 0.031090 [0.232003]
| | fern#internal#node#expand [leave] 0.037691 [0.269694]
| | fern#helper:helper.async.update_nodes [enter] 
| | | fern#internal#core#update_nodes [enter] 
| | | | fern#internal#core#update_nodes [hidden] 0.031470 [0.031470]
| | | | fern#internal#core#update_nodes [include] 0.037506 [0.068976]
| | | | fern#internal#core#update_nodes [exclude] 0.031236 [0.100212]
| | | | fern#internal#core#update_nodes [let] 0.031767 [0.131979]
| | | | fern#internal#core#update_marks [enter] 
| | | | | fern#internal#core#update_marks [resolve] 0.015395 [0.015395]
| | | | | fern#internal#core#update_marks [key] 0.031353 [0.046748]
| | | | | fern#internal#core#update_marks [filter] 0.031419 [0.078167]
| | | | fern#internal#core#update_marks [leave] 0.037557 [0.115724]
| | | fern#internal#core#update_nodes [leave] 0.190679 [0.322658]
| | fern#helper:helper.async.update_nodes [leave] 0.384088 [0.384088]
| fern#helper:helper.async.expand_node [leave] 0.719249 [0.719249]
| fern#internal#viewer:init [expand] 0.761535 [0.761535]
| fern#helper:helper.async.reveal_node [enter] 
| | fern#helper:helper.async.update_nodes [enter] 
| | | fern#internal#core#update_nodes [enter] 
| | | | fern#internal#core#update_nodes [hidden] 0.031079 [0.031079]
| | | | fern#internal#core#update_nodes [include] 0.038330 [0.069408]
| | | | fern#internal#core#update_nodes [exclude] 0.031331 [0.100740]
| | | | fern#internal#core#update_nodes [let] 0.030946 [0.131686]
| | | | fern#internal#core#update_marks [enter] 
| | | | | fern#internal#core#update_marks [resolve] 0.015364 [0.015364]
| | | | | fern#internal#core#update_marks [key] 0.031396 [0.046760]
| | | | | fern#internal#core#update_marks [filter] 0.030939 [0.077698]
| | | | fern#internal#core#update_marks [leave] 0.038423 [0.116121]
| | | fern#internal#core#update_nodes [leave] 0.170048 [0.301734]
| | fern#helper:helper.async.update_nodes [leave] 0.370377 [0.370377]
| fern#helper:helper.async.reveal_node [leave] 0.432989 [0.432989]
| fern#internal#viewer:init [reveal] 0.487084 [1.248619]
| fern#helper:helper.async.redraw [enter] 
| | fern#renderer#default#s:render [enter] 
| | fern#renderer#default#s:render [leave] 0.031360 [0.031360]
| fern#helper:helper.async.redraw [leave] 0.100602 [0.100602]
| fern#internal#viewer:init [redraw] 0.153662 [1.402281]
fern#internal#viewer:init [leave] 0.031184 [1.433465]
